{"meta": {"format": 3, "version": "7.8.2", "timestamp": "2025-08-31T03:10:58.606667", "branch_coverage": false, "show_contexts": false}, "files": {"app/__init__.py": {"executed_lines": [0], "summary": {"covered_lines": 0, "num_statements": 0, "percent_covered": 100.0, "percent_covered_display": "100", "missing_lines": 0, "excluded_lines": 0}, "missing_lines": [], "excluded_lines": [], "functions": {"": {"executed_lines": [], "summary": {"covered_lines": 0, "num_statements": 0, "percent_covered": 100.0, "percent_covered_display": "100", "missing_lines": 0, "excluded_lines": 0}, "missing_lines": [], "excluded_lines": []}}, "classes": {"": {"executed_lines": [], "summary": {"covered_lines": 0, "num_statements": 0, "percent_covered": 100.0, "percent_covered_display": "100", "missing_lines": 0, "excluded_lines": 0}, "missing_lines": [], "excluded_lines": []}}}, "app/api/__init__.py": {"executed_lines": [0], "summary": {"covered_lines": 0, "num_statements": 0, "percent_covered": 100.0, "percent_covered_display": "100", "missing_lines": 0, "excluded_lines": 0}, "missing_lines": [], "excluded_lines": [], "functions": {"": {"executed_lines": [], "summary": {"covered_lines": 0, "num_statements": 0, "percent_covered": 100.0, "percent_covered_display": "100", "missing_lines": 0, "excluded_lines": 0}, "missing_lines": [], "excluded_lines": []}}, "classes": {"": {"executed_lines": [], "summary": {"covered_lines": 0, "num_statements": 0, "percent_covered": 100.0, "percent_covered_display": "100", "missing_lines": 0, "excluded_lines": 0}, "missing_lines": [], "excluded_lines": []}}}, "app/api/v1/__init__.py": {"executed_lines": [0], "summary": {"covered_lines": 0, "num_statements": 0, "percent_covered": 100.0, "percent_covered_display": "100", "missing_lines": 0, "excluded_lines": 0}, "missing_lines": [], "excluded_lines": [], "functions": {"": {"executed_lines": [], "summary": {"covered_lines": 0, "num_statements": 0, "percent_covered": 100.0, "percent_covered_display": "100", "missing_lines": 0, "excluded_lines": 0}, "missing_lines": [], "excluded_lines": []}}, "classes": {"": {"executed_lines": [], "summary": {"covered_lines": 0, "num_statements": 0, "percent_covered": 100.0, "percent_covered_display": "100", "missing_lines": 0, "excluded_lines": 0}, "missing_lines": [], "excluded_lines": []}}}, "app/api/v1/ai.py": {"executed_lines": [1, 5, 6, 7, 9, 10, 20, 22, 23, 25, 28, 29, 54, 55, 94, 95, 141, 142, 208, 209, 254, 255], "summary": {"covered_lines": 21, "num_statements": 63, "percent_covered": 33.333333333333336, "percent_covered_display": "33", "missing_lines": 42, "excluded_lines": 0}, "missing_lines": [33, 35, 46, 47, 48, 63, 64, 67, 72, 86, 87, 88, 103, 104, 107, 126, 133, 134, 135, 151, 152, 155, 182, 184, 200, 201, 202, 217, 218, 221, 239, 246, 247, 248, 263, 265, 301, 302, 304, 310, 311, 312], "excluded_lines": [], "functions": {"ai_health_check": {"executed_lines": [], "summary": {"covered_lines": 0, "num_statements": 5, "percent_covered": 0.0, "percent_covered_display": "0", "missing_lines": 5, "excluded_lines": 0}, "missing_lines": [33, 35, 46, 47, 48], "excluded_lines": []}, "analyze_contract": {"executed_lines": [], "summary": {"covered_lines": 0, "num_statements": 7, "percent_covered": 0.0, "percent_covered_display": "0", "missing_lines": 7, "excluded_lines": 0}, "missing_lines": [63, 64, 67, 72, 86, 87, 88], "excluded_lines": []}, "recommend_template": {"executed_lines": [], "summary": {"covered_lines": 0, "num_statements": 7, "percent_covered": 0.0, "percent_covered_display": "0", "missing_lines": 7, "excluded_lines": 0}, "missing_lines": [103, 104, 107, 126, 133, 134, 135], "excluded_lines": []}, "assess_contract_risk": {"executed_lines": [], "summary": {"covered_lines": 0, "num_statements": 8, "percent_covered": 0.0, "percent_covered_display": "0", "missing_lines": 8, "excluded_lines": 0}, "missing_lines": [151, 152, 155, 182, 184, 200, 201, 202], "excluded_lines": []}, "generate_additional_clauses": {"executed_lines": [], "summary": {"covered_lines": 0, "num_statements": 7, "percent_covered": 0.0, "percent_covered_display": "0", "missing_lines": 7, "excluded_lines": 0}, "missing_lines": [217, 218, 221, 239, 246, 247, 248], "excluded_lines": []}, "list_available_templates": {"executed_lines": [], "summary": {"covered_lines": 0, "num_statements": 8, "percent_covered": 0.0, "percent_covered_display": "0", "missing_lines": 8, "excluded_lines": 0}, "missing_lines": [263, 265, 301, 302, 304, 310, 311, 312], "excluded_lines": []}, "": {"executed_lines": [1, 5, 6, 7, 9, 10, 20, 22, 23, 25, 28, 29, 54, 55, 94, 95, 141, 142, 208, 209, 254, 255], "summary": {"covered_lines": 21, "num_statements": 21, "percent_covered": 100.0, "percent_covered_display": "100", "missing_lines": 0, "excluded_lines": 0}, "missing_lines": [], "excluded_lines": []}}, "classes": {"": {"executed_lines": [1, 5, 6, 7, 9, 10, 20, 22, 23, 25, 28, 29, 54, 55, 94, 95, 141, 142, 208, 209, 254, 255], "summary": {"covered_lines": 21, "num_statements": 63, "percent_covered": 33.333333333333336, "percent_covered_display": "33", "missing_lines": 42, "excluded_lines": 0}, "missing_lines": [33, 35, 46, 47, 48, 63, 64, 67, 72, 86, 87, 88, 103, 104, 107, 126, 133, 134, 135, 151, 152, 155, 182, 184, 200, 201, 202, 217, 218, 221, 239, 246, 247, 248, 263, 265, 301, 302, 304, 310, 311, 312], "excluded_lines": []}}}, "app/api/v1/analytics.py": {"executed_lines": [1, 5, 6, 7, 8, 9, 10, 12, 13, 14, 15, 19, 25, 27, 30, 31, 128, 129, 192, 193, 234, 235, 326, 327, 398, 399, 439, 440], "summary": {"covered_lines": 27, "num_statements": 136, "percent_covered": 19.852941176470587, "percent_covered_display": "20", "missing_lines": 109, "excluded_lines": 0}, "missing_lines": [38, 43, 49, 55, 61, 68, 77, 78, 81, 87, 93, 94, 95, 97, 102, 108, 109, 110, 112, 136, 138, 139, 144, 145, 151, 154, 158, 161, 172, 182, 200, 210, 212, 213, 215, 222, 231, 244, 245, 247, 249, 250, 251, 252, 254, 256, 264, 265, 266, 267, 268, 270, 272, 283, 289, 290, 291, 298, 299, 302, 303, 305, 306, 307, 308, 310, 311, 312, 313, 315, 334, 345, 350, 356, 362, 363, 370, 371, 372, 373, 374, 375, 378, 384, 406, 407, 408, 409, 410, 411, 414, 415, 416, 417, 418, 421, 422, 423, 424, 425, 427, 447, 460, 461, 462, 465, 468, 476, 483], "excluded_lines": [], "functions": {"get_business_metrics": {"executed_lines": [], "summary": {"covered_lines": 0, "num_statements": 19, "percent_covered": 0.0, "percent_covered_display": "0", "missing_lines": 19, "excluded_lines": 0}, "missing_lines": [38, 43, 49, 55, 61, 68, 77, 78, 81, 87, 93, 94, 95, 97, 102, 108, 109, 110, 112], "excluded_lines": []}, "get_user_metrics": {"executed_lines": [], "summary": {"covered_lines": 0, "num_statements": 11, "percent_covered": 0.0, "percent_covered_display": "0", "missing_lines": 11, "excluded_lines": 0}, "missing_lines": [136, 138, 139, 144, 145, 151, 154, 158, 161, 172, 182], "excluded_lines": []}, "get_contract_type_metrics": {"executed_lines": [], "summary": {"covered_lines": 0, "num_statements": 7, "percent_covered": 0.0, "percent_covered_display": "0", "missing_lines": 7, "excluded_lines": 0}, "missing_lines": [200, 210, 212, 213, 215, 222, 231], "excluded_lines": []}, "get_time_series_metrics": {"executed_lines": [], "summary": {"covered_lines": 0, "num_statements": 33, "percent_covered": 0.0, "percent_covered_display": "0", "missing_lines": 33, "excluded_lines": 0}, "missing_lines": [244, 245, 247, 249, 250, 251, 252, 254, 256, 264, 265, 266, 267, 268, 270, 272, 283, 289, 290, 291, 298, 299, 302, 303, 305, 306, 307, 308, 310, 311, 312, 313, 315], "excluded_lines": []}, "get_compliance_metrics": {"executed_lines": [], "summary": {"covered_lines": 0, "num_statements": 14, "percent_covered": 0.0, "percent_covered_display": "0", "missing_lines": 14, "excluded_lines": 0}, "missing_lines": [334, 345, 350, 356, 362, 363, 370, 371, 372, 373, 374, 375, 378, 384], "excluded_lines": []}, "get_system_health": {"executed_lines": [], "summary": {"covered_lines": 0, "num_statements": 17, "percent_covered": 0.0, "percent_covered_display": "0", "missing_lines": 17, "excluded_lines": 0}, "missing_lines": [406, 407, 408, 409, 410, 411, 414, 415, 416, 417, 418, 421, 422, 423, 424, 425, 427], "excluded_lines": []}, "get_performance_metrics": {"executed_lines": [], "summary": {"covered_lines": 0, "num_statements": 8, "percent_covered": 0.0, "percent_covered_display": "0", "missing_lines": 8, "excluded_lines": 0}, "missing_lines": [447, 460, 461, 462, 465, 468, 476, 483], "excluded_lines": []}, "": {"executed_lines": [1, 5, 6, 7, 8, 9, 10, 12, 13, 14, 15, 19, 25, 27, 30, 31, 128, 129, 192, 193, 234, 235, 326, 327, 398, 399, 439, 440], "summary": {"covered_lines": 27, "num_statements": 27, "percent_covered": 100.0, "percent_covered_display": "100", "missing_lines": 0, "excluded_lines": 0}, "missing_lines": [], "excluded_lines": []}}, "classes": {"": {"executed_lines": [1, 5, 6, 7, 8, 9, 10, 12, 13, 14, 15, 19, 25, 27, 30, 31, 128, 129, 192, 193, 234, 235, 326, 327, 398, 399, 439, 440], "summary": {"covered_lines": 27, "num_statements": 136, "percent_covered": 19.852941176470587, "percent_covered_display": "20", "missing_lines": 109, "excluded_lines": 0}, "missing_lines": [38, 43, 49, 55, 61, 68, 77, 78, 81, 87, 93, 94, 95, 97, 102, 108, 109, 110, 112, 136, 138, 139, 144, 145, 151, 154, 158, 161, 172, 182, 200, 210, 212, 213, 215, 222, 231, 244, 245, 247, 249, 250, 251, 252, 254, 256, 264, 265, 266, 267, 268, 270, 272, 283, 289, 290, 291, 298, 299, 302, 303, 305, 306, 307, 308, 310, 311, 312, 313, 315, 334, 345, 350, 356, 362, 363, 370, 371, 372, 373, 374, 375, 378, 384, 406, 407, 408, 409, 410, 411, 414, 415, 416, 417, 418, 421, 422, 423, 424, 425, 427, 447, 460, 461, 462, 465, 468, 476, 483], "excluded_lines": []}}}, "app/api/v1/api.py": {"executed_lines": [1, 5, 7, 8, 9, 10, 11, 12, 13, 16, 19, 20, 21, 22, 23, 24, 25], "summary": {"covered_lines": 16, "num_statements": 16, "percent_covered": 100.0, "percent_covered_display": "100", "missing_lines": 0, "excluded_lines": 0}, "missing_lines": [], "excluded_lines": [], "functions": {"": {"executed_lines": [1, 5, 7, 8, 9, 10, 11, 12, 13, 16, 19, 20, 21, 22, 23, 24, 25], "summary": {"covered_lines": 16, "num_statements": 16, "percent_covered": 100.0, "percent_covered_display": "100", "missing_lines": 0, "excluded_lines": 0}, "missing_lines": [], "excluded_lines": []}}, "classes": {"": {"executed_lines": [1, 5, 7, 8, 9, 10, 11, 12, 13, 16, 19, 20, 21, 22, 23, 24, 25], "summary": {"covered_lines": 16, "num_statements": 16, "percent_covered": 100.0, "percent_covered_display": "100", "missing_lines": 0, "excluded_lines": 0}, "missing_lines": [], "excluded_lines": []}}}, "app/api/v1/auth.py": {"executed_lines": [1, 5, 6, 7, 8, 9, 10, 12, 13, 20, 21, 22, 23, 29, 32, 33, 91, 92, 145, 146, 153, 154, 176, 177, 199, 200, 226, 227, 257, 258, 265, 266], "summary": {"covered_lines": 31, "num_statements": 109, "percent_covered": 28.440366972477065, "percent_covered_display": "28", "missing_lines": 78, "excluded_lines": 0}, "missing_lines": [40, 41, 42, 48, 49, 50, 55, 56, 59, 60, 69, 70, 71, 74, 75, 81, 82, 84, 99, 100, 101, 108, 109, 116, 117, 123, 124, 125, 128, 129, 135, 136, 138, 150, 162, 163, 164, 165, 166, 167, 169, 170, 171, 173, 185, 186, 192, 193, 194, 196, 207, 208, 210, 213, 217, 218, 223, 234, 235, 236, 242, 243, 244, 250, 251, 252, 254, 262, 274, 275, 281, 289, 290, 293, 294, 296, 297, 299], "excluded_lines": [], "functions": {"register_user": {"executed_lines": [], "summary": {"covered_lines": 0, "num_statements": 18, "percent_covered": 0.0, "percent_covered_display": "0", "missing_lines": 18, "excluded_lines": 0}, "missing_lines": [40, 41, 42, 48, 49, 50, 55, 56, 59, 60, 69, 70, 71, 74, 75, 81, 82, 84], "excluded_lines": []}, "login_user": {"executed_lines": [], "summary": {"covered_lines": 0, "num_statements": 15, "percent_covered": 0.0, "percent_covered_display": "0", "missing_lines": 15, "excluded_lines": 0}, "missing_lines": [99, 100, 101, 108, 109, 116, 117, 123, 124, 125, 128, 129, 135, 136, 138], "excluded_lines": []}, "get_current_user_profile": {"executed_lines": [], "summary": {"covered_lines": 0, "num_statements": 1, "percent_covered": 0.0, "percent_covered_display": "0", "missing_lines": 1, "excluded_lines": 0}, "missing_lines": [150], "excluded_lines": []}, "update_user_profile": {"executed_lines": [], "summary": {"covered_lines": 0, "num_statements": 10, "percent_covered": 0.0, "percent_covered_display": "0", "missing_lines": 10, "excluded_lines": 0}, "missing_lines": [162, 163, 164, 165, 166, 167, 169, 170, 171, 173], "excluded_lines": []}, "change_password": {"executed_lines": [], "summary": {"covered_lines": 0, "num_statements": 6, "percent_covered": 0.0, "percent_covered_display": "0", "missing_lines": 6, "excluded_lines": 0}, "missing_lines": [185, 186, 192, 193, 194, 196], "excluded_lines": []}, "forgot_password": {"executed_lines": [], "summary": {"covered_lines": 0, "num_statements": 7, "percent_covered": 0.0, "percent_covered_display": "0", "missing_lines": 7, "excluded_lines": 0}, "missing_lines": [207, 208, 210, 213, 217, 218, 223], "excluded_lines": []}, "reset_password": {"executed_lines": [], "summary": {"covered_lines": 0, "num_statements": 10, "percent_covered": 0.0, "percent_covered_display": "0", "missing_lines": 10, "excluded_lines": 0}, "missing_lines": [234, 235, 236, 242, 243, 244, 250, 251, 252, 254], "excluded_lines": []}, "get_user_company": {"executed_lines": [], "summary": {"covered_lines": 0, "num_statements": 1, "percent_covered": 0.0, "percent_covered_display": "0", "missing_lines": 1, "excluded_lines": 0}, "missing_lines": [262], "excluded_lines": []}, "create_company": {"executed_lines": [], "summary": {"covered_lines": 0, "num_statements": 10, "percent_covered": 0.0, "percent_covered_display": "0", "missing_lines": 10, "excluded_lines": 0}, "missing_lines": [274, 275, 281, 289, 290, 293, 294, 296, 297, 299], "excluded_lines": []}, "": {"executed_lines": [1, 5, 6, 7, 8, 9, 10, 12, 13, 20, 21, 22, 23, 29, 32, 33, 91, 92, 145, 146, 153, 154, 176, 177, 199, 200, 226, 227, 257, 258, 265, 266], "summary": {"covered_lines": 31, "num_statements": 31, "percent_covered": 100.0, "percent_covered_display": "100", "missing_lines": 0, "excluded_lines": 0}, "missing_lines": [], "excluded_lines": []}}, "classes": {"": {"executed_lines": [1, 5, 6, 7, 8, 9, 10, 12, 13, 20, 21, 22, 23, 29, 32, 33, 91, 92, 145, 146, 153, 154, 176, 177, 199, 200, 226, 227, 257, 258, 265, 266], "summary": {"covered_lines": 31, "num_statements": 109, "percent_covered": 28.440366972477065, "percent_covered_display": "28", "missing_lines": 78, "excluded_lines": 0}, "missing_lines": [40, 41, 42, 48, 49, 50, 55, 56, 59, 60, 69, 70, 71, 74, 75, 81, 82, 84, 99, 100, 101, 108, 109, 116, 117, 123, 124, 125, 128, 129, 135, 136, 138, 150, 162, 163, 164, 165, 166, 167, 169, 170, 171, 173, 185, 186, 192, 193, 194, 196, 207, 208, 210, 213, 217, 218, 223, 234, 235, 236, 242, 243, 244, 250, 251, 252, 254, 262, 274, 275, 281, 289, 290, 293, 294, 296, 297, 299], "excluded_lines": []}}}, "app/api/v1/contracts.py": {"executed_lines": [1, 5, 6, 7, 8, 9, 10, 11, 13, 14, 15, 16, 20, 26, 30, 33, 34, 100, 101, 161, 162, 182, 183, 261, 262, 299, 300, 389, 390, 480, 481, 505, 506], "summary": {"covered_lines": 32, "num_statements": 174, "percent_covered": 18.39080459770115, "percent_covered_display": "18", "missing_lines": 142, "excluded_lines": 0}, "missing_lines": [41, 42, 48, 49, 50, 51, 52, 58, 77, 78, 79, 82, 94, 95, 97, 112, 113, 119, 125, 126, 128, 129, 131, 132, 133, 143, 146, 147, 150, 152, 169, 170, 171, 177, 179, 191, 192, 193, 199, 202, 211, 212, 213, 214, 215, 216, 217, 218, 219, 220, 221, 222, 223, 224, 225, 226, 227, 228, 229, 230, 232, 234, 235, 238, 246, 255, 256, 258, 269, 270, 271, 277, 280, 281, 283, 286, 295, 296, 308, 309, 310, 316, 319, 320, 323, 324, 327, 338, 340, 343, 353, 354, 357, 358, 359, 361, 362, 365, 376, 377, 379, 381, 382, 383, 398, 399, 400, 406, 409, 410, 411, 417, 418, 422, 423, 426, 432, 434, 437, 451, 452, 453, 456, 467, 468, 470, 472, 473, 474, 488, 489, 490, 496, 498, 502, 513, 515, 516, 518, 519, 521, 523], "excluded_lines": [], "functions": {"create_contract": {"executed_lines": [], "summary": {"covered_lines": 0, "num_statements": 15, "percent_covered": 0.0, "percent_covered_display": "0", "missing_lines": 15, "excluded_lines": 0}, "missing_lines": [41, 42, 48, 49, 50, 51, 52, 58, 77, 78, 79, 82, 94, 95, 97], "excluded_lines": []}, "list_contracts": {"executed_lines": [], "summary": {"covered_lines": 0, "num_statements": 15, "percent_covered": 0.0, "percent_covered_display": "0", "missing_lines": 15, "excluded_lines": 0}, "missing_lines": [112, 113, 119, 125, 126, 128, 129, 131, 132, 133, 143, 146, 147, 150, 152], "excluded_lines": []}, "get_contract": {"executed_lines": [], "summary": {"covered_lines": 0, "num_statements": 5, "percent_covered": 0.0, "percent_covered_display": "0", "missing_lines": 5, "excluded_lines": 0}, "missing_lines": [169, 170, 171, 177, 179], "excluded_lines": []}, "update_contract": {"executed_lines": [], "summary": {"covered_lines": 0, "num_statements": 33, "percent_covered": 0.0, "percent_covered_display": "0", "missing_lines": 33, "excluded_lines": 0}, "missing_lines": [191, 192, 193, 199, 202, 211, 212, 213, 214, 215, 216, 217, 218, 219, 220, 221, 222, 223, 224, 225, 226, 227, 228, 229, 230, 232, 234, 235, 238, 246, 255, 256, 258], "excluded_lines": []}, "delete_contract": {"executed_lines": [], "summary": {"covered_lines": 0, "num_statements": 10, "percent_covered": 0.0, "percent_covered_display": "0", "missing_lines": 10, "excluded_lines": 0}, "missing_lines": [269, 270, 271, 277, 280, 281, 283, 286, 295, 296], "excluded_lines": []}, "generate_contract_content": {"executed_lines": [], "summary": {"covered_lines": 0, "num_statements": 26, "percent_covered": 0.0, "percent_covered_display": "0", "missing_lines": 26, "excluded_lines": 0}, "missing_lines": [308, 309, 310, 316, 319, 320, 323, 324, 327, 338, 340, 343, 353, 354, 357, 358, 359, 361, 362, 365, 376, 377, 379, 381, 382, 383], "excluded_lines": []}, "analyze_contract_compliance": {"executed_lines": [], "summary": {"covered_lines": 0, "num_statements": 25, "percent_covered": 0.0, "percent_covered_display": "0", "missing_lines": 25, "excluded_lines": 0}, "missing_lines": [398, 399, 400, 406, 409, 410, 411, 417, 418, 422, 423, 426, 432, 434, 437, 451, 452, 453, 456, 467, 468, 470, 472, 473, 474], "excluded_lines": []}, "get_contract_versions": {"executed_lines": [], "summary": {"covered_lines": 0, "num_statements": 6, "percent_covered": 0.0, "percent_covered_display": "0", "missing_lines": 6, "excluded_lines": 0}, "missing_lines": [488, 489, 490, 496, 498, 502], "excluded_lines": []}, "list_templates": {"executed_lines": [], "summary": {"covered_lines": 0, "num_statements": 7, "percent_covered": 0.0, "percent_covered_display": "0", "missing_lines": 7, "excluded_lines": 0}, "missing_lines": [513, 515, 516, 518, 519, 521, 523], "excluded_lines": []}, "": {"executed_lines": [1, 5, 6, 7, 8, 9, 10, 11, 13, 14, 15, 16, 20, 26, 30, 33, 34, 100, 101, 161, 162, 182, 183, 261, 262, 299, 300, 389, 390, 480, 481, 505, 506], "summary": {"covered_lines": 32, "num_statements": 32, "percent_covered": 100.0, "percent_covered_display": "100", "missing_lines": 0, "excluded_lines": 0}, "missing_lines": [], "excluded_lines": []}}, "classes": {"": {"executed_lines": [1, 5, 6, 7, 8, 9, 10, 11, 13, 14, 15, 16, 20, 26, 30, 33, 34, 100, 101, 161, 162, 182, 183, 261, 262, 299, 300, 389, 390, 480, 481, 505, 506], "summary": {"covered_lines": 32, "num_statements": 174, "percent_covered": 18.39080459770115, "percent_covered_display": "18", "missing_lines": 142, "excluded_lines": 0}, "missing_lines": [41, 42, 48, 49, 50, 51, 52, 58, 77, 78, 79, 82, 94, 95, 97, 112, 113, 119, 125, 126, 128, 129, 131, 132, 133, 143, 146, 147, 150, 152, 169, 170, 171, 177, 179, 191, 192, 193, 199, 202, 211, 212, 213, 214, 215, 216, 217, 218, 219, 220, 221, 222, 223, 224, 225, 226, 227, 228, 229, 230, 232, 234, 235, 238, 246, 255, 256, 258, 269, 270, 271, 277, 280, 281, 283, 286, 295, 296, 308, 309, 310, 316, 319, 320, 323, 324, 327, 338, 340, 343, 353, 354, 357, 358, 359, 361, 362, 365, 376, 377, 379, 381, 382, 383, 398, 399, 400, 406, 409, 410, 411, 417, 418, 422, 423, 426, 432, 434, 437, 451, 452, 453, 456, 467, 468, 470, 472, 473, 474, 488, 489, 490, 496, 498, 502, 513, 515, 516, 518, 519, 521, 523], "excluded_lines": []}}}, "app/api/v1/health.py": {"executed_lines": [1, 4, 5, 7, 10, 11, 21, 22], "summary": {"covered_lines": 7, "num_statements": 9, "percent_covered": 77.77777777777777, "percent_covered_display": "78", "missing_lines": 2, "excluded_lines": 0}, "missing_lines": [13, 24], "excluded_lines": [], "functions": {"health_check": {"executed_lines": [], "summary": {"covered_lines": 0, "num_statements": 1, "percent_covered": 0.0, "percent_covered_display": "0", "missing_lines": 1, "excluded_lines": 0}, "missing_lines": [13], "excluded_lines": []}, "detailed_health_check": {"executed_lines": [], "summary": {"covered_lines": 0, "num_statements": 1, "percent_covered": 0.0, "percent_covered_display": "0", "missing_lines": 1, "excluded_lines": 0}, "missing_lines": [24], "excluded_lines": []}, "": {"executed_lines": [1, 4, 5, 7, 10, 11, 21, 22], "summary": {"covered_lines": 7, "num_statements": 7, "percent_covered": 100.0, "percent_covered_display": "100", "missing_lines": 0, "excluded_lines": 0}, "missing_lines": [], "excluded_lines": []}}, "classes": {"": {"executed_lines": [1, 4, 5, 7, 10, 11, 21, 22], "summary": {"covered_lines": 7, "num_statements": 9, "percent_covered": 77.77777777777777, "percent_covered_display": "78", "missing_lines": 2, "excluded_lines": 0}, "missing_lines": [13, 24], "excluded_lines": []}}}, "app/api/v1/security.py": {"executed_lines": [1, 5, 6, 7, 8, 9, 11, 12, 13, 14, 17, 22, 24, 27, 28, 64, 65, 82, 83, 220, 221, 312, 313, 378, 379, 402, 403], "summary": {"covered_lines": 26, "num_statements": 136, "percent_covered": 19.11764705882353, "percent_covered_display": "19", "missing_lines": 110, "excluded_lines": 0}, "missing_lines": [36, 39, 40, 41, 42, 44, 45, 47, 48, 50, 59, 61, 71, 73, 90, 91, 92, 94, 95, 96, 97, 103, 104, 110, 114, 115, 118, 119, 127, 130, 131, 132, 139, 142, 143, 144, 145, 152, 154, 155, 156, 157, 163, 164, 170, 171, 178, 180, 181, 182, 183, 189, 190, 196, 197, 204, 207, 209, 229, 230, 236, 237, 238, 244, 247, 248, 250, 252, 256, 280, 282, 283, 287, 289, 290, 294, 296, 297, 301, 326, 329, 330, 333, 334, 336, 339, 340, 342, 350, 351, 353, 354, 356, 357, 360, 363, 364, 367, 369, 384, 409, 412, 413, 414, 421, 422, 423, 424, 425, 427], "excluded_lines": [], "functions": {"get_security_events": {"executed_lines": [], "summary": {"covered_lines": 0, "num_statements": 12, "percent_covered": 0.0, "percent_covered_display": "0", "missing_lines": 12, "excluded_lines": 0}, "missing_lines": [36, 39, 40, 41, 42, 44, 45, 47, 48, 50, 59, 61], "excluded_lines": []}, "get_security_summary": {"executed_lines": [], "summary": {"covered_lines": 0, "num_statements": 2, "percent_covered": 0.0, "percent_covered_display": "0", "missing_lines": 2, "excluded_lines": 0}, "missing_lines": [71, 73], "excluded_lines": []}, "check_compliance": {"executed_lines": [], "summary": {"covered_lines": 0, "num_statements": 44, "percent_covered": 0.0, "percent_covered_display": "0", "missing_lines": 44, "excluded_lines": 0}, "missing_lines": [90, 91, 92, 94, 95, 96, 97, 103, 104, 110, 114, 115, 118, 119, 127, 130, 131, 132, 139, 142, 143, 144, 145, 152, 154, 155, 156, 157, 163, 164, 170, 171, 178, 180, 181, 182, 183, 189, 190, 196, 197, 204, 207, 209], "excluded_lines": []}, "create_gdpr_data_request": {"executed_lines": [], "summary": {"covered_lines": 0, "num_statements": 21, "percent_covered": 0.0, "percent_covered_display": "0", "missing_lines": 21, "excluded_lines": 0}, "missing_lines": [229, 230, 236, 237, 238, 244, 247, 248, 250, 252, 256, 280, 282, 283, 287, 289, 290, 294, 296, 297, 301], "excluded_lines": []}, "get_audit_logs": {"executed_lines": [], "summary": {"covered_lines": 0, "num_statements": 20, "percent_covered": 0.0, "percent_covered_display": "0", "missing_lines": 20, "excluded_lines": 0}, "missing_lines": [326, 329, 330, 333, 334, 336, 339, 340, 342, 350, 351, 353, 354, 356, 357, 360, 363, 364, 367, 369], "excluded_lines": []}, "get_security_config": {"executed_lines": [], "summary": {"covered_lines": 0, "num_statements": 1, "percent_covered": 0.0, "percent_covered_display": "0", "missing_lines": 1, "excluded_lines": 0}, "missing_lines": [384], "excluded_lines": []}, "get_threat_intelligence": {"executed_lines": [], "summary": {"covered_lines": 0, "num_statements": 10, "percent_covered": 0.0, "percent_covered_display": "0", "missing_lines": 10, "excluded_lines": 0}, "missing_lines": [409, 412, 413, 414, 421, 422, 423, 424, 425, 427], "excluded_lines": []}, "": {"executed_lines": [1, 5, 6, 7, 8, 9, 11, 12, 13, 14, 17, 22, 24, 27, 28, 64, 65, 82, 83, 220, 221, 312, 313, 378, 379, 402, 403], "summary": {"covered_lines": 26, "num_statements": 26, "percent_covered": 100.0, "percent_covered_display": "100", "missing_lines": 0, "excluded_lines": 0}, "missing_lines": [], "excluded_lines": []}}, "classes": {"": {"executed_lines": [1, 5, 6, 7, 8, 9, 11, 12, 13, 14, 17, 22, 24, 27, 28, 64, 65, 82, 83, 220, 221, 312, 313, 378, 379, 402, 403], "summary": {"covered_lines": 26, "num_statements": 136, "percent_covered": 19.11764705882353, "percent_covered_display": "19", "missing_lines": 110, "excluded_lines": 0}, "missing_lines": [36, 39, 40, 41, 42, 44, 45, 47, 48, 50, 59, 61, 71, 73, 90, 91, 92, 94, 95, 96, 97, 103, 104, 110, 114, 115, 118, 119, 127, 130, 131, 132, 139, 142, 143, 144, 145, 152, 154, 155, 156, 157, 163, 164, 170, 171, 178, 180, 181, 182, 183, 189, 190, 196, 197, 204, 207, 209, 229, 230, 236, 237, 238, 244, 247, 248, 250, 252, 256, 280, 282, 283, 287, 289, 290, 294, 296, 297, 301, 326, 329, 330, 333, 334, 336, 339, 340, 342, 350, 351, 353, 354, 356, 357, 360, 363, 364, 367, 369, 384, 409, 412, 413, 414, 421, 422, 423, 424, 425, 427], "excluded_lines": []}}}, "app/api/v1/status.py": {"executed_lines": [1, 5, 6, 7, 8, 9, 11, 14, 15, 60, 61, 69, 70], "summary": {"covered_lines": 12, "num_statements": 15, "percent_covered": 80.0, "percent_covered_display": "80", "missing_lines": 3, "excluded_lines": 0}, "missing_lines": [17, 63, 72], "excluded_lines": [], "functions": {"get_api_status": {"executed_lines": [], "summary": {"covered_lines": 0, "num_statements": 1, "percent_covered": 0.0, "percent_covered_display": "0", "missing_lines": 1, "excluded_lines": 0}, "missing_lines": [17], "excluded_lines": []}, "health_check": {"executed_lines": [], "summary": {"covered_lines": 0, "num_statements": 1, "percent_covered": 0.0, "percent_covered_display": "0", "missing_lines": 1, "excluded_lines": 0}, "missing_lines": [63], "excluded_lines": []}, "list_features": {"executed_lines": [], "summary": {"covered_lines": 0, "num_statements": 1, "percent_covered": 0.0, "percent_covered_display": "0", "missing_lines": 1, "excluded_lines": 0}, "missing_lines": [72], "excluded_lines": []}, "": {"executed_lines": [1, 5, 6, 7, 8, 9, 11, 14, 15, 60, 61, 69, 70], "summary": {"covered_lines": 12, "num_statements": 12, "percent_covered": 100.0, "percent_covered_display": "100", "missing_lines": 0, "excluded_lines": 0}, "missing_lines": [], "excluded_lines": []}}, "classes": {"": {"executed_lines": [1, 5, 6, 7, 8, 9, 11, 14, 15, 60, 61, 69, 70], "summary": {"covered_lines": 12, "num_statements": 15, "percent_covered": 80.0, "percent_covered_display": "80", "missing_lines": 3, "excluded_lines": 0}, "missing_lines": [17, 63, 72], "excluded_lines": []}}}, "app/core/__init__.py": {"executed_lines": [0], "summary": {"covered_lines": 0, "num_statements": 0, "percent_covered": 100.0, "percent_covered_display": "100", "missing_lines": 0, "excluded_lines": 0}, "missing_lines": [], "excluded_lines": [], "functions": {"": {"executed_lines": [], "summary": {"covered_lines": 0, "num_statements": 0, "percent_covered": 100.0, "percent_covered_display": "100", "missing_lines": 0, "excluded_lines": 0}, "missing_lines": [], "excluded_lines": []}}, "classes": {"": {"executed_lines": [], "summary": {"covered_lines": 0, "num_statements": 0, "percent_covered": 100.0, "percent_covered_display": "100", "missing_lines": 0, "excluded_lines": 0}, "missing_lines": [], "excluded_lines": []}}}, "app/core/auth.py": {"executed_lines": [1, 5, 6, 7, 8, 10, 11, 12, 14, 17, 18, 19, 27, 54, 61, 73, 94, 99, 108], "summary": {"covered_lines": 17, "num_statements": 56, "percent_covered": 30.357142857142858, "percent_covered_display": "30", "missing_lines": 39, "excluded_lines": 0}, "missing_lines": [20, 32, 33, 35, 38, 39, 40, 43, 44, 45, 48, 49, 51, 58, 65, 66, 70, 78, 79, 84, 85, 86, 91, 96, 101, 102, 113, 114, 116, 119, 120, 121, 122, 124, 125, 126, 128, 129, 130], "excluded_lines": [], "functions": {"AuthenticationError.__init__": {"executed_lines": [], "summary": {"covered_lines": 0, "num_statements": 1, "percent_covered": 0.0, "percent_covered_display": "0", "missing_lines": 1, "excluded_lines": 0}, "missing_lines": [20], "excluded_lines": []}, "get_current_user": {"executed_lines": [], "summary": {"covered_lines": 0, "num_statements": 12, "percent_covered": 0.0, "percent_covered_display": "0", "missing_lines": 12, "excluded_lines": 0}, "missing_lines": [32, 33, 35, 38, 39, 40, 43, 44, 45, 48, 49, 51], "excluded_lines": []}, "get_current_active_user": {"executed_lines": [], "summary": {"covered_lines": 0, "num_statements": 1, "percent_covered": 0.0, "percent_covered_display": "0", "missing_lines": 1, "excluded_lines": 0}, "missing_lines": [58], "excluded_lines": []}, "get_admin_user": {"executed_lines": [], "summary": {"covered_lines": 0, "num_statements": 3, "percent_covered": 0.0, "percent_covered_display": "0", "missing_lines": 3, "excluded_lines": 0}, "missing_lines": [65, 66, 70], "excluded_lines": []}, "get_user_company": {"executed_lines": [], "summary": {"covered_lines": 0, "num_statements": 6, "percent_covered": 0.0, "percent_covered_display": "0", "missing_lines": 6, "excluded_lines": 0}, "missing_lines": [78, 79, 84, 85, 86, 91], "excluded_lines": []}, "verify_company_access": {"executed_lines": [], "summary": {"covered_lines": 0, "num_statements": 1, "percent_covered": 0.0, "percent_covered_display": "0", "missing_lines": 1, "excluded_lines": 0}, "missing_lines": [96], "excluded_lines": []}, "require_company_access": {"executed_lines": [], "summary": {"covered_lines": 0, "num_statements": 2, "percent_covered": 0.0, "percent_covered_display": "0", "missing_lines": 2, "excluded_lines": 0}, "missing_lines": [101, 102], "excluded_lines": []}, "get_optional_user": {"executed_lines": [], "summary": {"covered_lines": 0, "num_statements": 13, "percent_covered": 0.0, "percent_covered_display": "0", "missing_lines": 13, "excluded_lines": 0}, "missing_lines": [113, 114, 116, 119, 120, 121, 122, 124, 125, 126, 128, 129, 130], "excluded_lines": []}, "": {"executed_lines": [1, 5, 6, 7, 8, 10, 11, 12, 14, 17, 18, 19, 27, 54, 61, 73, 94, 99, 108], "summary": {"covered_lines": 17, "num_statements": 17, "percent_covered": 100.0, "percent_covered_display": "100", "missing_lines": 0, "excluded_lines": 0}, "missing_lines": [], "excluded_lines": []}}, "classes": {"AuthenticationError": {"executed_lines": [], "summary": {"covered_lines": 0, "num_statements": 1, "percent_covered": 0.0, "percent_covered_display": "0", "missing_lines": 1, "excluded_lines": 0}, "missing_lines": [20], "excluded_lines": []}, "": {"executed_lines": [1, 5, 6, 7, 8, 10, 11, 12, 14, 17, 18, 19, 27, 54, 61, 73, 94, 99, 108], "summary": {"covered_lines": 17, "num_statements": 55, "percent_covered": 30.90909090909091, "percent_covered_display": "31", "missing_lines": 38, "excluded_lines": 0}, "missing_lines": [32, 33, 35, 38, 39, 40, 43, 44, 45, 48, 49, 51, 58, 65, 66, 70, 78, 79, 84, 85, 86, 91, 96, 101, 102, 113, 114, 116, 119, 120, 121, 122, 124, 125, 126, 128, 129, 130], "excluded_lines": []}}}, "app/core/config.py": {"executed_lines": [1, 5, 6, 7, 10, 11, 14, 15, 16, 17, 20, 23, 26, 27, 28, 31, 32, 35, 38, 39, 42, 43, 46, 55, 57, 58, 59, 62, 63, 65, 68], "summary": {"covered_lines": 29, "num_statements": 29, "percent_covered": 100.0, "percent_covered_display": "100", "missing_lines": 0, "excluded_lines": 0}, "missing_lines": [], "excluded_lines": [], "functions": {"get_settings": {"executed_lines": [65], "summary": {"covered_lines": 1, "num_statements": 1, "percent_covered": 100.0, "percent_covered_display": "100", "missing_lines": 0, "excluded_lines": 0}, "missing_lines": [], "excluded_lines": []}, "": {"executed_lines": [1, 5, 6, 7, 10, 11, 14, 15, 16, 17, 20, 23, 26, 27, 28, 31, 32, 35, 38, 39, 42, 43, 46, 55, 57, 58, 59, 62, 63, 68], "summary": {"covered_lines": 28, "num_statements": 28, "percent_covered": 100.0, "percent_covered_display": "100", "missing_lines": 0, "excluded_lines": 0}, "missing_lines": [], "excluded_lines": []}}, "classes": {"Settings": {"executed_lines": [], "summary": {"covered_lines": 0, "num_statements": 0, "percent_covered": 100.0, "percent_covered_display": "100", "missing_lines": 0, "excluded_lines": 0}, "missing_lines": [], "excluded_lines": []}, "Settings.Config": {"executed_lines": [], "summary": {"covered_lines": 0, "num_statements": 0, "percent_covered": 100.0, "percent_covered_display": "100", "missing_lines": 0, "excluded_lines": 0}, "missing_lines": [], "excluded_lines": []}, "": {"executed_lines": [1, 5, 6, 7, 10, 11, 14, 15, 16, 17, 20, 23, 26, 27, 28, 31, 32, 35, 38, 39, 42, 43, 46, 55, 57, 58, 59, 62, 63, 65, 68], "summary": {"covered_lines": 29, "num_statements": 29, "percent_covered": 100.0, "percent_covered_display": "100", "missing_lines": 0, "excluded_lines": 0}, "missing_lines": [], "excluded_lines": []}}}, "app/core/database.py": {"executed_lines": [1, 4, 5, 6, 7, 8, 10, 12, 16, 18, 26, 29, 32, 40, 43, 58, 67, 80, 81, 83, 84, 88, 89, 94, 95, 107, 108], "summary": {"covered_lines": 25, "num_statements": 53, "percent_covered": 47.16981132075472, "percent_covered_display": "47", "missing_lines": 28, "excluded_lines": 0}, "missing_lines": [45, 48, 54, 55, 60, 61, 62, 64, 69, 70, 72, 73, 74, 75, 76, 77, 86, 91, 92, 97, 100, 105, 110, 111, 112, 113, 114, 116], "excluded_lines": [], "functions": {"create_tables": {"executed_lines": [], "summary": {"covered_lines": 0, "num_statements": 4, "percent_covered": 0.0, "percent_covered_display": "0", "missing_lines": 4, "excluded_lines": 0}, "missing_lines": [45, 48, 54, 55], "excluded_lines": []}, "get_db": {"executed_lines": [], "summary": {"covered_lines": 0, "num_statements": 4, "percent_covered": 0.0, "percent_covered_display": "0", "missing_lines": 4, "excluded_lines": 0}, "missing_lines": [60, 61, 62, 64], "excluded_lines": []}, "check_database_health": {"executed_lines": [], "summary": {"covered_lines": 0, "num_statements": 8, "percent_covered": 0.0, "percent_covered_display": "0", "missing_lines": 8, "excluded_lines": 0}, "missing_lines": [69, 70, 72, 73, 74, 75, 76, 77], "excluded_lines": []}, "DatabaseManager.get_session": {"executed_lines": [], "summary": {"covered_lines": 0, "num_statements": 1, "percent_covered": 0.0, "percent_covered_display": "0", "missing_lines": 1, "excluded_lines": 0}, "missing_lines": [86], "excluded_lines": []}, "DatabaseManager.close_session": {"executed_lines": [], "summary": {"covered_lines": 0, "num_statements": 2, "percent_covered": 0.0, "percent_covered_display": "0", "missing_lines": 2, "excluded_lines": 0}, "missing_lines": [91, 92], "excluded_lines": []}, "DatabaseManager.init_database": {"executed_lines": [], "summary": {"covered_lines": 0, "num_statements": 3, "percent_covered": 0.0, "percent_covered_display": "0", "missing_lines": 3, "excluded_lines": 0}, "missing_lines": [97, 100, 105], "excluded_lines": []}, "DatabaseManager.reset_database": {"executed_lines": [], "summary": {"covered_lines": 0, "num_statements": 6, "percent_covered": 0.0, "percent_covered_display": "0", "missing_lines": 6, "excluded_lines": 0}, "missing_lines": [110, 111, 112, 113, 114, 116], "excluded_lines": []}, "": {"executed_lines": [1, 4, 5, 6, 7, 8, 10, 12, 16, 18, 26, 29, 32, 40, 43, 58, 67, 80, 81, 83, 84, 88, 89, 94, 95, 107, 108], "summary": {"covered_lines": 25, "num_statements": 25, "percent_covered": 100.0, "percent_covered_display": "100", "missing_lines": 0, "excluded_lines": 0}, "missing_lines": [], "excluded_lines": []}}, "classes": {"DatabaseManager": {"executed_lines": [], "summary": {"covered_lines": 0, "num_statements": 12, "percent_covered": 0.0, "percent_covered_display": "0", "missing_lines": 12, "excluded_lines": 0}, "missing_lines": [86, 91, 92, 97, 100, 105, 110, 111, 112, 113, 114, 116], "excluded_lines": []}, "": {"executed_lines": [1, 4, 5, 6, 7, 8, 10, 12, 16, 18, 26, 29, 32, 40, 43, 58, 67, 80, 81, 83, 84, 88, 89, 94, 95, 107, 108], "summary": {"covered_lines": 25, "num_statements": 41, "percent_covered": 60.97560975609756, "percent_covered_display": "61", "missing_lines": 16, "excluded_lines": 0}, "missing_lines": [45, 48, 54, 55, 60, 61, 62, 64, 69, 70, 72, 73, 74, 75, 76, 77], "excluded_lines": []}}}, "app/core/datetime_utils.py": {"executed_lines": [1, 5, 8, 16, 26], "summary": {"covered_lines": 4, "num_statements": 9, "percent_covered": 44.44444444444444, "percent_covered_display": "44", "missing_lines": 5, "excluded_lines": 0}, "missing_lines": [13, 21, 22, 23, 30], "excluded_lines": [], "functions": {"get_current_utc": {"executed_lines": [], "summary": {"covered_lines": 0, "num_statements": 1, "percent_covered": 0.0, "percent_covered_display": "0", "missing_lines": 1, "excluded_lines": 0}, "missing_lines": [13], "excluded_lines": []}, "ensure_utc": {"executed_lines": [], "summary": {"covered_lines": 0, "num_statements": 3, "percent_covered": 0.0, "percent_covered_display": "0", "missing_lines": 3, "excluded_lines": 0}, "missing_lines": [21, 22, 23], "excluded_lines": []}, "utc_from_timestamp": {"executed_lines": [], "summary": {"covered_lines": 0, "num_statements": 1, "percent_covered": 0.0, "percent_covered_display": "0", "missing_lines": 1, "excluded_lines": 0}, "missing_lines": [30], "excluded_lines": []}, "": {"executed_lines": [1, 5, 8, 16, 26], "summary": {"covered_lines": 4, "num_statements": 4, "percent_covered": 100.0, "percent_covered_display": "100", "missing_lines": 0, "excluded_lines": 0}, "missing_lines": [], "excluded_lines": []}}, "classes": {"": {"executed_lines": [1, 5, 8, 16, 26], "summary": {"covered_lines": 4, "num_statements": 9, "percent_covered": 44.44444444444444, "percent_covered_display": "44", "missing_lines": 5, "excluded_lines": 0}, "missing_lines": [13, 21, 22, 23, 30], "excluded_lines": []}}}, "app/core/security.py": {"executed_lines": [1, 5, 6, 7, 8, 9, 10, 12, 13, 16, 19, 20, 23, 35, 47, 52, 57, 71, 82], "summary": {"covered_lines": 18, "num_statements": 51, "percent_covered": 35.294117647058826, "percent_covered_display": "35", "missing_lines": 33, "excluded_lines": 0}, "missing_lines": [25, 26, 28, 30, 31, 32, 37, 38, 39, 40, 41, 42, 43, 44, 49, 54, 59, 60, 61, 62, 63, 68, 73, 74, 75, 76, 77, 78, 79, 84, 85, 87, 88], "excluded_lines": [], "functions": {"create_access_token": {"executed_lines": [], "summary": {"covered_lines": 0, "num_statements": 6, "percent_covered": 0.0, "percent_covered_display": "0", "missing_lines": 6, "excluded_lines": 0}, "missing_lines": [25, 26, 28, 30, 31, 32], "excluded_lines": []}, "verify_token": {"executed_lines": [], "summary": {"covered_lines": 0, "num_statements": 8, "percent_covered": 0.0, "percent_covered_display": "0", "missing_lines": 8, "excluded_lines": 0}, "missing_lines": [37, 38, 39, 40, 41, 42, 43, 44], "excluded_lines": []}, "get_password_hash": {"executed_lines": [], "summary": {"covered_lines": 0, "num_statements": 1, "percent_covered": 0.0, "percent_covered_display": "0", "missing_lines": 1, "excluded_lines": 0}, "missing_lines": [49], "excluded_lines": []}, "verify_password": {"executed_lines": [], "summary": {"covered_lines": 0, "num_statements": 1, "percent_covered": 0.0, "percent_covered_display": "0", "missing_lines": 1, "excluded_lines": 0}, "missing_lines": [54], "excluded_lines": []}, "create_password_reset_token": {"executed_lines": [], "summary": {"covered_lines": 0, "num_statements": 6, "percent_covered": 0.0, "percent_covered_display": "0", "missing_lines": 6, "excluded_lines": 0}, "missing_lines": [59, 60, 61, 62, 63, 68], "excluded_lines": []}, "verify_password_reset_token": {"executed_lines": [], "summary": {"covered_lines": 0, "num_statements": 7, "percent_covered": 0.0, "percent_covered_display": "0", "missing_lines": 7, "excluded_lines": 0}, "missing_lines": [73, 74, 75, 76, 77, 78, 79], "excluded_lines": []}, "generate_secure_token": {"executed_lines": [], "summary": {"covered_lines": 0, "num_statements": 4, "percent_covered": 0.0, "percent_covered_display": "0", "missing_lines": 4, "excluded_lines": 0}, "missing_lines": [84, 85, 87, 88], "excluded_lines": []}, "": {"executed_lines": [1, 5, 6, 7, 8, 9, 10, 12, 13, 16, 19, 20, 23, 35, 47, 52, 57, 71, 82], "summary": {"covered_lines": 18, "num_statements": 18, "percent_covered": 100.0, "percent_covered_display": "100", "missing_lines": 0, "excluded_lines": 0}, "missing_lines": [], "excluded_lines": []}}, "classes": {"": {"executed_lines": [1, 5, 6, 7, 8, 9, 10, 12, 13, 16, 19, 20, 23, 35, 47, 52, 57, 71, 82], "summary": {"covered_lines": 18, "num_statements": 51, "percent_covered": 35.294117647058826, "percent_covered_display": "35", "missing_lines": 33, "excluded_lines": 0}, "missing_lines": [25, 26, 28, 30, 31, 32, 37, 38, 39, 40, 41, 42, 43, 44, 49, 54, 59, 60, 61, 62, 63, 68, 73, 74, 75, 76, 77, 78, 79, 84, 85, 87, 88], "excluded_lines": []}}}, "app/infrastructure/database/__init__.py": {"executed_lines": [0], "summary": {"covered_lines": 0, "num_statements": 0, "percent_covered": 100.0, "percent_covered_display": "100", "missing_lines": 0, "excluded_lines": 0}, "missing_lines": [], "excluded_lines": [], "functions": {"": {"executed_lines": [], "summary": {"covered_lines": 0, "num_statements": 0, "percent_covered": 100.0, "percent_covered_display": "100", "missing_lines": 0, "excluded_lines": 0}, "missing_lines": [], "excluded_lines": []}}, "classes": {"": {"executed_lines": [], "summary": {"covered_lines": 0, "num_statements": 0, "percent_covered": 100.0, "percent_covered_display": "100", "missing_lines": 0, "excluded_lines": 0}, "missing_lines": [], "excluded_lines": []}}}, "app/infrastructure/database/models.py": {"executed_lines": [1, 2, 3, 4, 5, 6, 8, 11, 12, 13, 14, 15, 16, 19, 20, 21, 22, 23, 24, 25, 26, 27, 30, 31, 32, 33, 36, 37, 39, 40, 41, 42, 43, 44, 46, 47, 49, 50, 51, 53, 54, 56, 57, 60, 61, 63, 64, 65, 66, 68, 69, 71, 73, 74, 76, 77, 80, 81, 83, 84, 85, 86, 88, 89, 91, 92, 94, 95, 96, 98, 99, 101, 104, 105, 107, 108, 109, 110, 112, 113, 114, 116, 117, 118, 120, 121, 122, 123, 125, 126, 128, 129, 131, 132, 134, 135, 137, 138, 140, 141, 143, 144, 145, 148, 149, 151, 152, 153, 155, 156, 158, 159, 161, 164, 165, 167, 169, 170, 172, 173, 175, 176, 177, 179, 181, 184, 185, 187, 188, 190, 192, 193, 194, 195, 197, 198, 199, 201, 202, 203, 205, 208, 209, 211, 213, 214, 215, 217, 218, 219, 221, 222, 223, 225, 227, 228, 229, 232, 233, 235, 237, 238, 239, 241, 242, 244, 245], "summary": {"covered_lines": 166, "num_statements": 166, "percent_covered": 100.0, "percent_covered_display": "100", "missing_lines": 0, "excluded_lines": 0}, "missing_lines": [], "excluded_lines": [], "functions": {"": {"executed_lines": [1, 2, 3, 4, 5, 6, 8, 11, 12, 13, 14, 15, 16, 19, 20, 21, 22, 23, 24, 25, 26, 27, 30, 31, 32, 33, 36, 37, 39, 40, 41, 42, 43, 44, 46, 47, 49, 50, 51, 53, 54, 56, 57, 60, 61, 63, 64, 65, 66, 68, 69, 71, 73, 74, 76, 77, 80, 81, 83, 84, 85, 86, 88, 89, 91, 92, 94, 95, 96, 98, 99, 101, 104, 105, 107, 108, 109, 110, 112, 113, 114, 116, 117, 118, 120, 121, 122, 123, 125, 126, 128, 129, 131, 132, 134, 135, 137, 138, 140, 141, 143, 144, 145, 148, 149, 151, 152, 153, 155, 156, 158, 159, 161, 164, 165, 167, 169, 170, 172, 173, 175, 176, 177, 179, 181, 184, 185, 187, 188, 190, 192, 193, 194, 195, 197, 198, 199, 201, 202, 203, 205, 208, 209, 211, 213, 214, 215, 217, 218, 219, 221, 222, 223, 225, 227, 228, 229, 232, 233, 235, 237, 238, 239, 241, 242, 244, 245], "summary": {"covered_lines": 166, "num_statements": 166, "percent_covered": 100.0, "percent_covered_display": "100", "missing_lines": 0, "excluded_lines": 0}, "missing_lines": [], "excluded_lines": []}}, "classes": {"ContractStatus": {"executed_lines": [], "summary": {"covered_lines": 0, "num_statements": 0, "percent_covered": 100.0, "percent_covered_display": "100", "missing_lines": 0, "excluded_lines": 0}, "missing_lines": [], "excluded_lines": []}, "ContractType": {"executed_lines": [], "summary": {"covered_lines": 0, "num_statements": 0, "percent_covered": 100.0, "percent_covered_display": "100", "missing_lines": 0, "excluded_lines": 0}, "missing_lines": [], "excluded_lines": []}, "SubscriptionTier": {"executed_lines": [], "summary": {"covered_lines": 0, "num_statements": 0, "percent_covered": 100.0, "percent_covered_display": "100", "missing_lines": 0, "excluded_lines": 0}, "missing_lines": [], "excluded_lines": []}, "User": {"executed_lines": [], "summary": {"covered_lines": 0, "num_statements": 0, "percent_covered": 100.0, "percent_covered_display": "100", "missing_lines": 0, "excluded_lines": 0}, "missing_lines": [], "excluded_lines": []}, "Company": {"executed_lines": [], "summary": {"covered_lines": 0, "num_statements": 0, "percent_covered": 100.0, "percent_covered_display": "100", "missing_lines": 0, "excluded_lines": 0}, "missing_lines": [], "excluded_lines": []}, "Template": {"executed_lines": [], "summary": {"covered_lines": 0, "num_statements": 0, "percent_covered": 100.0, "percent_covered_display": "100", "missing_lines": 0, "excluded_lines": 0}, "missing_lines": [], "excluded_lines": []}, "Contract": {"executed_lines": [], "summary": {"covered_lines": 0, "num_statements": 0, "percent_covered": 100.0, "percent_covered_display": "100", "missing_lines": 0, "excluded_lines": 0}, "missing_lines": [], "excluded_lines": []}, "ContractVersion": {"executed_lines": [], "summary": {"covered_lines": 0, "num_statements": 0, "percent_covered": 100.0, "percent_covered_display": "100", "missing_lines": 0, "excluded_lines": 0}, "missing_lines": [], "excluded_lines": []}, "AIGeneration": {"executed_lines": [], "summary": {"covered_lines": 0, "num_statements": 0, "percent_covered": 100.0, "percent_covered_display": "100", "missing_lines": 0, "excluded_lines": 0}, "missing_lines": [], "excluded_lines": []}, "ComplianceScore": {"executed_lines": [], "summary": {"covered_lines": 0, "num_statements": 0, "percent_covered": 100.0, "percent_covered_display": "100", "missing_lines": 0, "excluded_lines": 0}, "missing_lines": [], "excluded_lines": []}, "AuditLog": {"executed_lines": [], "summary": {"covered_lines": 0, "num_statements": 0, "percent_covered": 100.0, "percent_covered_display": "100", "missing_lines": 0, "excluded_lines": 0}, "missing_lines": [], "excluded_lines": []}, "SystemMetrics": {"executed_lines": [], "summary": {"covered_lines": 0, "num_statements": 0, "percent_covered": 100.0, "percent_covered_display": "100", "missing_lines": 0, "excluded_lines": 0}, "missing_lines": [], "excluded_lines": []}, "": {"executed_lines": [1, 2, 3, 4, 5, 6, 8, 11, 12, 13, 14, 15, 16, 19, 20, 21, 22, 23, 24, 25, 26, 27, 30, 31, 32, 33, 36, 37, 39, 40, 41, 42, 43, 44, 46, 47, 49, 50, 51, 53, 54, 56, 57, 60, 61, 63, 64, 65, 66, 68, 69, 71, 73, 74, 76, 77, 80, 81, 83, 84, 85, 86, 88, 89, 91, 92, 94, 95, 96, 98, 99, 101, 104, 105, 107, 108, 109, 110, 112, 113, 114, 116, 117, 118, 120, 121, 122, 123, 125, 126, 128, 129, 131, 132, 134, 135, 137, 138, 140, 141, 143, 144, 145, 148, 149, 151, 152, 153, 155, 156, 158, 159, 161, 164, 165, 167, 169, 170, 172, 173, 175, 176, 177, 179, 181, 184, 185, 187, 188, 190, 192, 193, 194, 195, 197, 198, 199, 201, 202, 203, 205, 208, 209, 211, 213, 214, 215, 217, 218, 219, 221, 222, 223, 225, 227, 228, 229, 232, 233, 235, 237, 238, 239, 241, 242, 244, 245], "summary": {"covered_lines": 166, "num_statements": 166, "percent_covered": 100.0, "percent_covered_display": "100", "missing_lines": 0, "excluded_lines": 0}, "missing_lines": [], "excluded_lines": []}}}, "app/main.py": {"executed_lines": [1, 5, 6, 7, 8, 9, 10, 11, 13, 14, 15, 18, 22, 25, 26, 44, 54, 57, 66, 67, 84, 85, 114, 115, 130, 131, 141, 142, 160, 161, 201, 202, 213, 216], "summary": {"covered_lines": 33, "num_statements": 71, "percent_covered": 46.478873239436616, "percent_covered_display": "46", "missing_lines": 38, "excluded_lines": 0}, "missing_lines": [29, 32, 34, 35, 37, 40, 69, 72, 73, 74, 75, 77, 78, 80, 87, 89, 90, 91, 92, 95, 101, 103, 104, 105, 110, 117, 119, 133, 144, 151, 153, 163, 181, 187, 192, 204, 217, 219], "excluded_lines": [], "functions": {"lifespan": {"executed_lines": [], "summary": {"covered_lines": 0, "num_statements": 6, "percent_covered": 0.0, "percent_covered_display": "0", "missing_lines": 6, "excluded_lines": 0}, "missing_lines": [29, 32, 34, 35, 37, 40], "excluded_lines": []}, "security_headers": {"executed_lines": [], "summary": {"covered_lines": 0, "num_statements": 8, "percent_covered": 0.0, "percent_covered_display": "0", "missing_lines": 8, "excluded_lines": 0}, "missing_lines": [69, 72, 73, 74, 75, 77, 78, 80], "excluded_lines": []}, "add_process_time_header": {"executed_lines": [], "summary": {"covered_lines": 0, "num_statements": 11, "percent_covered": 0.0, "percent_covered_display": "0", "missing_lines": 11, "excluded_lines": 0}, "missing_lines": [87, 89, 90, 91, 92, 95, 101, 103, 104, 105, 110], "excluded_lines": []}, "global_exception_handler": {"executed_lines": [], "summary": {"covered_lines": 0, "num_statements": 2, "percent_covered": 0.0, "percent_covered_display": "0", "missing_lines": 2, "excluded_lines": 0}, "missing_lines": [117, 119], "excluded_lines": []}, "health_check": {"executed_lines": [], "summary": {"covered_lines": 0, "num_statements": 1, "percent_covered": 0.0, "percent_covered_display": "0", "missing_lines": 1, "excluded_lines": 0}, "missing_lines": [133], "excluded_lines": []}, "readiness_check": {"executed_lines": [], "summary": {"covered_lines": 0, "num_statements": 3, "percent_covered": 0.0, "percent_covered_display": "0", "missing_lines": 3, "excluded_lines": 0}, "missing_lines": [144, 151, 153], "excluded_lines": []}, "detailed_health_check": {"executed_lines": [], "summary": {"covered_lines": 0, "num_statements": 4, "percent_covered": 0.0, "percent_covered_display": "0", "missing_lines": 4, "excluded_lines": 0}, "missing_lines": [163, 181, 187, 192], "excluded_lines": []}, "root": {"executed_lines": [], "summary": {"covered_lines": 0, "num_statements": 1, "percent_covered": 0.0, "percent_covered_display": "0", "missing_lines": 1, "excluded_lines": 0}, "missing_lines": [204], "excluded_lines": []}, "": {"executed_lines": [1, 5, 6, 7, 8, 9, 10, 11, 13, 14, 15, 18, 22, 25, 26, 44, 54, 57, 66, 67, 84, 85, 114, 115, 130, 131, 141, 142, 160, 161, 201, 202, 213, 216], "summary": {"covered_lines": 33, "num_statements": 35, "percent_covered": 94.28571428571429, "percent_covered_display": "94", "missing_lines": 2, "excluded_lines": 0}, "missing_lines": [217, 219], "excluded_lines": []}}, "classes": {"": {"executed_lines": [1, 5, 6, 7, 8, 9, 10, 11, 13, 14, 15, 18, 22, 25, 26, 44, 54, 57, 66, 67, 84, 85, 114, 115, 130, 131, 141, 142, 160, 161, 201, 202, 213, 216], "summary": {"covered_lines": 33, "num_statements": 71, "percent_covered": 46.478873239436616, "percent_covered_display": "46", "missing_lines": 38, "excluded_lines": 0}, "missing_lines": [29, 32, 34, 35, 37, 40, 69, 72, 73, 74, 75, 77, 78, 80, 87, 89, 90, 91, 92, 95, 101, 103, 104, 105, 110, 117, 119, 133, 144, 151, 153, 163, 181, 187, 192, 204, 217, 219], "excluded_lines": []}}}, "app/schemas/__init__.py": {"executed_lines": [0], "summary": {"covered_lines": 0, "num_statements": 0, "percent_covered": 100.0, "percent_covered_display": "100", "missing_lines": 0, "excluded_lines": 0}, "missing_lines": [], "excluded_lines": [], "functions": {"": {"executed_lines": [], "summary": {"covered_lines": 0, "num_statements": 0, "percent_covered": 100.0, "percent_covered_display": "100", "missing_lines": 0, "excluded_lines": 0}, "missing_lines": [], "excluded_lines": []}}, "classes": {"": {"executed_lines": [], "summary": {"covered_lines": 0, "num_statements": 0, "percent_covered": 100.0, "percent_covered_display": "100", "missing_lines": 0, "excluded_lines": 0}, "missing_lines": [], "excluded_lines": []}}}, "app/schemas/ai.py": {"executed_lines": [1, 5, 6, 7, 10, 11, 12, 13, 14, 15, 16, 17, 18, 19, 22, 23, 24, 25, 26, 28, 29, 35, 36, 37, 38, 39, 40, 41, 42, 43, 44, 45, 46, 47, 50, 51, 52, 53, 54, 55, 57, 58, 64, 65, 66, 67, 68, 69, 70, 71, 74, 75, 76, 77, 78, 79, 82, 83, 84, 85, 86, 87, 90, 91, 92, 93, 94, 95, 96, 97, 98, 101, 102, 103, 104, 105, 108, 109, 110, 111, 112, 113, 116, 117, 118, 119, 120, 121, 122, 123, 126, 127, 128, 129, 130, 133, 134, 135, 136, 137, 138, 141, 142, 143, 144, 145, 146, 147, 148], "summary": {"covered_lines": 94, "num_statements": 100, "percent_covered": 94.0, "percent_covered_display": "94", "missing_lines": 6, "excluded_lines": 0}, "missing_lines": [30, 31, 32, 59, 60, 61], "excluded_lines": [], "functions": {"ContractAnalysisRequest.validate_contract_content": {"executed_lines": [], "summary": {"covered_lines": 0, "num_statements": 3, "percent_covered": 0.0, "percent_covered_display": "0", "missing_lines": 3, "excluded_lines": 0}, "missing_lines": [30, 31, 32], "excluded_lines": []}, "TemplateRecommendationRequest.validate_business_description": {"executed_lines": [], "summary": {"covered_lines": 0, "num_statements": 3, "percent_covered": 0.0, "percent_covered_display": "0", "missing_lines": 3, "excluded_lines": 0}, "missing_lines": [59, 60, 61], "excluded_lines": []}, "": {"executed_lines": [1, 5, 6, 7, 10, 11, 12, 13, 14, 15, 16, 17, 18, 19, 22, 23, 24, 25, 26, 28, 29, 35, 36, 37, 38, 39, 40, 41, 42, 43, 44, 45, 46, 47, 50, 51, 52, 53, 54, 55, 57, 58, 64, 65, 66, 67, 68, 69, 70, 71, 74, 75, 76, 77, 78, 79, 82, 83, 84, 85, 86, 87, 90, 91, 92, 93, 94, 95, 96, 97, 98, 101, 102, 103, 104, 105, 108, 109, 110, 111, 112, 113, 116, 117, 118, 119, 120, 121, 122, 123, 126, 127, 128, 129, 130, 133, 134, 135, 136, 137, 138, 141, 142, 143, 144, 145, 146, 147, 148], "summary": {"covered_lines": 94, "num_statements": 94, "percent_covered": 100.0, "percent_covered_display": "100", "missing_lines": 0, "excluded_lines": 0}, "missing_lines": [], "excluded_lines": []}}, "classes": {"ContractTypeEnum": {"executed_lines": [], "summary": {"covered_lines": 0, "num_statements": 0, "percent_covered": 100.0, "percent_covered_display": "100", "missing_lines": 0, "excluded_lines": 0}, "missing_lines": [], "excluded_lines": []}, "ContractAnalysisRequest": {"executed_lines": [], "summary": {"covered_lines": 0, "num_statements": 3, "percent_covered": 0.0, "percent_covered_display": "0", "missing_lines": 3, "excluded_lines": 0}, "missing_lines": [30, 31, 32], "excluded_lines": []}, "ContractAnalysisResponse": {"executed_lines": [], "summary": {"covered_lines": 0, "num_statements": 0, "percent_covered": 100.0, "percent_covered_display": "100", "missing_lines": 0, "excluded_lines": 0}, "missing_lines": [], "excluded_lines": []}, "TemplateRecommendationRequest": {"executed_lines": [], "summary": {"covered_lines": 0, "num_statements": 3, "percent_covered": 0.0, "percent_covered_display": "0", "missing_lines": 3, "excluded_lines": 0}, "missing_lines": [59, 60, 61], "excluded_lines": []}, "TemplateRecommendation": {"executed_lines": [], "summary": {"covered_lines": 0, "num_statements": 0, "percent_covered": 100.0, "percent_covered_display": "100", "missing_lines": 0, "excluded_lines": 0}, "missing_lines": [], "excluded_lines": []}, "TemplateRecommendationResponse": {"executed_lines": [], "summary": {"covered_lines": 0, "num_statements": 0, "percent_covered": 100.0, "percent_covered_display": "100", "missing_lines": 0, "excluded_lines": 0}, "missing_lines": [], "excluded_lines": []}, "RiskFactor": {"executed_lines": [], "summary": {"covered_lines": 0, "num_statements": 0, "percent_covered": 100.0, "percent_covered_display": "100", "missing_lines": 0, "excluded_lines": 0}, "missing_lines": [], "excluded_lines": []}, "RiskAssessmentResponse": {"executed_lines": [], "summary": {"covered_lines": 0, "num_statements": 0, "percent_covered": 100.0, "percent_covered_display": "100", "missing_lines": 0, "excluded_lines": 0}, "missing_lines": [], "excluded_lines": []}, "GeneratedClause": {"executed_lines": [], "summary": {"covered_lines": 0, "num_statements": 0, "percent_covered": 100.0, "percent_covered_display": "100", "missing_lines": 0, "excluded_lines": 0}, "missing_lines": [], "excluded_lines": []}, "ClauseGenerationResponse": {"executed_lines": [], "summary": {"covered_lines": 0, "num_statements": 0, "percent_covered": 100.0, "percent_covered_display": "100", "missing_lines": 0, "excluded_lines": 0}, "missing_lines": [], "excluded_lines": []}, "TemplateInfo": {"executed_lines": [], "summary": {"covered_lines": 0, "num_statements": 0, "percent_covered": 100.0, "percent_covered_display": "100", "missing_lines": 0, "excluded_lines": 0}, "missing_lines": [], "excluded_lines": []}, "TemplateListResponse": {"executed_lines": [], "summary": {"covered_lines": 0, "num_statements": 0, "percent_covered": 100.0, "percent_covered_display": "100", "missing_lines": 0, "excluded_lines": 0}, "missing_lines": [], "excluded_lines": []}, "AIHealthCheck": {"executed_lines": [], "summary": {"covered_lines": 0, "num_statements": 0, "percent_covered": 100.0, "percent_covered_display": "100", "missing_lines": 0, "excluded_lines": 0}, "missing_lines": [], "excluded_lines": []}, "AIUsageStats": {"executed_lines": [], "summary": {"covered_lines": 0, "num_statements": 0, "percent_covered": 100.0, "percent_covered_display": "100", "missing_lines": 0, "excluded_lines": 0}, "missing_lines": [], "excluded_lines": []}, "": {"executed_lines": [1, 5, 6, 7, 10, 11, 12, 13, 14, 15, 16, 17, 18, 19, 22, 23, 24, 25, 26, 28, 29, 35, 36, 37, 38, 39, 40, 41, 42, 43, 44, 45, 46, 47, 50, 51, 52, 53, 54, 55, 57, 58, 64, 65, 66, 67, 68, 69, 70, 71, 74, 75, 76, 77, 78, 79, 82, 83, 84, 85, 86, 87, 90, 91, 92, 93, 94, 95, 96, 97, 98, 101, 102, 103, 104, 105, 108, 109, 110, 111, 112, 113, 116, 117, 118, 119, 120, 121, 122, 123, 126, 127, 128, 129, 130, 133, 134, 135, 136, 137, 138, 141, 142, 143, 144, 145, 146, 147, 148], "summary": {"covered_lines": 94, "num_statements": 94, "percent_covered": 100.0, "percent_covered_display": "100", "missing_lines": 0, "excluded_lines": 0}, "missing_lines": [], "excluded_lines": []}}}, "app/schemas/analytics.py": {"executed_lines": [1, 5, 6, 7, 8, 11, 12, 13, 14, 15, 16, 17, 20, 21, 22, 23, 24, 25, 26, 27, 28, 29, 30, 31, 32, 33, 36, 37, 38, 39, 40, 41, 42, 43, 46, 47, 48, 49, 50, 51, 52, 53, 56, 57, 58, 59, 60, 63, 64, 65, 66, 67, 68, 69, 70, 71, 74, 75, 76, 77, 78, 79, 80, 81, 82, 83, 84, 85, 88, 89, 90, 91, 92, 93, 94, 95, 96, 97, 100, 101, 102, 103, 104, 105, 106, 107, 110, 111, 112, 113, 114, 115, 116, 117], "summary": {"covered_lines": 83, "num_statements": 83, "percent_covered": 100.0, "percent_covered_display": "100", "missing_lines": 0, "excluded_lines": 0}, "missing_lines": [], "excluded_lines": [], "functions": {"": {"executed_lines": [1, 5, 6, 7, 8, 11, 12, 13, 14, 15, 16, 17, 20, 21, 22, 23, 24, 25, 26, 27, 28, 29, 30, 31, 32, 33, 36, 37, 38, 39, 40, 41, 42, 43, 46, 47, 48, 49, 50, 51, 52, 53, 56, 57, 58, 59, 60, 63, 64, 65, 66, 67, 68, 69, 70, 71, 74, 75, 76, 77, 78, 79, 80, 81, 82, 83, 84, 85, 88, 89, 90, 91, 92, 93, 94, 95, 96, 97, 100, 101, 102, 103, 104, 105, 106, 107, 110, 111, 112, 113, 114, 115, 116, 117], "summary": {"covered_lines": 83, "num_statements": 83, "percent_covered": 100.0, "percent_covered_display": "100", "missing_lines": 0, "excluded_lines": 0}, "missing_lines": [], "excluded_lines": []}}, "classes": {"MetricPeriod": {"executed_lines": [], "summary": {"covered_lines": 0, "num_statements": 0, "percent_covered": 100.0, "percent_covered_display": "100", "missing_lines": 0, "excluded_lines": 0}, "missing_lines": [], "excluded_lines": []}, "BusinessMetricsResponse": {"executed_lines": [], "summary": {"covered_lines": 0, "num_statements": 0, "percent_covered": 100.0, "percent_covered_display": "100", "missing_lines": 0, "excluded_lines": 0}, "missing_lines": [], "excluded_lines": []}, "UserMetricsResponse": {"executed_lines": [], "summary": {"covered_lines": 0, "num_statements": 0, "percent_covered": 100.0, "percent_covered_display": "100", "missing_lines": 0, "excluded_lines": 0}, "missing_lines": [], "excluded_lines": []}, "ContractTypeMetrics": {"executed_lines": [], "summary": {"covered_lines": 0, "num_statements": 0, "percent_covered": 100.0, "percent_covered_display": "100", "missing_lines": 0, "excluded_lines": 0}, "missing_lines": [], "excluded_lines": []}, "TimeSeriesDataPoint": {"executed_lines": [], "summary": {"covered_lines": 0, "num_statements": 0, "percent_covered": 100.0, "percent_covered_display": "100", "missing_lines": 0, "excluded_lines": 0}, "missing_lines": [], "excluded_lines": []}, "TimeSeriesResponse": {"executed_lines": [], "summary": {"covered_lines": 0, "num_statements": 0, "percent_covered": 100.0, "percent_covered_display": "100", "missing_lines": 0, "excluded_lines": 0}, "missing_lines": [], "excluded_lines": []}, "ComplianceMetricsResponse": {"executed_lines": [], "summary": {"covered_lines": 0, "num_statements": 0, "percent_covered": 100.0, "percent_covered_display": "100", "missing_lines": 0, "excluded_lines": 0}, "missing_lines": [], "excluded_lines": []}, "SystemHealthResponse": {"executed_lines": [], "summary": {"covered_lines": 0, "num_statements": 0, "percent_covered": 100.0, "percent_covered_display": "100", "missing_lines": 0, "excluded_lines": 0}, "missing_lines": [], "excluded_lines": []}, "PerformanceMetricsResponse": {"executed_lines": [], "summary": {"covered_lines": 0, "num_statements": 0, "percent_covered": 100.0, "percent_covered_display": "100", "missing_lines": 0, "excluded_lines": 0}, "missing_lines": [], "excluded_lines": []}, "AnalyticsFilter": {"executed_lines": [], "summary": {"covered_lines": 0, "num_statements": 0, "percent_covered": 100.0, "percent_covered_display": "100", "missing_lines": 0, "excluded_lines": 0}, "missing_lines": [], "excluded_lines": []}, "": {"executed_lines": [1, 5, 6, 7, 8, 11, 12, 13, 14, 15, 16, 17, 20, 21, 22, 23, 24, 25, 26, 27, 28, 29, 30, 31, 32, 33, 36, 37, 38, 39, 40, 41, 42, 43, 46, 47, 48, 49, 50, 51, 52, 53, 56, 57, 58, 59, 60, 63, 64, 65, 66, 67, 68, 69, 70, 71, 74, 75, 76, 77, 78, 79, 80, 81, 82, 83, 84, 85, 88, 89, 90, 91, 92, 93, 94, 95, 96, 97, 100, 101, 102, 103, 104, 105, 106, 107, 110, 111, 112, 113, 114, 115, 116, 117], "summary": {"covered_lines": 83, "num_statements": 83, "percent_covered": 100.0, "percent_covered_display": "100", "missing_lines": 0, "excluded_lines": 0}, "missing_lines": [], "excluded_lines": []}}}, "app/schemas/auth.py": {"executed_lines": [1, 5, 6, 7, 10, 11, 12, 13, 16, 17, 18, 19, 20, 21, 22, 25, 26, 27, 28, 29, 32, 33, 34, 37, 38, 39, 42, 43, 44, 45, 48, 49, 50, 51, 54, 55, 56, 57, 58, 59, 60, 61, 62, 63, 65, 66, 69, 70, 71, 72, 73, 76, 77, 78, 79, 80, 83, 84, 85, 86, 87, 88, 89, 90, 91, 93, 94, 97, 98, 99, 100, 101], "summary": {"covered_lines": 59, "num_statements": 59, "percent_covered": 100.0, "percent_covered_display": "100", "missing_lines": 0, "excluded_lines": 0}, "missing_lines": [], "excluded_lines": [], "functions": {"": {"executed_lines": [1, 5, 6, 7, 10, 11, 12, 13, 16, 17, 18, 19, 20, 21, 22, 25, 26, 27, 28, 29, 32, 33, 34, 37, 38, 39, 42, 43, 44, 45, 48, 49, 50, 51, 54, 55, 56, 57, 58, 59, 60, 61, 62, 63, 65, 66, 69, 70, 71, 72, 73, 76, 77, 78, 79, 80, 83, 84, 85, 86, 87, 88, 89, 90, 91, 93, 94, 97, 98, 99, 100, 101], "summary": {"covered_lines": 59, "num_statements": 59, "percent_covered": 100.0, "percent_covered_display": "100", "missing_lines": 0, "excluded_lines": 0}, "missing_lines": [], "excluded_lines": []}}, "classes": {"UserLogin": {"executed_lines": [], "summary": {"covered_lines": 0, "num_statements": 0, "percent_covered": 100.0, "percent_covered_display": "100", "missing_lines": 0, "excluded_lines": 0}, "missing_lines": [], "excluded_lines": []}, "UserRegister": {"executed_lines": [], "summary": {"covered_lines": 0, "num_statements": 0, "percent_covered": 100.0, "percent_covered_display": "100", "missing_lines": 0, "excluded_lines": 0}, "missing_lines": [], "excluded_lines": []}, "Token": {"executed_lines": [], "summary": {"covered_lines": 0, "num_statements": 0, "percent_covered": 100.0, "percent_covered_display": "100", "missing_lines": 0, "excluded_lines": 0}, "missing_lines": [], "excluded_lines": []}, "TokenData": {"executed_lines": [], "summary": {"covered_lines": 0, "num_statements": 0, "percent_covered": 100.0, "percent_covered_display": "100", "missing_lines": 0, "excluded_lines": 0}, "missing_lines": [], "excluded_lines": []}, "PasswordReset": {"executed_lines": [], "summary": {"covered_lines": 0, "num_statements": 0, "percent_covered": 100.0, "percent_covered_display": "100", "missing_lines": 0, "excluded_lines": 0}, "missing_lines": [], "excluded_lines": []}, "PasswordResetConfirm": {"executed_lines": [], "summary": {"covered_lines": 0, "num_statements": 0, "percent_covered": 100.0, "percent_covered_display": "100", "missing_lines": 0, "excluded_lines": 0}, "missing_lines": [], "excluded_lines": []}, "PasswordChange": {"executed_lines": [], "summary": {"covered_lines": 0, "num_statements": 0, "percent_covered": 100.0, "percent_covered_display": "100", "missing_lines": 0, "excluded_lines": 0}, "missing_lines": [], "excluded_lines": []}, "UserProfile": {"executed_lines": [], "summary": {"covered_lines": 0, "num_statements": 0, "percent_covered": 100.0, "percent_covered_display": "100", "missing_lines": 0, "excluded_lines": 0}, "missing_lines": [], "excluded_lines": []}, "UserProfile.Config": {"executed_lines": [], "summary": {"covered_lines": 0, "num_statements": 0, "percent_covered": 100.0, "percent_covered_display": "100", "missing_lines": 0, "excluded_lines": 0}, "missing_lines": [], "excluded_lines": []}, "UserUpdate": {"executed_lines": [], "summary": {"covered_lines": 0, "num_statements": 0, "percent_covered": 100.0, "percent_covered_display": "100", "missing_lines": 0, "excluded_lines": 0}, "missing_lines": [], "excluded_lines": []}, "CompanyCreate": {"executed_lines": [], "summary": {"covered_lines": 0, "num_statements": 0, "percent_covered": 100.0, "percent_covered_display": "100", "missing_lines": 0, "excluded_lines": 0}, "missing_lines": [], "excluded_lines": []}, "CompanyResponse": {"executed_lines": [], "summary": {"covered_lines": 0, "num_statements": 0, "percent_covered": 100.0, "percent_covered_display": "100", "missing_lines": 0, "excluded_lines": 0}, "missing_lines": [], "excluded_lines": []}, "CompanyResponse.Config": {"executed_lines": [], "summary": {"covered_lines": 0, "num_statements": 0, "percent_covered": 100.0, "percent_covered_display": "100", "missing_lines": 0, "excluded_lines": 0}, "missing_lines": [], "excluded_lines": []}, "AuthResponse": {"executed_lines": [], "summary": {"covered_lines": 0, "num_statements": 0, "percent_covered": 100.0, "percent_covered_display": "100", "missing_lines": 0, "excluded_lines": 0}, "missing_lines": [], "excluded_lines": []}, "": {"executed_lines": [1, 5, 6, 7, 10, 11, 12, 13, 16, 17, 18, 19, 20, 21, 22, 25, 26, 27, 28, 29, 32, 33, 34, 37, 38, 39, 42, 43, 44, 45, 48, 49, 50, 51, 54, 55, 56, 57, 58, 59, 60, 61, 62, 63, 65, 66, 69, 70, 71, 72, 73, 76, 77, 78, 79, 80, 83, 84, 85, 86, 87, 88, 89, 90, 91, 93, 94, 97, 98, 99, 100, 101], "summary": {"covered_lines": 59, "num_statements": 59, "percent_covered": 100.0, "percent_covered_display": "100", "missing_lines": 0, "excluded_lines": 0}, "missing_lines": [], "excluded_lines": []}}}, "app/schemas/contracts.py": {"executed_lines": [1, 5, 6, 7, 8, 11, 12, 13, 14, 15, 16, 17, 18, 19, 20, 23, 24, 25, 26, 27, 28, 29, 32, 33, 34, 35, 36, 37, 38, 39, 40, 41, 42, 43, 44, 47, 48, 49, 50, 51, 52, 53, 54, 55, 56, 57, 58, 61, 62, 63, 66, 67, 68, 69, 70, 71, 72, 73, 74, 75, 76, 77, 78, 79, 80, 81, 82, 83, 84, 85, 86, 87, 88, 89, 91, 92, 95, 96, 97, 98, 99, 100, 101, 104, 105, 106, 107, 108, 109, 110, 111, 112, 113, 114, 116, 117, 120, 121, 122, 123, 124, 125, 126, 127, 128, 129, 130, 131, 132, 133, 135, 136, 139, 140, 141, 142, 143, 144, 145, 146, 147, 149, 150, 153, 154, 155, 156, 159, 160, 161, 162, 163, 164, 165, 166, 167, 168, 169, 170, 171, 172, 173, 175, 176, 179, 180, 181, 182, 183, 184, 185, 186, 187, 188, 189], "summary": {"covered_lines": 141, "num_statements": 141, "percent_covered": 100.0, "percent_covered_display": "100", "missing_lines": 0, "excluded_lines": 0}, "missing_lines": [], "excluded_lines": [], "functions": {"": {"executed_lines": [1, 5, 6, 7, 8, 11, 12, 13, 14, 15, 16, 17, 18, 19, 20, 23, 24, 25, 26, 27, 28, 29, 32, 33, 34, 35, 36, 37, 38, 39, 40, 41, 42, 43, 44, 47, 48, 49, 50, 51, 52, 53, 54, 55, 56, 57, 58, 61, 62, 63, 66, 67, 68, 69, 70, 71, 72, 73, 74, 75, 76, 77, 78, 79, 80, 81, 82, 83, 84, 85, 86, 87, 88, 89, 91, 92, 95, 96, 97, 98, 99, 100, 101, 104, 105, 106, 107, 108, 109, 110, 111, 112, 113, 114, 116, 117, 120, 121, 122, 123, 124, 125, 126, 127, 128, 129, 130, 131, 132, 133, 135, 136, 139, 140, 141, 142, 143, 144, 145, 146, 147, 149, 150, 153, 154, 155, 156, 159, 160, 161, 162, 163, 164, 165, 166, 167, 168, 169, 170, 171, 172, 173, 175, 176, 179, 180, 181, 182, 183, 184, 185, 186, 187, 188, 189], "summary": {"covered_lines": 141, "num_statements": 141, "percent_covered": 100.0, "percent_covered_display": "100", "missing_lines": 0, "excluded_lines": 0}, "missing_lines": [], "excluded_lines": []}}, "classes": {"ContractTypeEnum": {"executed_lines": [], "summary": {"covered_lines": 0, "num_statements": 0, "percent_covered": 100.0, "percent_covered_display": "100", "missing_lines": 0, "excluded_lines": 0}, "missing_lines": [], "excluded_lines": []}, "ContractStatusEnum": {"executed_lines": [], "summary": {"covered_lines": 0, "num_statements": 0, "percent_covered": 100.0, "percent_covered_display": "100", "missing_lines": 0, "excluded_lines": 0}, "missing_lines": [], "excluded_lines": []}, "ContractCreate": {"executed_lines": [], "summary": {"covered_lines": 0, "num_statements": 0, "percent_covered": 100.0, "percent_covered_display": "100", "missing_lines": 0, "excluded_lines": 0}, "missing_lines": [], "excluded_lines": []}, "ContractUpdate": {"executed_lines": [], "summary": {"covered_lines": 0, "num_statements": 0, "percent_covered": 100.0, "percent_covered_display": "100", "missing_lines": 0, "excluded_lines": 0}, "missing_lines": [], "excluded_lines": []}, "ContractGenerate": {"executed_lines": [], "summary": {"covered_lines": 0, "num_statements": 0, "percent_covered": 100.0, "percent_covered_display": "100", "missing_lines": 0, "excluded_lines": 0}, "missing_lines": [], "excluded_lines": []}, "ContractResponse": {"executed_lines": [], "summary": {"covered_lines": 0, "num_statements": 0, "percent_covered": 100.0, "percent_covered_display": "100", "missing_lines": 0, "excluded_lines": 0}, "missing_lines": [], "excluded_lines": []}, "ContractResponse.Config": {"executed_lines": [], "summary": {"covered_lines": 0, "num_statements": 0, "percent_covered": 100.0, "percent_covered_display": "100", "missing_lines": 0, "excluded_lines": 0}, "missing_lines": [], "excluded_lines": []}, "ContractListResponse": {"executed_lines": [], "summary": {"covered_lines": 0, "num_statements": 0, "percent_covered": 100.0, "percent_covered_display": "100", "missing_lines": 0, "excluded_lines": 0}, "missing_lines": [], "excluded_lines": []}, "AIGenerationResponse": {"executed_lines": [], "summary": {"covered_lines": 0, "num_statements": 0, "percent_covered": 100.0, "percent_covered_display": "100", "missing_lines": 0, "excluded_lines": 0}, "missing_lines": [], "excluded_lines": []}, "AIGenerationResponse.Config": {"executed_lines": [], "summary": {"covered_lines": 0, "num_statements": 0, "percent_covered": 100.0, "percent_covered_display": "100", "missing_lines": 0, "excluded_lines": 0}, "missing_lines": [], "excluded_lines": []}, "ComplianceScoreResponse": {"executed_lines": [], "summary": {"covered_lines": 0, "num_statements": 0, "percent_covered": 100.0, "percent_covered_display": "100", "missing_lines": 0, "excluded_lines": 0}, "missing_lines": [], "excluded_lines": []}, "ComplianceScoreResponse.Config": {"executed_lines": [], "summary": {"covered_lines": 0, "num_statements": 0, "percent_covered": 100.0, "percent_covered_display": "100", "missing_lines": 0, "excluded_lines": 0}, "missing_lines": [], "excluded_lines": []}, "ContractVersionResponse": {"executed_lines": [], "summary": {"covered_lines": 0, "num_statements": 0, "percent_covered": 100.0, "percent_covered_display": "100", "missing_lines": 0, "excluded_lines": 0}, "missing_lines": [], "excluded_lines": []}, "ContractVersionResponse.Config": {"executed_lines": [], "summary": {"covered_lines": 0, "num_statements": 0, "percent_covered": 100.0, "percent_covered_display": "100", "missing_lines": 0, "excluded_lines": 0}, "missing_lines": [], "excluded_lines": []}, "ContractAnalysisRequest": {"executed_lines": [], "summary": {"covered_lines": 0, "num_statements": 0, "percent_covered": 100.0, "percent_covered_display": "100", "missing_lines": 0, "excluded_lines": 0}, "missing_lines": [], "excluded_lines": []}, "TemplateResponse": {"executed_lines": [], "summary": {"covered_lines": 0, "num_statements": 0, "percent_covered": 100.0, "percent_covered_display": "100", "missing_lines": 0, "excluded_lines": 0}, "missing_lines": [], "excluded_lines": []}, "TemplateResponse.Config": {"executed_lines": [], "summary": {"covered_lines": 0, "num_statements": 0, "percent_covered": 100.0, "percent_covered_display": "100", "missing_lines": 0, "excluded_lines": 0}, "missing_lines": [], "excluded_lines": []}, "ContractSearchParams": {"executed_lines": [], "summary": {"covered_lines": 0, "num_statements": 0, "percent_covered": 100.0, "percent_covered_display": "100", "missing_lines": 0, "excluded_lines": 0}, "missing_lines": [], "excluded_lines": []}, "": {"executed_lines": [1, 5, 6, 7, 8, 11, 12, 13, 14, 15, 16, 17, 18, 19, 20, 23, 24, 25, 26, 27, 28, 29, 32, 33, 34, 35, 36, 37, 38, 39, 40, 41, 42, 43, 44, 47, 48, 49, 50, 51, 52, 53, 54, 55, 56, 57, 58, 61, 62, 63, 66, 67, 68, 69, 70, 71, 72, 73, 74, 75, 76, 77, 78, 79, 80, 81, 82, 83, 84, 85, 86, 87, 88, 89, 91, 92, 95, 96, 97, 98, 99, 100, 101, 104, 105, 106, 107, 108, 109, 110, 111, 112, 113, 114, 116, 117, 120, 121, 122, 123, 124, 125, 126, 127, 128, 129, 130, 131, 132, 133, 135, 136, 139, 140, 141, 142, 143, 144, 145, 146, 147, 149, 150, 153, 154, 155, 156, 159, 160, 161, 162, 163, 164, 165, 166, 167, 168, 169, 170, 171, 172, 173, 175, 176, 179, 180, 181, 182, 183, 184, 185, 186, 187, 188, 189], "summary": {"covered_lines": 141, "num_statements": 141, "percent_covered": 100.0, "percent_covered_display": "100", "missing_lines": 0, "excluded_lines": 0}, "missing_lines": [], "excluded_lines": []}}}, "app/schemas/security.py": {"executed_lines": [1, 5, 6, 7, 8, 11, 12, 13, 14, 15, 16, 17, 18, 19, 22, 23, 24, 25, 26, 27, 30, 31, 32, 33, 34, 35, 36, 39, 40, 41, 42, 43, 44, 45, 48, 49, 50, 51, 52, 55, 56, 57, 58, 59, 60, 61, 64, 65, 66, 67, 68, 69, 70, 71, 72, 75, 76, 77, 78, 79, 82, 83, 84, 85, 86, 87, 88, 89, 90, 93, 94, 95, 96, 97, 98, 99, 100, 101, 102, 103, 104, 105, 107, 108, 111, 112, 113, 114, 115, 116, 117, 120, 121, 122, 123, 124, 125, 126, 127, 128, 129, 132, 133, 134, 135, 136, 137, 138, 139], "summary": {"covered_lines": 95, "num_statements": 95, "percent_covered": 100.0, "percent_covered_display": "100", "missing_lines": 0, "excluded_lines": 0}, "missing_lines": [], "excluded_lines": [], "functions": {"": {"executed_lines": [1, 5, 6, 7, 8, 11, 12, 13, 14, 15, 16, 17, 18, 19, 22, 23, 24, 25, 26, 27, 30, 31, 32, 33, 34, 35, 36, 39, 40, 41, 42, 43, 44, 45, 48, 49, 50, 51, 52, 55, 56, 57, 58, 59, 60, 61, 64, 65, 66, 67, 68, 69, 70, 71, 72, 75, 76, 77, 78, 79, 82, 83, 84, 85, 86, 87, 88, 89, 90, 93, 94, 95, 96, 97, 98, 99, 100, 101, 102, 103, 104, 105, 107, 108, 111, 112, 113, 114, 115, 116, 117, 120, 121, 122, 123, 124, 125, 126, 127, 128, 129, 132, 133, 134, 135, 136, 137, 138, 139], "summary": {"covered_lines": 95, "num_statements": 95, "percent_covered": 100.0, "percent_covered_display": "100", "missing_lines": 0, "excluded_lines": 0}, "missing_lines": [], "excluded_lines": []}}, "classes": {"SecurityEventType": {"executed_lines": [], "summary": {"covered_lines": 0, "num_statements": 0, "percent_covered": 100.0, "percent_covered_display": "100", "missing_lines": 0, "excluded_lines": 0}, "missing_lines": [], "excluded_lines": []}, "SecuritySeverity": {"executed_lines": [], "summary": {"covered_lines": 0, "num_statements": 0, "percent_covered": 100.0, "percent_covered_display": "100", "missing_lines": 0, "excluded_lines": 0}, "missing_lines": [], "excluded_lines": []}, "SecurityEventResponse": {"executed_lines": [], "summary": {"covered_lines": 0, "num_statements": 0, "percent_covered": 100.0, "percent_covered_display": "100", "missing_lines": 0, "excluded_lines": 0}, "missing_lines": [], "excluded_lines": []}, "SecuritySummaryResponse": {"executed_lines": [], "summary": {"covered_lines": 0, "num_statements": 0, "percent_covered": 100.0, "percent_covered_display": "100", "missing_lines": 0, "excluded_lines": 0}, "missing_lines": [], "excluded_lines": []}, "ComplianceCheckRequest": {"executed_lines": [], "summary": {"covered_lines": 0, "num_statements": 0, "percent_covered": 100.0, "percent_covered_display": "100", "missing_lines": 0, "excluded_lines": 0}, "missing_lines": [], "excluded_lines": []}, "ComplianceIssue": {"executed_lines": [], "summary": {"covered_lines": 0, "num_statements": 0, "percent_covered": 100.0, "percent_covered_display": "100", "missing_lines": 0, "excluded_lines": 0}, "missing_lines": [], "excluded_lines": []}, "ComplianceCheckResponse": {"executed_lines": [], "summary": {"covered_lines": 0, "num_statements": 0, "percent_covered": 100.0, "percent_covered_display": "100", "missing_lines": 0, "excluded_lines": 0}, "missing_lines": [], "excluded_lines": []}, "GDPRDataRequest": {"executed_lines": [], "summary": {"covered_lines": 0, "num_statements": 0, "percent_covered": 100.0, "percent_covered_display": "100", "missing_lines": 0, "excluded_lines": 0}, "missing_lines": [], "excluded_lines": []}, "GDPRDataResponse": {"executed_lines": [], "summary": {"covered_lines": 0, "num_statements": 0, "percent_covered": 100.0, "percent_covered_display": "100", "missing_lines": 0, "excluded_lines": 0}, "missing_lines": [], "excluded_lines": []}, "AuditLogEntry": {"executed_lines": [], "summary": {"covered_lines": 0, "num_statements": 0, "percent_covered": 100.0, "percent_covered_display": "100", "missing_lines": 0, "excluded_lines": 0}, "missing_lines": [], "excluded_lines": []}, "AuditLogEntry.Config": {"executed_lines": [], "summary": {"covered_lines": 0, "num_statements": 0, "percent_covered": 100.0, "percent_covered_display": "100", "missing_lines": 0, "excluded_lines": 0}, "missing_lines": [], "excluded_lines": []}, "AuditLogResponse": {"executed_lines": [], "summary": {"covered_lines": 0, "num_statements": 0, "percent_covered": 100.0, "percent_covered_display": "100", "missing_lines": 0, "excluded_lines": 0}, "missing_lines": [], "excluded_lines": []}, "SecurityConfigResponse": {"executed_lines": [], "summary": {"covered_lines": 0, "num_statements": 0, "percent_covered": 100.0, "percent_covered_display": "100", "missing_lines": 0, "exclud
[...]
 0}, "missing_lines": [], "excluded_lines": [], "functions": {"": {"executed_lines": [], "summary": {"covered_lines": 0, "num_statements": 0, "percent_covered": 100.0, "percent_covered_display": "100", "missing_lines": 0, "excluded_lines": 0}, "missing_lines": [], "excluded_lines": []}}, "classes": {"": {"executed_lines": [], "summary": {"covered_lines": 0, "num_statements": 0, "percent_covered": 100.0, "percent_covered_display": "100", "missing_lines": 0, "excluded_lines": 0}, "missing_lines": [], "excluded_lines": []}}}, "app/services/ai_service.py": {"executed_lines": [1, 6, 7, 8, 9, 10, 11, 13, 15, 18, 19, 20, 21, 22, 23, 26, 27, 28, 29, 30, 31, 32, 33, 36, 37, 38, 39, 40, 41, 42, 43, 44, 45, 46, 49, 50, 51, 52, 53, 56, 57, 58, 59, 60, 61, 62, 63, 64, 65, 66, 69, 70, 72, 73, 74, 75, 77, 132, 153, 173, 195, 227, 263, 283, 323, 352], "summary": {"covered_lines": 59, "num_statements": 113, "percent_covered": 52.21238938053097, "percent_covered_display": "52", "missing_lines": 54, "excluded_lines": 0}, "missing_lines": [79, 81, 83, 95, 96, 97, 100, 107, 110, 113, 115, 128, 129, 130, 136, 138, 151, 156, 158, 168, 171, 175, 180, 183, 198, 225, 230, 261, 267, 270, 271, 272, 273, 276, 277, 278, 281, 286, 288, 289, 291, 292, 293, 295, 307, 308, 311, 325, 327, 333, 335, 342, 343, 344], "excluded_lines": [], "functions": {"GroqAIService.__init__": {"executed_lines": [73, 74, 75], "summary": {"covered_lines": 3, "num_statements": 3, "percent_covered": 100.0, "percent_covered_display": "100", "missing_lines": 0, "excluded_lines": 0}, "missing_lines": [], "excluded_lines": []}, "GroqAIService.generate_content": {"executed_lines": [], "summary": {"covered_lines": 0, "num_statements": 14, "percent_covered": 0.0, "percent_covered_display": "0", "missing_lines": 14, "excluded_lines": 0}, "missing_lines": [79, 81, 83, 95, 96, 97, 100, 107, 110, 113, 115, 128, 129, 130], "excluded_lines": []}, "GroqAIService.generate_contract": {"executed_lines": [], "summary": {"covered_lines": 0, "num_statements": 3, "percent_covered": 0.0, "percent_covered_display": "0", "missing_lines": 3, "excluded_lines": 0}, "missing_lines": [136, 138, 151], "excluded_lines": []}, "GroqAIService.analyze_compliance": {"executed_lines": [], "summary": {"covered_lines": 0, "num_statements": 4, "percent_covered": 0.0, "percent_covered_display": "0", "missing_lines": 4, "excluded_lines": 0}, "missing_lines": [156, 158, 168, 171], "excluded_lines": []}, "GroqAIService.validate_contract_compliance": {"executed_lines": [], "summary": {"covered_lines": 0, "num_statements": 3, "percent_covered": 0.0, "percent_covered_display": "0", "missing_lines": 3, "excluded_lines": 0}, "missing_lines": [175, 180, 183], "excluded_lines": []}, "GroqAIService._build_contract_prompt": {"executed_lines": [], "summary": {"covered_lines": 0, "num_statements": 2, "percent_covered": 0.0, "percent_covered_display": "0", "missing_lines": 2, "excluded_lines": 0}, "missing_lines": [198, 225], "excluded_lines": []}, "GroqAIService._build_compliance_prompt": {"executed_lines": [], "summary": {"covered_lines": 0, "num_statements": 2, "percent_covered": 0.0, "percent_covered_display": "0", "missing_lines": 2, "excluded_lines": 0}, "missing_lines": [230, 261], "excluded_lines": []}, "GroqAIService._calculate_confidence_score": {"executed_lines": [], "summary": {"covered_lines": 0, "num_statements": 9, "percent_covered": 0.0, "percent_covered_display": "0", "missing_lines": 9, "excluded_lines": 0}, "missing_lines": [267, 270, 271, 272, 273, 276, 277, 278, 281], "excluded_lines": []}, "GroqAIService._parse_compliance_response": {"executed_lines": [], "summary": {"covered_lines": 0, "num_statements": 10, "percent_covered": 0.0, "percent_covered_display": "0", "missing_lines": 10, "excluded_lines": 0}, "missing_lines": [286, 288, 289, 291, 292, 293, 295, 307, 308, 311], "excluded_lines": []}, "GroqAIService.health_check": {"executed_lines": [], "summary": {"covered_lines": 0, "num_statements": 7, "percent_covered": 0.0, "percent_covered_display": "0", "missing_lines": 7, "excluded_lines": 0}, "missing_lines": [325, 327, 333, 335, 342, 343, 344], "excluded_lines": []}, "": {"executed_lines": [1, 6, 7, 8, 9, 10, 11, 13, 15, 18, 19, 20, 21, 22, 23, 26, 27, 28, 29, 30, 31, 32, 33, 36, 37, 38, 39, 40, 41, 42, 43, 44, 45, 46, 49, 50, 51, 52, 53, 56, 57, 58, 59, 60, 61, 62, 63, 64, 65, 66, 69, 70, 72, 77, 132, 153, 173, 195, 227, 263, 283, 323, 352], "summary": {"covered_lines": 56, "num_statements": 56, "percent_covered": 100.0, "percent_covered_display": "100", "missing_lines": 0, "excluded_lines": 0}, "missing_lines": [], "excluded_lines": []}}, "classes": {"AIGenerationRequest": {"executed_lines": [], "summary": {"covered_lines": 0, "num_statements": 0, "percent_covered": 100.0, "percent_covered_display": "100", "missing_lines": 0, "excluded_lines": 0}, "missing_lines": [], "excluded_lines": []}, "AIGenerationResponse": {"executed_lines": [], "summary": {"covered_lines": 0, "num_statements": 0, "percent_covered": 100.0, "percent_covered_display": "100", "missing_lines": 0, "excluded_lines": 0}, "missing_lines": [], "excluded_lines": []}, "ContractGenerationRequest": {"executed_lines": [], "summary": {"covered_lines": 0, "num_statements": 0, "percent_covered": 100.0, "percent_covered_display": "100", "missing_lines": 0, "excluded_lines": 0}, "missing_lines": [], "excluded_lines": []}, "ComplianceAnalysisRequest": {"executed_lines": [], "summary": {"covered_lines": 0, "num_statements": 0, "percent_covered": 100.0, "percent_covered_display": "100", "missing_lines": 0, "excluded_lines": 0}, "missing_lines": [], "excluded_lines": []}, "ComplianceAnalysisResponse": {"executed_lines": [], "summary": {"covered_lines": 0, "num_statements": 0, "percent_covered": 100.0, "percent_covered_display": "100", "missing_lines": 0, "excluded_lines": 0}, "missing_lines": [], "excluded_lines": []}, "GroqAIService": {"executed_lines": [73, 74, 75], "summary": {"covered_lines": 3, "num_statements": 57, "percent_covered": 5.2631578947368425, "percent_covered_display": "5", "missing_lines": 54, "excluded_lines": 0}, "missing_lines": [79, 81, 83, 95, 96, 97, 100, 107, 110, 113, 115, 128, 129, 130, 136, 138, 151, 156, 158, 168, 171, 175, 180, 183, 198, 225, 230, 261, 267, 270, 271, 272, 273, 276, 277, 278, 281, 286, 288, 289, 291, 292, 293, 295, 307, 308, 311, 325, 327, 333, 335, 342, 343, 344], "excluded_lines": []}, "": {"executed_lines": [1, 6, 7, 8, 9, 10, 11, 13, 15, 18, 19, 20, 21, 22, 23, 26, 27, 28, 29, 30, 31, 32, 33, 36, 37, 38, 39, 40, 41, 42, 43, 44, 45, 46, 49, 50, 51, 52, 53, 56, 57, 58, 59, 60, 61, 62, 63, 64, 65, 66, 69, 70, 72, 77, 132, 153, 173, 195, 227, 263, 283, 323, 352], "summary": {"covered_lines": 56, "num_statements": 56, "percent_covered": 100.0, "percent_covered_display": "100", "missing_lines": 0, "excluded_lines": 0}, "missing_lines": [], "excluded_lines": []}}}, "app/services/contract_service.py": {"executed_lines": [1, 5, 6, 7, 8, 10, 12, 15, 16, 21, 26, 70, 74, 109, 156, 171, 185, 209, 229, 250, 259], "summary": {"covered_lines": 19, "num_statements": 84, "percent_covered": 22.61904761904762, "percent_covered_display": "23", "missing_lines": 65, "excluded_lines": 0}, "missing_lines": [23, 24, 40, 42, 59, 62, 67, 68, 72, 84, 85, 86, 89, 90, 91, 95, 98, 99, 100, 102, 104, 106, 107, 121, 127, 128, 133, 134, 140, 143, 144, 145, 146, 148, 160, 161, 162, 164, 165, 166, 168, 169, 176, 182, 183, 194, 196, 206, 207, 214, 215, 216, 219, 226, 227, 231, 236, 248, 252, 257, 261, 262, 263, 264, 265], "excluded_lines": [], "functions": {"ContractService.__init__": {"executed_lines": [], "summary": {"covered_lines": 0, "num_statements": 2, "percent_covered": 0.0, "percent_covered_display": "0", "missing_lines": 2, "excluded_lines": 0}, "missing_lines": [23, 24], "excluded_lines": []}, "ContractService.create_contract": {"executed_lines": [], "summary": {"covered_lines": 0, "num_statements": 6, "percent_covered": 0.0, "percent_covered_display": "0", "missing_lines": 6, "excluded_lines": 0}, "missing_lines": [40, 42, 59, 62, 67, 68], "excluded_lines": []}, "ContractService.get_contract": {"executed_lines": [], "summary": {"covered_lines": 0, "num_statements": 1, "percent_covered": 0.0, "percent_covered_display": "0", "missing_lines": 1, "excluded_lines": 0}, "missing_lines": [72], "excluded_lines": []}, "ContractService.update_contract": {"executed_lines": [], "summary": {"covered_lines": 0, "num_statements": 14, "percent_covered": 0.0, "percent_covered_display": "0", "missing_lines": 14, "excluded_lines": 0}, "missing_lines": [84, 85, 86, 89, 90, 91, 95, 98, 99, 100, 102, 104, 106, 107], "excluded_lines": []}, "ContractService.list_contracts": {"executed_lines": [], "summary": {"covered_lines": 0, "num_statements": 11, "percent_covered": 0.0, "percent_covered_display": "0", "missing_lines": 11, "excluded_lines": 0}, "missing_lines": [121, 127, 128, 133, 134, 140, 143, 144, 145, 146, 148], "excluded_lines": []}, "ContractService.delete_contract": {"executed_lines": [], "summary": {"covered_lines": 0, "num_statements": 8, "percent_covered": 0.0, "percent_covered_display": "0", "missing_lines": 8, "excluded_lines": 0}, "missing_lines": [160, 161, 162, 164, 165, 166, 168, 169], "excluded_lines": []}, "ContractService.get_contract_versions": {"executed_lines": [], "summary": {"covered_lines": 0, "num_statements": 3, "percent_covered": 0.0, "percent_covered_display": "0", "missing_lines": 3, "excluded_lines": 0}, "missing_lines": [176, 182, 183], "excluded_lines": []}, "ContractService._create_version": {"executed_lines": [], "summary": {"covered_lines": 0, "num_statements": 4, "percent_covered": 0.0, "percent_covered_display": "0", "missing_lines": 4, "excluded_lines": 0}, "missing_lines": [194, 196, 206, 207], "excluded_lines": []}, "ContractService.export_contract_pdf": {"executed_lines": [], "summary": {"covered_lines": 0, "num_statements": 6, "percent_covered": 0.0, "percent_covered_display": "0", "missing_lines": 6, "excluded_lines": 0}, "missing_lines": [214, 215, 216, 219, 226, 227], "excluded_lines": []}, "ContractService.get_contract_statistics": {"executed_lines": [], "summary": {"covered_lines": 0, "num_statements": 3, "percent_covered": 0.0, "percent_covered_display": "0", "missing_lines": 3, "excluded_lines": 0}, "missing_lines": [231, 236, 248], "excluded_lines": []}, "ContractService._calculate_avg_compliance": {"executed_lines": [], "summary": {"covered_lines": 0, "num_statements": 2, "percent_covered": 0.0, "percent_covered_display": "0", "missing_lines": 2, "excluded_lines": 0}, "missing_lines": [252, 257], "excluded_lines": []}, "ContractService._get_contract_type_breakdown": {"executed_lines": [], "summary": {"covered_lines": 0, "num_statements": 5, "percent_covered": 0.0, "percent_covered_display": "0", "missing_lines": 5, "excluded_lines": 0}, "missing_lines": [261, 262, 263, 264, 265], "excluded_lines": []}, "": {"executed_lines": [1, 5, 6, 7, 8, 10, 12, 15, 16, 21, 26, 70, 74, 109, 156, 171, 185, 209, 229, 250, 259], "summary": {"covered_lines": 19, "num_statements": 19, "percent_covered": 100.0, "percent_covered_display": "100", "missing_lines": 0, "excluded_lines": 0}, "missing_lines": [], "excluded_lines": []}}, "classes": {"ContractService": {"executed_lines": [], "summary": {"covered_lines": 0, "num_statements": 65, "percent_covered": 0.0, "percent_covered_display": "0", "missing_lines": 65, "excluded_lines": 0}, "missing_lines": [23, 24, 40, 42, 59, 62, 67, 68, 72, 84, 85, 86, 89, 90, 91, 95, 98, 99, 100, 102, 104, 106, 107, 121, 127, 128, 133, 134, 140, 143, 144, 145, 146, 148, 160, 161, 162, 164, 165, 166, 168, 169, 176, 182, 183, 194, 196, 206, 207, 214, 215, 216, 219, 226, 227, 231, 236, 248, 252, 257, 261, 262, 263, 264, 265], "excluded_lines": []}, "": {"executed_lines": [1, 5, 6, 7, 8, 10, 12, 15, 16, 21, 26, 70, 74, 109, 156, 171, 185, 209, 229, 250, 259], "summary": {"covered_lines": 19, "num_statements": 19, "percent_covered": 100.0, "percent_covered_display": "100", "missing_lines": 0, "excluded_lines": 0}, "missing_lines": [], "excluded_lines": []}}}, "app/services/security_service.py": {"executed_lines": [1, 5, 6, 7, 8, 9, 10, 11, 13, 16, 17, 18, 26, 27, 29, 30, 31, 33, 66, 82, 83, 85, 86, 87, 90, 101, 103, 140, 161, 194, 212, 225, 250, 266, 269, 270, 272, 275, 295], "summary": {"covered_lines": 34, "num_statements": 125, "percent_covered": 27.2, "percent_covered_display": "27", "missing_lines": 91, "excluded_lines": 0}, "missing_lines": [19, 20, 21, 22, 23, 35, 38, 39, 40, 42, 45, 46, 49, 50, 56, 58, 59, 62, 64, 68, 70, 71, 73, 74, 79, 107, 110, 111, 112, 115, 116, 117, 120, 122, 124, 125, 135, 136, 138, 142, 144, 145, 156, 157, 159, 163, 166, 167, 170, 171, 176, 179, 180, 181, 192, 197, 198, 200, 210, 214, 217, 218, 221, 227, 229, 235, 236, 238, 239, 240, 242, 253, 254, 255, 257, 258, 259, 262, 273, 279, 280, 286, 291, 292, 297, 298, 299, 300, 304, 305, 306], "excluded_lines": [], "functions": {"SecurityEvent.__init__": {"executed_lines": [], "summary": {"covered_lines": 0, "num_statements": 5, "percent_covered": 0.0, "percent_covered_display": "0", "missing_lines": 5, "excluded_lines": 0}, "missing_lines": [19, 20, 21, 22, 23], "excluded_lines": []}, "RateLimiter.__init__": {"executed_lines": [30, 31], "summary": {"covered_lines": 2, "num_statements": 2, "percent_covered": 100.0, "percent_covered_display": "100", "missing_lines": 0, "excluded_lines": 0}, "missing_lines": [], "excluded_lines": []}, "RateLimiter.is_allowed": {"executed_lines": [], "summary": {"covered_lines": 0, "num_statements": 14, "percent_covered": 0.0, "percent_covered_display": "0", "missing_lines": 14, "excluded_lines": 0}, "missing_lines": [35, 38, 39, 40, 42, 45, 46, 49, 50, 56, 58, 59, 62, 64], "excluded_lines": []}, "RateLimiter.get_remaining_requests": {"executed_lines": [], "summary": {"covered_lines": 0, "num_statements": 6, "percent_covered": 0.0, "percent_covered_display": "0", "missing_lines": 6, "excluded_lines": 0}, "missing_lines": [68, 70, 71, 73, 74, 79], "excluded_lines": []}, "SecurityMonitor.__init__": {"executed_lines": [86, 87, 90, 101], "summary": {"covered_lines": 4, "num_statements": 4, "percent_covered": 100.0, "percent_covered_display": "100", "missing_lines": 0, "excluded_lines": 0}, "missing_lines": [], "excluded_lines": []}, "SecurityMonitor.analyze_request": {"executed_lines": [], "summary": {"covered_lines": 0, "num_statements": 14, "percent_covered": 0.0, "percent_covered_display": "0", "missing_lines": 14, "excluded_lines": 0}, "missing_lines": [107, 110, 111, 112, 115, 116, 117, 120, 122, 124, 125, 135, 136, 138], "excluded_lines": []}, "SecurityMonitor.check_rate_limit": {"executed_lines": [], "summary": {"covered_lines": 0, "num_statements": 6, "percent_covered": 0.0, "percent_covered_display": "0", "missing_lines": 6, "excluded_lines": 0}, "missing_lines": [142, 144, 145, 156, 157, 159], "excluded_lines": []}, "SecurityMonitor.log_failed_login": {"executed_lines": [], "summary": {"covered_lines": 0, "num_statements": 10, "percent_covered": 0.0, "percent_covered_display": "0", "missing_lines": 10, "excluded_lines": 0}, "missing_lines": [163, 166, 167, 170, 171, 176, 179, 180, 181, 192], "excluded_lines": []}, "SecurityMonitor.log_successful_login": {"executed_lines": [], "summary": {"covered_lines": 0, "num_statements": 4, "percent_covered": 0.0, "percent_covered_display": "0", "missing_lines": 4, "excluded_lines": 0}, "missing_lines": [197, 198, 200, 210], "excluded_lines": []}, "SecurityMonitor.log_security_event": {"executed_lines": [], "summary": {"covered_lines": 0, "num_statements": 4, "percent_covered": 0.0, "percent_covered_display": "0", "missing_lines": 4, "excluded_lines": 0}, "missing_lines": [214, 217, 218, 221], "excluded_lines": []}, "SecurityMonitor.get_security_summary": {"executed_lines": [], "summary": {"covered_lines": 0, "num_statements": 8, "percent_covered": 0.0, "percent_covered_display": "0", "missing_lines": 8, "excluded_lines": 0}, "missing_lines": [227, 229, 235, 236, 238, 239, 240, 242], "excluded_lines": []}, "SecurityMonitor.get_client_ip": {"executed_lines": [], "summary": {"covered_lines": 0, "num_statements": 7, "percent_covered": 0.0, "percent_covered_display": "0", "missing_lines": 7, "excluded_lines": 0}, "missing_lines": [253, 254, 255, 257, 258, 259, 262], "excluded_lines": []}, "SecurityMiddleware.__init__": {"executed_lines": [], "summary": {"covered_lines": 0, "num_statements": 1, "percent_covered": 0.0, "percent_covered_display": "0", "missing_lines": 1, "excluded_lines": 0}, "missing_lines": [273], "excluded_lines": []}, "SecurityMiddleware.__call__": {"executed_lines": [], "summary": {"covered_lines": 0, "num_statements": 5, "percent_covered": 0.0, "percent_covered_display": "0", "missing_lines": 5, "excluded_lines": 0}, "missing_lines": [279, 280, 286, 291, 292], "excluded_lines": []}, "require_https": {"executed_lines": [], "summary": {"covered_lines": 0, "num_statements": 2, "percent_covered": 0.0, "percent_covered_display": "0", "missing_lines": 2, "excluded_lines": 0}, "missing_lines": [297, 306], "excluded_lines": []}, "require_https.decorator": {"executed_lines": [], "summary": {"covered_lines": 0, "num_statements": 2, "percent_covered": 0.0, "percent_covered_display": "0", "missing_lines": 2, "excluded_lines": 0}, "missing_lines": [298, 305], "excluded_lines": []}, "require_https.decorator.wrapper": {"executed_lines": [], "summary": {"covered_lines": 0, "num_statements": 3, "percent_covered": 0.0, "percent_covered_display": "0", "missing_lines": 3, "excluded_lines": 0}, "missing_lines": [299, 300, 304], "excluded_lines": []}, "": {"executed_lines": [1, 5, 6, 7, 8, 9, 10, 11, 13, 16, 17, 18, 26, 27, 29, 33, 66, 82, 83, 85, 103, 140, 161, 194, 212, 225, 250, 266, 269, 270, 272, 275, 295], "summary": {"covered_lines": 28, "num_statements": 28, "percent_covered": 100.0, "percent_covered_display": "100", "missing_lines": 0, "excluded_lines": 0}, "missing_lines": [], "excluded_lines": []}}, "classes": {"SecurityEvent": {"executed_lines": [], "summary": {"covered_lines": 0, "num_statements": 5, "percent_covered": 0.0, "percent_covered_display": "0", "missing_lines": 5, "excluded_lines": 0}, "missing_lines": [19, 20, 21, 22, 23], "excluded_lines": []}, "RateLimiter": {"executed_lines": [30, 31], "summary": {"covered_lines": 2, "num_statements": 22, "percent_covered": 9.090909090909092, "percent_covered_display": "9", "missing_lines": 20, "excluded_lines": 0}, "missing_lines": [35, 38, 39, 40, 42, 45, 46, 49, 50, 56, 58, 59, 62, 64, 68, 70, 71, 73, 74, 79], "excluded_lines": []}, "SecurityMonitor": {"executed_lines": [86, 87, 90, 101], "summary": {"covered_lines": 4, "num_statements": 57, "percent_covered": 7.017543859649122, "percent_covered_display": "7", "missing_lines": 53, "excluded_lines": 0}, "missing_lines": [107, 110, 111, 112, 115, 116, 117, 120, 122, 124, 125, 135, 136, 138, 142, 144, 145, 156, 157, 159, 163, 166, 167, 170, 171, 176, 179, 180, 181, 192, 197, 198, 200, 210, 214, 217, 218, 221, 227, 229, 235, 236, 238, 239, 240, 242, 253, 254, 255, 257, 258, 259, 262], "excluded_lines": []}, "SecurityMiddleware": {"executed_lines": [], "summary": {"covered_lines": 0, "num_statements": 6, "percent_covered": 0.0, "percent_covered_display": "0", "missing_lines": 6, "excluded_lines": 0}, "missing_lines": [273, 279, 280, 286, 291, 292], "excluded_lines": []}, "": {"executed_lines": [1, 5, 6, 7, 8, 9, 10, 11, 13, 16, 17, 18, 26, 27, 29, 33, 66, 82, 83, 85, 103, 140, 161, 194, 212, 225, 250, 266, 269, 270, 272, 275, 295], "summary": {"covered_lines": 28, "num_statements": 35, "percent_covered": 80.0, "percent_covered_display": "80", "missing_lines": 7, "excluded_lines": 0}, "missing_lines": [297, 298, 299, 300, 304, 305, 306], "excluded_lines": []}}}}, "totals": {"covered_lines": 1048, "num_statements": 1893, "percent_covered": 55.361859482303224, "percent_covered_display": "55", "missing_lines": 845, "excluded_lines": 0}}