{"meta": {"format": 3, "version": "7.8.2", "timestamp": "2025-09-01T19:26:17.757129", "branch_coverage": false, "show_contexts": false}, "files": {"app/__init__.py": {"executed_lines": [0], "summary": {"covered_lines": 0, "num_statements": 0, "percent_covered": 100.0, "percent_covered_display": "100", "missing_lines": 0, "excluded_lines": 0}, "missing_lines": [], "excluded_lines": [], "functions": {"": {"executed_lines": [], "summary": {"covered_lines": 0, "num_statements": 0, "percent_covered": 100.0, "percent_covered_display": "100", "missing_lines": 0, "excluded_lines": 0}, "missing_lines": [], "excluded_lines": []}}, "classes": {"": {"executed_lines": [], "summary": {"covered_lines": 0, "num_statements": 0, "percent_covered": 100.0, "percent_covered_display": "100", "missing_lines": 0, "excluded_lines": 0}, "missing_lines": [], "excluded_lines": []}}}, "app/api/__init__.py": {"executed_lines": [0], "summary": {"covered_lines": 0, "num_statements": 0, "percent_covered": 100.0, "percent_covered_display": "100", "missing_lines": 0, "excluded_lines": 0}, "missing_lines": [], "excluded_lines": [], "functions": {"": {"executed_lines": [], "summary": {"covered_lines": 0, "num_statements": 0, "percent_covered": 100.0, "percent_covered_display": "100", "missing_lines": 0, "excluded_lines": 0}, "missing_lines": [], "excluded_lines": []}}, "classes": {"": {"executed_lines": [], "summary": {"covered_lines": 0, "num_statements": 0, "percent_covered": 100.0, "percent_covered_display": "100", "missing_lines": 0, "excluded_lines": 0}, "missing_lines": [], "excluded_lines": []}}}, "app/api/v1/__init__.py": {"executed_lines": [0], "summary": {"covered_lines": 0, "num_statements": 0, "percent_covered": 100.0, "percent_covered_display": "100", "missing_lines": 0, "excluded_lines": 0}, "missing_lines": [], "excluded_lines": [], "functions": {"": {"executed_lines": [], "summary": {"covered_lines": 0, "num_statements": 0, "percent_covered": 100.0, "percent_covered_display": "100", "missing_lines": 0, "excluded_lines": 0}, "missing_lines": [], "excluded_lines": []}}, "classes": {"": {"executed_lines": [], "summary": {"covered_lines": 0, "num_statements": 0, "percent_covered": 100.0, "percent_covered_display": "100", "missing_lines": 0, "excluded_lines": 0}, "missing_lines": [], "excluded_lines": []}}}, "app/api/v1/ai.py": {"executed_lines": [1, 5, 6, 7, 9, 10, 20, 22, 23, 25, 28, 29, 33, 35, 54, 55, 63, 64, 67, 72, 86, 87, 88, 94, 95, 103, 104, 107, 126, 141, 142, 151, 152, 155, 182, 184, 208, 209, 254, 255, 263, 265, 301, 302, 304], "summary": {"covered_lines": 44, "num_statements": 63, "percent_covered": 69.84126984126983, "percent_covered_display": "70", "missing_lines": 19, "excluded_lines": 0}, "missing_lines": [46, 47, 48, 133, 134, 135, 200, 201, 202, 217, 218, 221, 239, 246, 247, 248, 310, 311, 312], "excluded_lines": [], "functions": {"ai_health_check": {"executed_lines": [33, 35], "summary": {"covered_lines": 2, "num_statements": 5, "percent_covered": 40.0, "percent_covered_display": "40", "missing_lines": 3, "excluded_lines": 0}, "missing_lines": [46, 47, 48], "excluded_lines": []}, "analyze_contract": {"executed_lines": [63, 64, 67, 72, 86, 87, 88], "summary": {"covered_lines": 7, "num_statements": 7, "percent_covered": 100.0, "percent_covered_display": "100", "missing_lines": 0, "excluded_lines": 0}, "missing_lines": [], "excluded_lines": []}, "recommend_template": {"executed_lines": [103, 104, 107, 126], "summary": {"covered_lines": 4, "num_statements": 7, "percent_covered": 57.142857142857146, "percent_covered_display": "57", "missing_lines": 3, "excluded_lines": 0}, "missing_lines": [133, 134, 135], "excluded_lines": []}, "assess_contract_risk": {"executed_lines": [151, 152, 155, 182, 184], "summary": {"covered_lines": 5, "num_statements": 8, "percent_covered": 62.5, "percent_covered_display": "62", "missing_lines": 3, "excluded_lines": 0}, "missing_lines": [200, 201, 202], "excluded_lines": []}, "generate_additional_clauses": {"executed_lines": [], "summary": {"covered_lines": 0, "num_statements": 7, "percent_covered": 0.0, "percent_covered_display": "0", "missing_lines": 7, "excluded_lines": 0}, "missing_lines": [217, 218, 221, 239, 246, 247, 248], "excluded_lines": []}, "list_available_templates": {"executed_lines": [263, 265, 301, 302, 304], "summary": {"covered_lines": 5, "num_statements": 8, "percent_covered": 62.5, "percent_covered_display": "62", "missing_lines": 3, "excluded_lines": 0}, "missing_lines": [310, 311, 312], "excluded_lines": []}, "": {"executed_lines": [1, 5, 6, 7, 9, 10, 20, 22, 23, 25, 28, 29, 54, 55, 94, 95, 141, 142, 208, 209, 254, 255], "summary": {"covered_lines": 21, "num_statements": 21, "percent_covered": 100.0, "percent_covered_display": "100", "missing_lines": 0, "excluded_lines": 0}, "missing_lines": [], "excluded_lines": []}}, "classes": {"": {"executed_lines": [1, 5, 6, 7, 9, 10, 20, 22, 23, 25, 28, 29, 33, 35, 54, 55, 63, 64, 67, 72, 86, 87, 88, 94, 95, 103, 104, 107, 126, 141, 142, 151, 152, 155, 182, 184, 208, 209, 254, 255, 263, 265, 301, 302, 304], "summary": {"covered_lines": 44, "num_statements": 63, "percent_covered": 69.84126984126983, "percent_covered_display": "70", "missing_lines": 19, "excluded_lines": 0}, "missing_lines": [46, 47, 48, 133, 134, 135, 200, 201, 202, 217, 218, 221, 239, 246, 247, 248, 310, 311, 312], "excluded_lines": []}}}, "app/api/v1/analytics.py": {"executed_lines": [1, 5, 6, 7, 8, 9, 10, 12, 13, 14, 15, 19, 25, 29, 31, 34, 79, 168, 169, 266, 267, 330, 331, 372, 373, 464, 465, 536, 537, 577, 578], "summary": {"covered_lines": 30, "num_statements": 179, "percent_covered": 16.75977653631285, "percent_covered_display": "17", "missing_lines": 149, "excluded_lines": 0}, "missing_lines": [86, 87, 88, 89, 92, 96, 101, 102, 103, 104, 105, 108, 109, 110, 111, 112, 114, 115, 116, 117, 119, 120, 122, 123, 126, 127, 128, 130, 144, 145, 146, 147, 148, 149, 150, 151, 152, 154, 155, 157, 176, 181, 187, 193, 199, 206, 215, 216, 219, 225, 231, 232, 233, 235, 240, 246, 247, 248, 250, 274, 276, 277, 282, 283, 289, 292, 296, 299, 310, 320, 338, 348, 350, 351, 353, 360, 369, 382, 383, 385, 387, 388, 389, 390, 392, 394, 402, 403, 404, 405, 406, 408, 410, 421, 427, 428, 429, 436, 437, 440, 441, 443, 444, 445, 446, 448, 449, 450, 451, 453, 472, 483, 488, 494, 500, 501, 508, 509, 510, 511, 512, 513, 516, 522, 544, 545, 546, 547, 548, 549, 552, 553, 554, 555, 556, 559, 560, 561, 562, 563, 565, 585, 598, 599, 600, 603, 606, 614, 621], "excluded_lines": [], "functions": {"get_dashboard_analytics": {"executed_lines": [], "summary": {"covered_lines": 0, "num_statements": 40, "percent_covered": 0.0, "percent_covered_display": "0", "missing_lines": 40, "excluded_lines": 0}, "missing_lines": [86, 87, 88, 89, 92, 96, 101, 102, 103, 104, 105, 108, 109, 110, 111, 112, 114, 115, 116, 117, 119, 120, 122, 123, 126, 127, 128, 130, 144, 145, 146, 147, 148, 149, 150, 151, 152, 154, 155, 157], "excluded_lines": []}, "get_business_metrics": {"executed_lines": [], "summary": {"covered_lines": 0, "num_statements": 19, "percent_covered": 0.0, "percent_covered_display": "0", "missing_lines": 19, "excluded_lines": 0}, "missing_lines": [176, 181, 187, 193, 199, 206, 215, 216, 219, 225, 231, 232, 233, 235, 240, 246, 247, 248, 250], "excluded_lines": []}, "get_user_metrics": {"executed_lines": [], "summary": {"covered_lines": 0, "num_statements": 11, "percent_covered": 0.0, "percent_covered_display": "0", "missing_lines": 11, "excluded_lines": 0}, "missing_lines": [274, 276, 277, 282, 283, 289, 292, 296, 299, 310, 320], "excluded_lines": []}, "get_contract_type_metrics": {"executed_lines": [], "summary": {"covered_lines": 0, "num_statements": 7, "percent_covered": 0.0, "percent_covered_display": "0", "missing_lines": 7, "excluded_lines": 0}, "missing_lines": [338, 348, 350, 351, 353, 360, 369], "excluded_lines": []}, "get_time_series_metrics": {"executed_lines": [], "summary": {"covered_lines": 0, "num_statements": 33, "percent_covered": 0.0, "percent_covered_display": "0", "missing_lines": 33, "excluded_lines": 0}, "missing_lines": [382, 383, 385, 387, 388, 389, 390, 392, 394, 402, 403, 404, 405, 406, 408, 410, 421, 427, 428, 429, 436, 437, 440, 441, 443, 444, 445, 446, 448, 449, 450, 451, 453], "excluded_lines": []}, "get_compliance_metrics": {"executed_lines": [], "summary": {"covered_lines": 0, "num_statements": 14, "percent_covered": 0.0, "percent_covered_display": "0", "missing_lines": 14, "excluded_lines": 0}, "missing_lines": [472, 483, 488, 494, 500, 501, 508, 509, 510, 511, 512, 513, 516, 522], "excluded_lines": []}, "get_system_health": {"executed_lines": [], "summary": {"covered_lines": 0, "num_statements": 17, "percent_covered": 0.0, "percent_covered_display": "0", "missing_lines": 17, "excluded_lines": 0}, "missing_lines": [544, 545, 546, 547, 548, 549, 552, 553, 554, 555, 556, 559, 560, 561, 562, 563, 565], "excluded_lines": []}, "get_performance_metrics": {"executed_lines": [], "summary": {"covered_lines": 0, "num_statements": 8, "percent_covered": 0.0, "percent_covered_display": "0", "missing_lines": 8, "excluded_lines": 0}, "missing_lines": [585, 598, 599, 600, 603, 606, 614, 621], "excluded_lines": []}, "": {"executed_lines": [1, 5, 6, 7, 8, 9, 10, 12, 13, 14, 15, 19, 25, 29, 31, 34, 79, 168, 169, 266, 267, 330, 331, 372, 373, 464, 465, 536, 537, 577, 578], "summary": {"covered_lines": 30, "num_statements": 30, "percent_covered": 100.0, "percent_covered_display": "100", "missing_lines": 0, "excluded_lines": 0}, "missing_lines": [], "excluded_lines": []}}, "classes": {"": {"executed_lines": [1, 5, 6, 7, 8, 9, 10, 12, 13, 14, 15, 19, 25, 29, 31, 34, 79, 168, 169, 266, 267, 330, 331, 372, 373, 464, 465, 536, 537, 577, 578], "summary": {"covered_lines": 30, "num_statements": 179, "percent_covered": 16.75977653631285, "percent_covered_display": "17", "missing_lines": 149, "excluded_lines": 0}, "missing_lines": [86, 87, 88, 89, 92, 96, 101, 102, 103, 104, 105, 108, 109, 110, 111, 112, 114, 115, 116, 117, 119, 120, 122, 123, 126, 127, 128, 130, 144, 145, 146, 147, 148, 149, 150, 151, 152, 154, 155, 157, 176, 181, 187, 193, 199, 206, 215, 216, 219, 225, 231, 232, 233, 235, 240, 246, 247, 248, 250, 274, 276, 277, 282, 283, 289, 292, 296, 299, 310, 320, 338, 348, 350, 351, 353, 360, 369, 382, 383, 385, 387, 388, 389, 390, 392, 394, 402, 403, 404, 405, 406, 408, 410, 421, 427, 428, 429, 436, 437, 440, 441, 443, 444, 445, 446, 448, 449, 450, 451, 453, 472, 483, 488, 494, 500, 501, 508, 509, 510, 511, 512, 513, 516, 522, 544, 545, 546, 547, 548, 549, 552, 553, 554, 555, 556, 559, 560, 561, 562, 563, 565, 585, 598, 599, 600, 603, 606, 614, 621], "excluded_lines": []}}}, "app/api/v1/api.py": {"executed_lines": [1, 5, 7, 8, 9, 10, 11, 12, 13, 14, 15, 16, 17, 18, 21, 24, 25, 26, 27, 28, 29, 30, 31, 32, 33, 34, 35], "summary": {"covered_lines": 26, "num_statements": 26, "percent_covered": 100.0, "percent_covered_display": "100", "missing_lines": 0, "excluded_lines": 0}, "missing_lines": [], "excluded_lines": [], "functions": {"": {"executed_lines": [1, 5, 7, 8, 9, 10, 11, 12, 13, 14, 15, 16, 17, 18, 21, 24, 25, 26, 27, 28, 29, 30, 31, 32, 33, 34, 35], "summary": {"covered_lines": 26, "num_statements": 26, "percent_covered": 100.0, "percent_covered_display": "100", "missing_lines": 0, "excluded_lines": 0}, "missing_lines": [], "excluded_lines": []}}, "classes": {"": {"executed_lines": [1, 5, 7, 8, 9, 10, 11, 12, 13, 14, 15, 16, 17, 18, 21, 24, 25, 26, 27, 28, 29, 30, 31, 32, 33, 34, 35], "summary": {"covered_lines": 26, "num_statements": 26, "percent_covered": 100.0, "percent_covered_display": "100", "missing_lines": 0, "excluded_lines": 0}, "missing_lines": [], "excluded_lines": []}}}, "app/api/v1/auth.py": {"executed_lines": [1, 5, 6, 7, 8, 9, 12, 13, 15, 16, 23, 24, 25, 26, 31, 36, 39, 74, 81, 132, 166, 173, 219, 246, 253, 254, 276, 277, 299, 300, 326, 327, 357, 358, 365, 366], "summary": {"covered_lines": 35, "num_statements": 111, "percent_covered": 31.53153153153153, "percent_covered_display": "32", "missing_lines": 76, "excluded_lines": 0}, "missing_lines": [82, 83, 89, 90, 91, 96, 97, 100, 101, 110, 111, 112, 115, 116, 122, 123, 125, 174, 175, 182, 183, 190, 191, 197, 198, 199, 202, 203, 209, 210, 212, 250, 262, 263, 264, 265, 266, 267, 269, 270, 271, 273, 285, 286, 292, 293, 294, 296, 307, 308, 310, 313, 317, 318, 323, 334, 335, 336, 342, 343, 344, 350, 351, 352, 354, 362, 374, 375, 381, 389, 390, 393, 394, 396, 397, 399], "excluded_lines": [], "functions": {"register_user": {"executed_lines": [81], "summary": {"covered_lines": 1, "num_statements": 18, "percent_covered": 5.555555555555555, "percent_covered_display": "6", "missing_lines": 17, "excluded_lines": 0}, "missing_lines": [82, 83, 89, 90, 91, 96, 97, 100, 101, 110, 111, 112, 115, 116, 122, 123, 125], "excluded_lines": []}, "login_user": {"executed_lines": [173], "summary": {"covered_lines": 1, "num_statements": 15, "percent_covered": 6.666666666666667, "percent_covered_display": "7", "missing_lines": 14, "excluded_lines": 0}, "missing_lines": [174, 175, 182, 183, 190, 191, 197, 198, 199, 202, 203, 209, 210, 212], "excluded_lines": []}, "get_current_user_profile": {"executed_lines": [], "summary": {"covered_lines": 0, "num_statements": 1, "percent_covered": 0.0, "percent_covered_display": "0", "missing_lines": 1, "excluded_lines": 0}, "missing_lines": [250], "excluded_lines": []}, "update_user_profile": {"executed_lines": [], "summary": {"covered_lines": 0, "num_statements": 10, "percent_covered": 0.0, "percent_covered_display": "0", "missing_lines": 10, "excluded_lines": 0}, "missing_lines": [262, 263, 264, 265, 266, 267, 269, 270, 271, 273], "excluded_lines": []}, "change_password": {"executed_lines": [], "summary": {"covered_lines": 0, "num_statements": 6, "percent_covered": 0.0, "percent_covered_display": "0", "missing_lines": 6, "excluded_lines": 0}, "missing_lines": [285, 286, 292, 293, 294, 296], "excluded_lines": []}, "forgot_password": {"executed_lines": [], "summary": {"covered_lines": 0, "num_statements": 7, "percent_covered": 0.0, "percent_covered_display": "0", "missing_lines": 7, "excluded_lines": 0}, "missing_lines": [307, 308, 310, 313, 317, 318, 323], "excluded_lines": []}, "reset_password": {"executed_lines": [], "summary": {"covered_lines": 0, "num_statements": 10, "percent_covered": 0.0, "percent_covered_display": "0", "missing_lines": 10, "excluded_lines": 0}, "missing_lines": [334, 335, 336, 342, 343, 344, 350, 351, 352, 354], "excluded_lines": []}, "get_user_company": {"executed_lines": [], "summary": {"covered_lines": 0, "num_statements": 1, "percent_covered": 0.0, "percent_covered_display": "0", "missing_lines": 1, "excluded_lines": 0}, "missing_lines": [362], "excluded_lines": []}, "create_company": {"executed_lines": [], "summary": {"covered_lines": 0, "num_statements": 10, "percent_covered": 0.0, "percent_covered_display": "0", "missing_lines": 10, "excluded_lines": 0}, "missing_lines": [374, 375, 381, 389, 390, 393, 394, 396, 397, 399], "excluded_lines": []}, "": {"executed_lines": [1, 5, 6, 7, 8, 9, 12, 13, 15, 16, 23, 24, 25, 26, 31, 36, 39, 74, 132, 166, 219, 246, 253, 254, 276, 277, 299, 300, 326, 327, 357, 358, 365, 366], "summary": {"covered_lines": 33, "num_statements": 33, "percent_covered": 100.0, "percent_covered_display": "100", "missing_lines": 0, "excluded_lines": 0}, "missing_lines": [], "excluded_lines": []}}, "classes": {"": {"executed_lines": [1, 5, 6, 7, 8, 9, 12, 13, 15, 16, 23, 24, 25, 26, 31, 36, 39, 74, 81, 132, 166, 173, 219, 246, 253, 254, 276, 277, 299, 300, 326, 327, 357, 358, 365, 366], "summary": {"covered_lines": 35, "num_statements": 111, "percent_covered": 31.53153153153153, "percent_covered_display": "32", "missing_lines": 76, "excluded_lines": 0}, "missing_lines": [82, 83, 89, 90, 91, 96, 97, 100, 101, 110, 111, 112, 115, 116, 122, 123, 125, 174, 175, 182, 183, 190, 191, 197, 198, 199, 202, 203, 209, 210, 212, 250, 262, 263, 264, 265, 266, 267, 269, 270, 271, 273, 285, 286, 292, 293, 294, 296, 307, 308, 310, 313, 317, 318, 323, 334, 335, 336, 342, 343, 344, 350, 351, 352, 354, 362, 374, 375, 381, 389, 390, 393, 394, 396, 397, 399], "excluded_lines": []}}}, "app/api/v1/bulk.py": {"executed_lines": [1, 5, 6, 7, 8, 9, 11, 12, 13, 14, 15, 16, 21, 22, 23, 24, 27, 29, 32, 79, 93, 140, 154, 202, 220, 274, 288, 342, 356, 399], "summary": {"covered_lines": 29, "num_statements": 60, "percent_covered": 48.333333333333336, "percent_covered_display": "48", "missing_lines": 31, "excluded_lines": 0}, "missing_lines": [85, 86, 87, 88, 89, 90, 146, 147, 148, 149, 150, 151, 209, 211, 212, 215, 216, 217, 280, 281, 282, 283, 284, 285, 348, 349, 350, 351, 352, 353, 413], "excluded_lines": [], "functions": {"bulk_update_contracts": {"executed_lines": [], "summary": {"covered_lines": 0, "num_statements": 6, "percent_covered": 0.0, "percent_covered_display": "0", "missing_lines": 6, "excluded_lines": 0}, "missing_lines": [85, 86, 87, 88, 89, 90], "excluded_lines": []}, "bulk_delete_contracts": {"executed_lines": [], "summary": {"covered_lines": 0, "num_statements": 6, "percent_covered": 0.0, "percent_covered_display": "0", "missing_lines": 6, "excluded_lines": 0}, "missing_lines": [146, 147, 148, 149, 150, 151], "excluded_lines": []}, "bulk_export_contracts": {"executed_lines": [], "summary": {"covered_lines": 0, "num_statements": 6, "percent_covered": 0.0, "percent_covered_display": "0", "missing_lines": 6, "excluded_lines": 0}, "missing_lines": [209, 211, 212, 215, 216, 217], "excluded_lines": []}, "bulk_invite_users": {"executed_lines": [], "summary": {"covered_lines": 0, "num_statements": 6, "percent_covered": 0.0, "percent_covered_display": "0", "missing_lines": 6, "excluded_lines": 0}, "missing_lines": [280, 281, 282, 283, 284, 285], "excluded_lines": []}, "bulk_change_user_roles": {"executed_lines": [], "summary": {"covered_lines": 0, "num_statements": 6, "percent_covered": 0.0, "percent_covered_display": "0", "missing_lines": 6, "excluded_lines": 0}, "missing_lines": [348, 349, 350, 351, 352, 353], "excluded_lines": []}, "get_bulk_operation_status": {"executed_lines": [], "summary": {"covered_lines": 0, "num_statements": 1, "percent_covered": 0.0, "percent_covered_display": "0", "missing_lines": 1, "excluded_lines": 0}, "missing_lines": [413], "excluded_lines": []}, "": {"executed_lines": [1, 5, 6, 7, 8, 9, 11, 12, 13, 14, 15, 16, 21, 22, 23, 24, 27, 29, 32, 79, 93, 140, 154, 202, 220, 274, 288, 342, 356, 399], "summary": {"covered_lines": 29, "num_statements": 29, "percent_covered": 100.0, "percent_covered_display": "100", "missing_lines": 0, "excluded_lines": 0}, "missing_lines": [], "excluded_lines": []}}, "classes": {"": {"executed_lines": [1, 5, 6, 7, 8, 9, 11, 12, 13, 14, 15, 16, 21, 22, 23, 24, 27, 29, 32, 79, 93, 140, 154, 202, 220, 274, 288, 342, 356, 399], "summary": {"covered_lines": 29, "num_statements": 60, "percent_covered": 48.333333333333336, "percent_covered_display": "48", "missing_lines": 31, "excluded_lines": 0}, "missing_lines": [85, 86, 87, 88, 89, 90, 146, 147, 148, 149, 150, 151, 209, 211, 212, 215, 216, 217, 280, 281, 282, 283, 284, 285, 348, 349, 350, 351, 352, 353, 413], "excluded_lines": []}}}, "app/api/v1/contracts.py": {"executed_lines": [1, 5, 6, 7, 8, 9, 10, 11, 13, 14, 15, 16, 17, 18, 22, 28, 32, 35, 36, 40, 43, 92, 151, 152, 208, 209, 229, 230, 308, 309, 346, 347, 436, 437, 447, 448, 538, 539, 563, 564, 571, 573, 574, 576, 579, 581], "summary": {"covered_lines": 45, "num_statements": 180, "percent_covered": 25.0, "percent_covered_display": "25", "missing_lines": 135, "excluded_lines": 0}, "missing_lines": [99, 102, 103, 104, 105, 106, 109, 128, 129, 130, 133, 145, 146, 148, 163, 166, 172, 173, 175, 176, 178, 179, 180, 190, 193, 194, 197, 199, 216, 217, 218, 224, 226, 238, 239, 240, 246, 249, 258, 259, 260, 261, 262, 263, 264, 265, 266, 267, 268, 269, 270, 271, 272, 273, 274, 275, 276, 277, 279, 281, 282, 285, 293, 302, 303, 305, 316, 317, 318, 324, 327, 328, 330, 333, 342, 343, 355, 356, 357, 363, 366, 367, 370, 371, 374, 385, 387, 390, 400, 401, 404, 405, 406, 408, 409, 412, 423, 424, 426, 428, 429, 430, 444, 456, 457, 458, 464, 467, 468, 469, 475, 476, 480, 481, 484, 490, 492, 495, 509, 510, 511, 514, 525, 526, 528, 530, 531, 532, 546, 547, 548, 554, 556, 560, 577], "excluded_lines": [], "functions": {"create_contract": {"executed_lines": [], "summary": {"covered_lines": 0, "num_statements": 14, "percent_covered": 0.0, "percent_covered_display": "0", "missing_lines": 14, "excluded_lines": 0}, "missing_lines": [99, 102, 103, 104, 105, 106, 109, 128, 129, 130, 133, 145, 146, 148], "excluded_lines": []}, "list_contracts": {"executed_lines": [], "summary": {"covered_lines": 0, "num_statements": 14, "percent_covered": 0.0, "percent_covered_display": "0", "missing_lines": 14, "excluded_lines": 0}, "missing_lines": [163, 166, 172, 173, 175, 176, 178, 179, 180, 190, 193, 194, 197, 199], "excluded_lines": []}, "get_contract": {"executed_lines": [], "summary": {"covered_lines": 0, "num_statements": 5, "percent_covered": 0.0, "percent_covered_display": "0", "missing_lines": 5, "excluded_lines": 0}, "missing_lines": [216, 217, 218, 224, 226], "excluded_lines": []}, "update_contract": {"executed_lines": [], "summary": {"covered_lines": 0, "num_statements": 33, "percent_covered": 0.0, "percent_covered_display": "0", "missing_lines": 33, "excluded_lines": 0}, "missing_lines": [238, 239, 240, 246, 249, 258, 259, 260, 261, 262, 263, 264, 265, 266, 267, 268, 269, 270, 271, 272, 273, 274, 275, 276, 277, 279, 281, 282, 285, 293, 302, 303, 305], "excluded_lines": []}, "delete_contract": {"executed_lines": [], "summary": {"covered_lines": 0, "num_statements": 10, "percent_covered": 0.0, "percent_covered_display": "0", "missing_lines": 10, "excluded_lines": 0}, "missing_lines": [316, 317, 318, 324, 327, 328, 330, 333, 342, 343], "excluded_lines": []}, "generate_contract_content": {"executed_lines": [], "summary": {"covered_lines": 0, "num_statements": 26, "percent_covered": 0.0, "percent_covered_display": "0", "missing_lines": 26, "excluded_lines": 0}, "missing_lines": [355, 356, 357, 363, 366, 367, 370, 371, 374, 385, 387, 390, 400, 401, 404, 405, 406, 408, 409, 412, 423, 424, 426, 428, 429, 430], "excluded_lines": []}, "analyze_contract_compliance_detailed": {"executed_lines": [], "summary": {"covered_lines": 0, "num_statements": 1, "percent_covered": 0.0, "percent_covered_display": "0", "missing_lines": 1, "excluded_lines": 0}, "missing_lines": [444], "excluded_lines": []}, "analyze_contract_compliance": {"executed_lines": [], "summary": {"covered_lines": 0, "num_statements": 25, "percent_covered": 0.0, "percent_covered_display": "0", "missing_lines": 25, "excluded_lines": 0}, "missing_lines": [456, 457, 458, 464, 467, 468, 469, 475, 476, 480, 481, 484, 490, 492, 495, 509, 510, 511, 514, 525, 526, 528, 530, 531, 532], "excluded_lines": []}, "get_contract_versions": {"executed_lines": [], "summary": {"covered_lines": 0, "num_statements": 6, "percent_covered": 0.0, "percent_covered_display": "0", "missing_lines": 6, "excluded_lines": 0}, "missing_lines": [546, 547, 548, 554, 556, 560], "excluded_lines": []}, "list_templates": {"executed_lines": [571, 573, 574, 576, 579, 581], "summary": {"covered_lines": 6, "num_statements": 7, "percent_covered": 85.71428571428571, "percent_covered_display": "86", "missing_lines": 1, "excluded_lines": 0}, "missing_lines": [577], "excluded_lines": []}, "": {"executed_lines": [1, 5, 6, 7, 8, 9, 10, 11, 13, 14, 15, 16, 17, 18, 22, 28, 32, 35, 36, 40, 43, 92, 151, 152, 208, 209, 229, 230, 308, 309, 346, 347, 436, 437, 447, 448, 538, 539, 563, 564], "summary": {"covered_lines": 39, "num_statements": 39, "percent_covered": 100.0, "percent_covered_display": "100", "missing_lines": 0, "excluded_lines": 0}, "missing_lines": [], "excluded_lines": []}}, "classes": {"": {"executed_lines": [1, 5, 6, 7, 8, 9, 10, 11, 13, 14, 15, 16, 17, 18, 22, 28, 32, 35, 36, 40, 43, 92, 151, 152, 208, 209, 229, 230, 308, 309, 346, 347, 436, 437, 447, 448, 538, 539, 563, 564, 571, 573, 574, 576, 579, 581], "summary": {"covered_lines": 45, "num_statements": 180, "percent_covered": 25.0, "percent_covered_display": "25", "missing_lines": 135, "excluded_lines": 0}, "missing_lines": [99, 102, 103, 104, 105, 106, 109, 128, 129, 130, 133, 145, 146, 148, 163, 166, 172, 173, 175, 176, 178, 179, 180, 190, 193, 194, 197, 199, 216, 217, 218, 224, 226, 238, 239, 240, 246, 249, 258, 259, 260, 261, 262, 263, 264, 265, 266, 267, 268, 269, 270, 271, 272, 273, 274, 275, 276, 277, 279, 281, 282, 285, 293, 302, 303, 305, 316, 317, 318, 324, 327, 328, 330, 333, 342, 343, 355, 356, 357, 363, 366, 367, 370, 371, 374, 385, 387, 390, 400, 401, 404, 405, 406, 408, 409, 412, 423, 424, 426, 428, 429, 430, 444, 456, 457, 458, 464, 467, 468, 469, 475, 476, 480, 481, 484, 490, 492, 495, 509, 510, 511, 514, 525, 526, 528, 530, 531, 532, 546, 547, 548, 554, 556, 560, 577], "excluded_lines": []}}}, "app/api/v1/files.py": {"executed_lines": [1, 5, 6, 7, 8, 9, 11, 12, 13, 14, 15, 16, 18, 19, 20, 21, 22, 23, 26, 27, 30, 32, 35, 36, 37, 38, 42, 57, 58, 59, 60, 61, 62, 63, 64, 65, 68, 69, 70, 71, 72, 73, 76, 102, 115, 168, 260, 293, 351, 378, 429, 458], "summary": {"covered_lines": 49, "num_statements": 132, "percent_covered": 37.121212121212125, "percent_covered_display": "37", "missing_lines": 83, "excluded_lines": 0}, "missing_lines": [10, 79, 80, 86, 87, 88, 89, 95, 96, 105, 106, 109, 110, 112, 178, 180, 182, 183, 184, 187, 188, 190, 193, 194, 195, 198, 199, 200, 202, 203, 209, 215, 230, 231, 233, 243, 245, 246, 248, 249, 250, 251, 252, 254, 301, 307, 308, 311, 312, 314, 315, 321, 322, 323, 324, 330, 340, 341, 344, 388, 395, 396, 401, 404, 405, 408, 409, 410, 411, 421, 466, 472, 473, 476, 477, 479, 480, 481, 482, 483, 489, 499, 500], "excluded_lines": [], "functions": {"validate_file": {"executed_lines": [], "summary": {"covered_lines": 0, "num_statements": 8, "percent_covered": 0.0, "percent_covered_display": "0", "missing_lines": 8, "excluded_lines": 0}, "missing_lines": [79, 80, 86, 87, 88, 89, 95, 96], "excluded_lines": []}, "get_safe_filename": {"executed_lines": [], "summary": {"covered_lines": 0, "num_statements": 5, "percent_covered": 0.0, "percent_covered_display": "0", "missing_lines": 5, "excluded_lines": 0}, "missing_lines": [105, 106, 109, 110, 112], "excluded_lines": []}, "upload_file": {"executed_lines": [], "summary": {"covered_lines": 0, "num_statements": 30, "percent_covered": 0.0, "percent_covered_display": "0", "missing_lines": 30, "excluded_lines": 0}, "missing_lines": [178, 180, 182, 183, 184, 187, 188, 190, 193, 194, 195, 198, 199, 200, 202, 203, 209, 215, 230, 231, 233, 243, 245, 246, 248, 249, 250, 251, 252, 254], "excluded_lines": []}, "download_file": {"executed_lines": [], "summary": {"covered_lines": 0, "num_statements": 15, "percent_covered": 0.0, "percent_covered_display": "0", "missing_lines": 15, "excluded_lines": 0}, "missing_lines": [301, 307, 308, 311, 312, 314, 315, 321, 322, 323, 324, 330, 340, 341, 344], "excluded_lines": []}, "list_files": {"executed_lines": [], "summary": {"covered_lines": 0, "num_statements": 11, "percent_covered": 0.0, "percent_covered_display": "0", "missing_lines": 11, "excluded_lines": 0}, "missing_lines": [388, 395, 396, 401, 404, 405, 408, 409, 410, 411, 421], "excluded_lines": []}, "delete_file": {"executed_lines": [], "summary": {"covered_lines": 0, "num_statements": 13, "percent_covered": 0.0, "percent_covered_display": "0", "missing_lines": 13, "excluded_lines": 0}, "missing_lines": [466, 472, 473, 476, 477, 479, 480, 481, 482, 483, 489, 499, 500], "excluded_lines": []}, "": {"executed_lines": [1, 5, 6, 7, 8, 9, 11, 12, 13, 14, 15, 16, 18, 19, 20, 21, 22, 23, 26, 27, 30, 32, 35, 36, 37, 38, 42, 57, 58, 59, 60, 61, 62, 63, 64, 65, 68, 69, 70, 71, 72, 73, 76, 102, 115, 168, 260, 293, 351, 378, 429, 458], "summary": {"covered_lines": 49, "num_statements": 50, "percent_covered": 98.0, "percent_covered_display": "98", "missing_lines": 1, "excluded_lines": 0}, "missing_lines": [10], "excluded_lines": []}}, "classes": {"FileUploadResponse": {"executed_lines": [], "summary": {"covered_lines": 0, "num_statements": 0, "percent_covered": 100.0, "percent_covered_display": "100", "missing_lines": 0, "excluded_lines": 0}, "missing_lines": [], "excluded_lines": []}, "FileListResponse": {"executed_lines": [], "summary": {"covered_lines": 0, "num_statements": 0, "percent_covered": 100.0, "percent_covered_display": "100", "missing_lines": 0, "excluded_lines": 0}, "missing_lines": [], "excluded_lines": []}, "": {"executed_lines": [1, 5, 6, 7, 8, 9, 11, 12, 13, 14, 15, 16, 18, 19, 20, 21, 22, 23, 26, 27, 30, 32, 35, 36, 37, 38, 42, 57, 58, 59, 60, 61, 62, 63, 64, 65, 68, 69, 70, 71, 72, 73, 76, 102, 115, 168, 260, 293, 351, 378, 429, 458], "summary": {"covered_lines": 49, "num_statements": 132, "percent_covered": 37.121212121212125, "percent_covered_display": "37", "missing_lines": 83, "excluded_lines": 0}, "missing_lines": [10, 79, 80, 86, 87, 88, 89, 95, 96, 105, 106, 109, 110, 112, 178, 180, 182, 183, 184, 187, 188, 190, 193, 194, 195, 198, 199, 200, 202, 203, 209, 215, 230, 231, 233, 243, 245, 246, 248, 249, 250, 251, 252, 254, 301, 307, 308, 311, 312, 314, 315, 321, 322, 323, 324, 330, 340, 341, 344, 388, 395, 396, 401, 404, 405, 408, 409, 410, 411, 421, 466, 472, 473, 476, 477, 479, 480, 481, 482, 483, 489, 499, 500], "excluded_lines": []}}}, "app/api/v1/health.py": {"executed_lines": [1, 4, 5, 6, 8, 11, 12, 14, 22, 23], "summary": {"covered_lines": 9, "num_statements": 10, "percent_covered": 90.0, "percent_covered_display": "90", "missing_lines": 1, "excluded_lines": 0}, "missing_lines": [25], "excluded_lines": [], "functions": {"health_check": {"executed_lines": [14], "summary": {"covered_lines": 1, "num_statements": 1, "percent_covered": 100.0, "percent_covered_display": "100", "missing_lines": 0, "excluded_lines": 0}, "missing_lines": [], "excluded_lines": []}, "detailed_health_check": {"executed_lines": [], "summary": {"covered_lines": 0, "num_statements": 1, "percent_covered": 0.0, "percent_covered_display": "0", "missing_lines": 1, "excluded_lines": 0}, "missing_lines": [25], "excluded_lines": []}, "": {"executed_lines": [1, 4, 5, 6, 8, 11, 12, 22, 23], "summary": {"covered_lines": 8, "num_statements": 8, "percent_covered": 100.0, "percent_covered_display": "100", "missing_lines": 0, "excluded_lines": 0}, "missing_lines": [], "excluded_lines": []}}, "classes": {"": {"executed_lines": [1, 4, 5, 6, 8, 11, 12, 14, 22, 23], "summary": {"covered_lines": 9, "num_statements": 10, "percent_covered": 90.0, "percent_covered_display": "90", "missing_lines": 1, "excluded_lines": 0}, "missing_lines": [25], "excluded_lines": []}}}, "app/api/v1/search.py": {"executed_lines": [1, 5, 6, 7, 9, 10, 11, 12, 13, 18, 19, 20, 23, 25, 28, 91, 105, 169, 183, 246, 260, 297, 338, 373, 406, 437], "summary": {"covered_lines": 25, "num_statements": 71, "percent_covered": 35.2112676056338, "percent_covered_display": "35", "missing_lines": 46, "excluded_lines": 0}, "missing_lines": [97, 98, 99, 100, 101, 102, 175, 176, 177, 178, 179, 180, 252, 253, 254, 255, 256, 257, 308, 310, 312, 314, 315, 317, 318, 320, 321, 323, 330, 331, 332, 334, 335, 381, 384, 386, 388, 394, 396, 402, 403, 442, 446, 467, 472, 473], "excluded_lines": [], "functions": {"search_contracts": {"executed_lines": [], "summary": {"covered_lines": 0, "num_statements": 6, "percent_covered": 0.0, "percent_covered_display": "0", "missing_lines": 6, "excluded_lines": 0}, "missing_lines": [97, 98, 99, 100, 101, 102], "excluded_lines": []}, "search_users": {"executed_lines": [], "summary": {"covered_lines": 0, "num_statements": 6, "percent_covered": 0.0, "percent_covered_display": "0", "missing_lines": 6, "excluded_lines": 0}, "missing_lines": [175, 176, 177, 178, 179, 180], "excluded_lines": []}, "search_templates": {"executed_lines": [], "summary": {"covered_lines": 0, "num_statements": 6, "percent_covered": 0.0, "percent_covered_display": "0", "missing_lines": 6, "excluded_lines": 0}, "missing_lines": [252, 253, 254, 255, 256, 257], "excluded_lines": []}, "quick_search_contracts": {"executed_lines": [], "summary": {"covered_lines": 0, "num_statements": 15, "percent_covered": 0.0, "percent_covered_display": "0", "missing_lines": 15, "excluded_lines": 0}, "missing_lines": [308, 310, 312, 314, 315, 317, 318, 320, 321, 323, 330, 331, 332, 334, 335], "excluded_lines": []}, "get_contract_search_suggestions": {"executed_lines": [], "summary": {"covered_lines": 0, "num_statements": 8, "percent_covered": 0.0, "percent_covered_display": "0", "missing_lines": 8, "excluded_lines": 0}, "missing_lines": [381, 384, 386, 388, 394, 396, 402, 403], "excluded_lines": []}, "get_contract_search_facets": {"executed_lines": [], "summary": {"covered_lines": 0, "num_statements": 5, "percent_covered": 0.0, "percent_covered_display": "0", "missing_lines": 5, "excluded_lines": 0}, "missing_lines": [442, 446, 467, 472, 473], "excluded_lines": []}, "": {"executed_lines": [1, 5, 6, 7, 9, 10, 11, 12, 13, 18, 19, 20, 23, 25, 28, 91, 105, 169, 183, 246, 260, 297, 338, 373, 406, 437], "summary": {"covered_lines": 25, "num_statements": 25, "percent_covered": 100.0, "percent_covered_display": "100", "missing_lines": 0, "excluded_lines": 0}, "missing_lines": [], "excluded_lines": []}}, "classes": {"": {"executed_lines": [1, 5, 6, 7, 9, 10, 11, 12, 13, 18, 19, 20, 23, 25, 28, 91, 105, 169, 183, 246, 260, 297, 338, 373, 406, 437], "summary": {"covered_lines": 25, "num_statements": 71, "percent_covered": 35.2112676056338, "percent_covered_display": "35", "missing_lines": 46, "excluded_lines": 0}, "missing_lines": [97, 98, 99, 100, 101, 102, 175, 176, 177, 178, 179, 180, 252, 253, 254, 255, 256, 257, 308, 310, 312, 314, 315, 317, 318, 320, 321, 323, 330, 331, 332, 334, 335, 381, 384, 386, 388, 394, 396, 402, 403, 442, 446, 467, 472, 473], "excluded_lines": []}}}, "app/api/v1/security.py": {"executed_lines": [1, 5, 6, 7, 8, 9, 11, 12, 13, 14, 17, 22, 24, 27, 28, 64, 65, 82, 83, 220, 221, 312, 313, 378, 379, 402, 403], "summary": {"covered_lines": 26, "num_statements": 136, "percent_covered": 19.11764705882353, "percent_covered_display": "19", "missing_lines": 110, "excluded_lines": 0}, "missing_lines": [36, 39, 40, 41, 42, 44, 45, 47, 48, 50, 59, 61, 71, 73, 90, 91, 92, 94, 95, 96, 97, 103, 104, 110, 114, 115, 118, 119, 127, 130, 131, 132, 139, 142, 143, 144, 145, 152, 154, 155, 156, 157, 163, 164, 170, 171, 178, 180, 181, 182, 183, 189, 190, 196, 197, 204, 207, 209, 229, 230, 236, 237, 238, 244, 247, 248, 250, 252, 256, 280, 282, 283, 287, 289, 290, 294, 296, 297, 301, 326, 329, 330, 333, 334, 336, 339, 340, 342, 350, 351, 353, 354, 356, 357, 360, 363, 364, 367, 369, 384, 409, 412, 413, 414, 421, 422, 423, 424, 425, 427], "excluded_lines": [], "functions": {"get_security_events": {"executed_lines": [], "summary": {"covered_lines": 0, "num_statements": 12, "percent_covered": 0.0, "percent_covered_display": "0", "missing_lines": 12, "excluded_lines": 0}, "missing_lines": [36, 39, 40, 41, 42, 44, 45, 47, 48, 50, 59, 61], "excluded_lines": []}, "get_security_summary": {"executed_lines": [], "summary": {"covered_lines": 0, "num_statements": 2, "percent_covered": 0.0, "percent_covered_display": "0", "missing_lines": 2, "excluded_lines": 0}, "missing_lines": [71, 73], "excluded_lines": []}, "check_compliance": {"executed_lines": [], "summary": {"covered_lines": 0, "num_statements": 44, "percent_covered": 0.0, "percent_covered_display": "0", "missing_lines": 44, "excluded_lines": 0}, "missing_lines": [90, 91, 92, 94, 95, 96, 97, 103, 104, 110, 114, 115, 118, 119, 127, 130, 131, 132, 139, 142, 143, 144, 145, 152, 154, 155, 156, 157, 163, 164, 170, 171, 178, 180, 181, 182, 183, 189, 190, 196, 197, 204, 207, 209], "excluded_lines": []}, "create_gdpr_data_request": {"executed_lines": [], "summary": {"covered_lines": 0, "num_statements": 21, "percent_covered": 0.0, "percent_covered_display": "0", "missing_lines": 21, "excluded_lines": 0}, "missing_lines": [229, 230, 236, 237, 238, 244, 247, 248, 250, 252, 256, 280, 282, 283, 287, 289, 290, 294, 296, 297, 301], "excluded_lines": []}, "get_audit_logs": {"executed_lines": [], "summary": {"covered_lines": 0, "num_statements": 20, "percent_covered": 0.0, "percent_covered_display": "0", "missing_lines": 20, "excluded_lines": 0}, "missing_lines": [326, 329, 330, 333, 334, 336, 339, 340, 342, 350, 351, 353, 354, 356, 357, 360, 363, 364, 367, 369], "excluded_lines": []}, "get_security_config": {"executed_lines": [], "summary": {"covered_lines": 0, "num_statements": 1, "percent_covered": 0.0, "percent_covered_display": "0", "missing_lines": 1, "excluded_lines": 0}, "missing_lines": [384], "excluded_lines": []}, "get_threat_intelligence": {"executed_lines": [], "summary": {"covered_lines": 0, "num_statements": 10, "percent_covered": 0.0, "percent_covered_display": "0", "missing_lines": 10, "excluded_lines": 0}, "missing_lines": [409, 412, 413, 414, 421, 422, 423, 424, 425, 427], "excluded_lines": []}, "": {"executed_lines": [1, 5, 6, 7, 8, 9, 11, 12, 13, 14, 17, 22, 24, 27, 28, 64, 65, 82, 83, 220, 221, 312, 313, 378, 379, 402, 403], "summary": {"covered_lines": 26, "num_statements": 26, "percent_covered": 100.0, "percent_covered_display": "100", "missing_lines": 0, "excluded_lines": 0}, "missing_lines": [], "excluded_lines": []}}, "classes": {"": {"executed_lines": [1, 5, 6, 7, 8, 9, 11, 12, 13, 14, 17, 22, 24, 27, 28, 64, 65, 82, 83, 220, 221, 312, 313, 378, 379, 402, 403], "summary": {"covered_lines": 26, "num_statements": 136, "percent_covered": 19.11764705882353, "percent_covered_display": "19", "missing_lines": 110, "excluded_lines": 0}, "missing_lines": [36, 39, 40, 41, 42, 44, 45, 47, 48, 50, 59, 61, 71, 73, 90, 91, 92, 94, 95, 96, 97, 103, 104, 110, 114, 115, 118, 119, 127, 130, 131, 132, 139, 142, 143, 144, 145, 152, 154, 155, 156, 157, 163, 164, 170, 171, 178, 180, 181, 182, 183, 189, 190, 196, 197, 204, 207, 209, 229, 230, 236, 237, 238, 244, 247, 248, 250, 252, 256, 280, 282, 283, 287, 289, 290, 294, 296, 297, 301, 326, 329, 330, 333, 334, 336, 339, 340, 342, 350, 351, 353, 354, 356, 357, 360, 363, 364, 367, 369, 384, 409, 412, 413, 414, 421, 422, 423, 424, 425, 427], "excluded_lines": []}}}, "app/api/v1/status.py": {"executed_lines": [1, 5, 6, 7, 8, 9, 11, 14, 15, 17, 60, 61, 63], "summary": {"covered_lines": 12, "num_statements": 12, "percent_covered": 100.0, "percent_covered_display": "100", "missing_lines": 0, "excluded_lines": 0}, "missing_lines": [], "excluded_lines": [], "functions": {"get_api_status": {"executed_lines": [17], "summary": {"covered_lines": 1, "num_statements": 1, "percent_covered": 100.0, "percent_covered_display": "100", "missing_lines": 0, "excluded_lines": 0}, "missing_lines": [], "excluded_lines": []}, "list_features": {"executed_lines": [63], "summary": {"covered_lines": 1, "num_statements": 1, "percent_covered": 100.0, "percent_covered_display": "100", "missing_lines": 0, "excluded_lines": 0}, "missing_lines": [], "excluded_lines": []}, "": {"executed_lines": [1, 5, 6, 7, 8, 9, 11, 14, 15, 60, 61], "summary": {"covered_lines": 10, "num_statements": 10, "percent_covered": 100.0, "percent_covered_display": "100", "missing_lines": 0, "excluded_lines": 0}, "missing_lines": [], "excluded_lines": []}}, "classes": {"": {"executed_lines": [1, 5, 6, 7, 8, 9, 11, 14, 15, 17, 60, 61, 63], "summary": {"covered_lines": 12, "num_statements": 12, "percent_covered": 100.0, "percent_covered_display": "100", "missing_lines": 0, "excluded_lines": 0}, "missing_lines": [], "excluded_lines": []}}}, "app/api/v1/templates.py": {"executed_lines": [1, 5, 6, 7, 8, 9, 10, 11, 13, 14, 15, 16, 17, 18, 21, 24, 28, 31, 33, 36, 68, 123, 152, 169, 210, 253, 288, 355, 389, 419, 434, 446, 461], "summary": {"covered_lines": 32, "num_statements": 103, "percent_covered": 31.067961165048544, "percent_covered_display": "31", "missing_lines": 71, "excluded_lines": 0}, "missing_lines": [79, 82, 83, 84, 85, 86, 91, 92, 94, 95, 96, 105, 108, 109, 112, 114, 158, 163, 164, 166, 218, 231, 232, 233, 236, 247, 248, 250, 296, 297, 298, 301, 309, 310, 311, 312, 313, 314, 315, 316, 317, 318, 319, 320, 321, 322, 323, 324, 325, 326, 328, 330, 331, 334, 341, 349, 350, 352, 396, 397, 398, 401, 402, 404, 407, 415, 416, 439, 443, 466, 470], "excluded_lines": [], "functions": {"list_templates": {"executed_lines": [], "summary": {"covered_lines": 0, "num_statements": 16, "percent_covered": 0.0, "percent_covered_display": "0", "missing_lines": 16, "excluded_lines": 0}, "missing_lines": [79, 82, 83, 84, 85, 86, 91, 92, 94, 95, 96, 105, 108, 109, 112, 114], "excluded_lines": []}, "get_template": {"executed_lines": [], "summary": {"covered_lines": 0, "num_statements": 4, "percent_covered": 0.0, "percent_covered_display": "0", "missing_lines": 4, "excluded_lines": 0}, "missing_lines": [158, 163, 164, 166], "excluded_lines": []}, "create_template": {"executed_lines": [], "summary": {"covered_lines": 0, "num_statements": 8, "percent_covered": 0.0, "percent_covered_display": "0", "missing_lines": 8, "excluded_lines": 0}, "missing_lines": [218, 231, 232, 233, 236, 247, 248, 250], "excluded_lines": []}, "update_template": {"executed_lines": [], "summary": {"covered_lines": 0, "num_statements": 30, "percent_covered": 0.0, "percent_covered_display": "0", "missing_lines": 30, "excluded_lines": 0}, "missing_lines": [296, 297, 298, 301, 309, 310, 311, 312, 313, 314, 315, 316, 317, 318, 319, 320, 321, 322, 323, 324, 325, 326, 328, 330, 331, 334, 341, 349, 350, 352], "excluded_lines": []}, "delete_template": {"executed_lines": [], "summary": {"covered_lines": 0, "num_statements": 9, "percent_covered": 0.0, "percent_covered_display": "0", "missing_lines": 9, "excluded_lines": 0}, "missing_lines": [396, 397, 398, 401, 402, 404, 407, 415, 416], "excluded_lines": []}, "list_template_categories": {"executed_lines": [], "summary": {"covered_lines": 0, "num_statements": 2, "percent_covered": 0.0, "percent_covered_display": "0", "missing_lines": 2, "excluded_lines": 0}, "missing_lines": [439, 443], "excluded_lines": []}, "list_template_contract_types": {"executed_lines": [], "summary": {"covered_lines": 0, "num_statements": 2, "percent_covered": 0.0, "percent_covered_display": "0", "missing_lines": 2, "excluded_lines": 0}, "missing_lines": [466, 470], "excluded_lines": []}, "": {"executed_lines": [1, 5, 6, 7, 8, 9, 10, 11, 13, 14, 15, 16, 17, 18, 21, 24, 28, 31, 33, 36, 68, 123, 152, 169, 210, 253, 288, 355, 389, 419, 434, 446, 461], "summary": {"covered_lines": 32, "num_statements": 32, "percent_covered": 100.0, "percent_covered_display": "100", "missing_lines": 0, "excluded_lines": 0}, "missing_lines": [], "excluded_lines": []}}, "classes": {"": {"executed_lines": [1, 5, 6, 7, 8, 9, 10, 11, 13, 14, 15, 16, 17, 18, 21, 24, 28, 31, 33, 36, 68, 123, 152, 169, 210, 253, 288, 355, 389, 419, 434, 446, 461], "summary": {"covered_lines": 32, "num_statements": 103, "percent_covered": 31.067961165048544, "percent_covered_display": "31", "missing_lines": 71, "excluded_lines": 0}, "missing_lines": [79, 82, 83, 84, 85, 86, 91, 92, 94, 95, 96, 105, 108, 109, 112, 114, 158, 163, 164, 166, 218, 231, 232, 233, 236, 247, 248, 250, 296, 297, 298, 301, 309, 310, 311, 312, 313, 314, 315, 316, 317, 318, 319, 320, 321, 322, 323, 324, 325, 326, 328, 330, 331, 334, 341, 349, 350, 352, 396, 397, 398, 401, 402, 404, 407, 415, 416, 439, 443, 466, 470], "excluded_lines": []}}}, "app/api/v1/websocket.py": {"executed_lines": [1, 5, 6, 7, 9, 10, 11, 13, 14, 15, 16, 17, 20, 22, 24, 27, 28, 71, 73, 75, 77, 78, 79, 132, 136, 137, 166, 167, 192, 193, 385, 396], "summary": {"covered_lines": 31, "num_statements": 69, "percent_covered": 44.927536231884055, "percent_covered_display": "45", "missing_lines": 38, "excluded_lines": 0}, "missing_lines": [81, 82, 83, 86, 92, 95, 96, 98, 99, 102, 104, 105, 106, 107, 109, 113, 114, 115, 117, 121, 123, 124, 125, 126, 127, 128, 133, 153, 154, 159, 160, 181, 183, 208, 209, 214, 380, 389], "excluded_lines": [], "functions": {"websocket_endpoint": {"executed_lines": [71, 73, 75, 77, 78, 79, 132], "summary": {"covered_lines": 7, "num_statements": 34, "percent_covered": 20.58823529411765, "percent_covered_display": "21", "missing_lines": 27, "excluded_lines": 0}, "missing_lines": [81, 82, 83, 86, 92, 95, 96, 98, 99, 102, 104, 105, 106, 107, 109, 113, 114, 115, 117, 121, 123, 124, 125, 126, 127, 128, 133], "excluded_lines": []}, "get_websocket_stats": {"executed_lines": [], "summary": {"covered_lines": 0, "num_statements": 4, "percent_covered": 0.0, "percent_covered_display": "0", "missing_lines": 4, "excluded_lines": 0}, "missing_lines": [153, 154, 159, 160], "excluded_lines": []}, "websocket_health_check": {"executed_lines": [], "summary": {"covered_lines": 0, "num_statements": 2, "percent_covered": 0.0, "percent_covered_display": "0", "missing_lines": 2, "excluded_lines": 0}, "missing_lines": [181, 183], "excluded_lines": []}, "websocket_test_page": {"executed_lines": [], "summary": {"covered_lines": 0, "num_statements": 4, "percent_covered": 0.0, "percent_covered_display": "0", "missing_lines": 4, "excluded_lines": 0}, "missing_lines": [208, 209, 214, 380], "excluded_lines": []}, "handle_websocket_message": {"executed_lines": [], "summary": {"covered_lines": 0, "num_statements": 1, "percent_covered": 0.0, "percent_covered_display": "0", "missing_lines": 1, "excluded_lines": 0}, "missing_lines": [389], "excluded_lines": []}, "": {"executed_lines": [1, 5, 6, 7, 9, 10, 11, 13, 14, 15, 16, 17, 20, 22, 24, 27, 28, 136, 137, 166, 167, 192, 193, 385, 396], "summary": {"covered_lines": 24, "num_statements": 24, "percent_covered": 100.0, "percent_covered_display": "100", "missing_lines": 0, "excluded_lines": 0}, "missing_lines": [], "excluded_lines": []}}, "classes": {"": {"executed_lines": [1, 5, 6, 7, 9, 10, 11, 13, 14, 15, 16, 17, 20, 22, 24, 27, 28, 71, 73, 75, 77, 78, 79, 132, 136, 137, 166, 167, 192, 193, 385, 396], "summary": {"covered_lines": 31, "num_statements": 69, "percent_covered": 44.927536231884055, "percent_covered_display": "45", "missing_lines": 38, "excluded_lines": 0}, "missing_lines": [81, 82, 83, 86, 92, 95, 96, 98, 99, 102, 104, 105, 106, 107, 109, 113, 114, 115, 117, 121, 123, 124, 125, 126, 127, 128, 133, 153, 154, 159, 160, 181, 183, 208, 209, 214, 380, 389], "excluded_lines": []}}}, "app/application/__init__.py": {"executed_lines": [1], "summary": {"covered_lines": 0, "num_statements": 0, "percent_covered": 100.0, "percent_covered_display": "100", "missing_lines": 0, "excluded_lines": 0}, "missing_lines": [], "excluded_lines": [], "functions": {"": {"executed_lines": [1], "summary": {"covered_lines": 0, "num_statements": 0, "percent_covered": 100.0, "percent_covered_display": "100", "missing_lines": 0, "excluded_lines": 0}, "missing_lines": [], "excluded_lines": []}}, "classes": {"": {"executed_lines": [1], "summary": {"covered_lines": 0, "num_statements": 0, "percent_covered": 100.0, "percent_covered_display": "100", "missing_lines": 0, "excluded_lines": 0}, "missing_lines": [], "excluded_lines": []}}}, "app/application/services/__init__.py": {"executed_lines": [1], "summary": {"covered_lines": 0, "num_statements": 0, "percent_covered": 100.0, "percent_covered_display": "100", "missing_lines": 0, "excluded_lines": 0}, "missing_lines": [], "excluded_lines": [], "functions": {"": {"executed_lines": [1], "summary": {"covered_lines": 0, "num_statements": 0, "percent_covered": 100.0, "percent_covered_display": "100", "missing_lines": 0, "excluded_lines": 0}, "missing_lines": [], "excluded_lines": []}}, "classes": {"": {"executed_lines": [1], "summary": {"covered_lines": 0, "num_statements": 0, "percent_covered": 100.0, "percent_covered_display": "100", "missing_lines": 0, "excluded_lines": 0}, "missing_lines": [], "excluded_lines": []}}}, "app/application/services/contract_application_service.py": {"executed_lines": [1, 5, 6, 7, 8, 9, 11, 12, 16, 19, 20, 23, 24, 25, 26, 27, 28, 29, 30, 31, 32, 33, 34, 35, 36, 37, 40, 41, 42, 43, 44, 45, 46, 47, 48, 49, 50, 51, 52, 53, 56, 57, 58, 59, 60, 63, 64, 65, 66, 67, 70, 71, 72, 73, 74, 77, 78, 79, 80, 81, 82, 85, 86, 87, 88, 89, 90, 93, 94, 99, 103, 104, 105, 107, 110, 113, 114, 117, 118, 122, 134, 135, 137, 138, 139, 142, 145, 146, 148, 150, 153, 156, 159, 161, 162, 164, 167, 176, 179, 180, 182, 184, 187, 190, 191, 194, 206, 209, 217, 220, 223, 224, 226, 228, 231, 234, 235, 236, 239, 240, 243, 249, 257, 264, 267, 269, 271, 274, 277, 280, 283, 284, 286, 288, 291, 294, 297, 300, 303, 305, 308, 311, 314, 317, 320, 322, 326, 328, 329, 331, 334, 335, 337, 339, 345, 349, 353, 355, 369, 371, 372, 373, 374], "summary": {"covered_lines": 154, "num_statements": 168, "percent_covered": 91.66666666666667, "percent_covered_display": "92", "missing_lines": 14, "excluded_lines": 0}, "missing_lines": [119, 165, 169, 170, 171, 172, 173, 301, 318, 324, 341, 343, 347, 351], "excluded_lines": [], "functions": {"ContractApplicationService.__init__": {"executed_lines": [103, 104, 105], "summary": {"covered_lines": 3, "num_statements": 3, "percent_covered": 100.0, "percent_covered_display": "100", "missing_lines": 0, "excluded_lines": 0}, "missing_lines": [], "excluded_lines": []}, "ContractApplicationService.create_contract": {"executed_lines": [110, 113, 114, 117, 118, 122, 134, 135, 137, 138, 139, 142, 145, 146, 148], "summary": {"covered_lines": 15, "num_statements": 16, "percent_covered": 93.75, "percent_covered_display": "94", "missing_lines": 1, "excluded_lines": 0}, "missing_lines": [119], "excluded_lines": []}, "ContractApplicationService.update_contract": {"executed_lines": [153, 156, 159, 161, 162, 164, 167, 176, 179, 180, 182], "summary": {"covered_lines": 11, "num_statements": 17, "percent_covered": 64.70588235294117, "percent_covered_display": "65", "missing_lines": 6, "excluded_lines": 0}, "missing_lines": [165, 169, 170, 171, 172, 173], "excluded_lines": []}, "ContractApplicationService.generate_contract_content": {"executed_lines": [187, 190, 191, 194, 206, 209, 217, 220, 223, 224, 226], "summary": {"covered_lines": 11, "num_statements": 11, "percent_covered": 100.0, "percent_covered_display": "100", "missing_lines": 0, "excluded_lines": 0}, "missing_lines": [], "excluded_lines": []}, "ContractApplicationService.analyze_compliance": {"executed_lines": [231, 234, 235, 236, 239, 240, 243, 249, 257, 264, 267, 269], "summary": {"covered_lines": 12, "num_statements": 12, "percent_covered": 100.0, "percent_covered_display": "100", "missing_lines": 0, "excluded_lines": 0}, "missing_lines": [], "excluded_lines": []}, "ContractApplicationService.activate_contract": {"executed_lines": [274, 277, 280, 283, 284, 286], "summary": {"covered_lines": 6, "num_statements": 6, "percent_covered": 100.0, "percent_covered_display": "100", "missing_lines": 0, "excluded_lines": 0}, "missing_lines": [], "excluded_lines": []}, "ContractApplicationService.complete_contract": {"executed_lines": [291, 294, 297, 300, 303], "summary": {"covered_lines": 5, "num_statements": 6, "percent_covered": 83.33333333333333, "percent_covered_display": "83", "missing_lines": 1, "excluded_lines": 0}, "missing_lines": [301], "excluded_lines": []}, "ContractApplicationService.terminate_contract": {"executed_lines": [308, 311, 314, 317, 320], "summary": {"covered_lines": 5, "num_statements": 6, "percent_covered": 83.33333333333333, "percent_covered_display": "83", "missing_lines": 1, "excluded_lines": 0}, "missing_lines": [318], "excluded_lines": []}, "ContractApplicationService.get_contract_by_id": {"executed_lines": [], "summary": {"covered_lines": 0, "num_statements": 1, "percent_covered": 0.0, "percent_covered_display": "0", "missing_lines": 1, "excluded_lines": 0}, "missing_lines": [324], "excluded_lines": []}, "ContractApplicationService.get_contracts_by_company": {"executed_lines": [328, 329], "summary": {"covered_lines": 2, "num_statements": 2, "percent_covered": 100.0, "percent_covered_display": "100", "missing_lines": 0, "excluded_lines": 0}, "missing_lines": [], "excluded_lines": []}, "ContractApplicationService.search_contracts": {"executed_lines": [334, 335, 337], "summary": {"covered_lines": 3, "num_statements": 3, "percent_covered": 100.0, "percent_covered_display": "100", "missing_lines": 0, "excluded_lines": 0}, "missing_lines": [], "excluded_lines": []}, "ContractApplicationService.get_expiring_contracts": {"executed_lines": [], "summary": {"covered_lines": 0, "num_statements": 2, "percent_covered": 0.0, "percent_covered_display": "0", "missing_lines": 2, "excluded_lines": 0}, "missing_lines": [341, 343], "excluded_lines": []}, "ContractApplicationService.get_contracts_requiring_review": {"executed_lines": [], "summary": {"covered_lines": 0, "num_statements": 1, "percent_covered": 0.0, "percent_covered_display": "0", "missing_lines": 1, "excluded_lines": 0}, "missing_lines": [347], "excluded_lines": []}, "ContractApplicationService.delete_contract": {"executed_lines": [], "summary": {"covered_lines": 0, "num_statements": 1, "percent_covered": 0.0, "percent_covered_display": "0", "missing_lines": 1, "excluded_lines": 0}, "missing_lines": [351], "excluded_lines": []}, "ContractApplicationService._create_contract_filter": {"executed_lines": [355], "summary": {"covered_lines": 1, "num_statements": 1, "percent_covered": 100.0, "percent_covered_display": "100", "missing_lines": 0, "excluded_lines": 0}, "missing_lines": [], "excluded_lines": []}, "ContractApplicationService._publish_domain_events": {"executed_lines": [371, 372, 373, 374], "summary": {"covered_lines": 4, "num_statements": 4, "percent_covered": 100.0, "percent_covered_display": "100", "missing_lines": 0, "excluded_lines": 0}, "missing_lines": [], "excluded_lines": []}, "": {"executed_lines": [1, 5, 6, 7, 8, 9, 11, 12, 16, 19, 20, 23, 24, 25, 26, 27, 28, 29, 30, 31, 32, 33, 34, 35, 36, 37, 40, 41, 42, 43, 44, 45, 46, 47, 48, 49, 50, 51, 52, 53, 56, 57, 58, 59, 60, 63, 64, 65, 66, 67, 70, 71, 72, 73, 74, 77, 78, 79, 80, 81, 82, 85, 86, 87, 88, 89, 90, 93, 94, 99, 107, 150, 184, 228, 271, 288, 305, 322, 326, 331, 339, 345, 349, 353, 369], "summary": {"covered_lines": 76, "num_statements": 76, "percent_covered": 100.0, "percent_covered_display": "100", "missing_lines": 0, "excluded_lines": 0}, "missing_lines": [], "excluded_lines": []}}, "classes": {"CreateContractCommand": {"executed_lines": [], "summary": {"covered_lines": 0, "num_statements": 0, "percent_covered": 100.0, "percent_covered_display": "100", "missing_lines": 0, "excluded_lines": 0}, "missing_lines": [], "excluded_lines": []}, "UpdateContractCommand": {"executed_lines": [], "summary": {"covered_lines": 0, "num_statements": 0, "percent_covered": 100.0, "percent_covered_display": "100", "missing_lines": 0, "excluded_lines": 0}, "missing_lines": [], "excluded_lines": []}, "GenerateContractContentCommand": {"executed_lines": [], "summary": {"covered_lines": 0, "num_statements": 0, "percent_covered": 100.0, "percent_covered_display": "100", "missing_lines": 0, "excluded_lines": 0}, "missing_lines": [], "excluded_lines": []}, "AnalyzeComplianceCommand": {"executed_lines": [], "summary": {"covered_lines": 0, "num_statements": 0, "percent_covered": 100.0, "percent_covered_display": "100", "missing_lines": 0, "excluded_lines": 0}, "missing_lines": [], "excluded_lines": []}, "ActivateContractCommand": {"executed_lines": [], "summary": {"covered_lines": 0, "num_statements": 0, "percent_covered": 100.0, "percent_covered_display": "100", "missing_lines": 0, "excluded_lines": 0}, "missing_lines": [], "excluded_lines": []}, "CompleteContractCommand": {"executed_lines": [], "summary": {"covered_lines": 0, "num_statements": 0, "percent_covered": 100.0, "percent_covered_display": "100", "missing_lines": 0, "excluded_lines": 0}, "missing_lines": [], "excluded_lines": []}, "TerminateContractCommand": {"executed_lines": [], "summary": {"covered_lines": 0, "num_statements": 0, "percent_covered": 100.0, "percent_covered_display": "100", "missing_lines": 0, "excluded_lines": 0}, "missing_lines": [], "excluded_lines": []}, "ContractApplicationService": {"executed_lines": [103, 104, 105, 110, 113, 114, 117, 118, 122, 134, 135, 137, 138, 139, 142, 145, 146, 148, 153, 156, 159, 161, 162, 164, 167, 176, 179, 180, 182, 187, 190, 191, 194, 206, 209, 217, 220, 223, 224, 226, 231, 234, 235, 236, 239, 240, 243, 249, 257, 264, 267, 269, 274, 277, 280, 283, 284, 286, 291, 294, 297, 300, 303, 308, 311, 314, 317, 320, 328, 329, 334, 335, 337, 355, 371, 372, 373, 374], "summary": {"covered_lines": 78, "num_statements": 92, "percent_covered": 84.78260869565217, "percent_covered_display": "85", "missing_lines": 14, "excluded_lines": 0}, "missing_lines": [119, 165, 169, 170, 171, 172, 173, 301, 318, 324, 341, 343, 347, 351], "excluded_lines": []}, "": {"executed_lines": [1, 5, 6, 7, 8, 9, 11, 12, 16, 19, 20, 23, 24, 25, 26, 27, 28, 29, 30, 31, 32, 33, 34, 35, 36, 37, 40, 41, 42, 43, 44, 45, 46, 47, 48, 49, 50, 51, 52, 53, 56, 57, 58, 59, 60, 63, 64, 65, 66, 67, 70, 71, 72, 73, 74, 77, 78, 79, 80, 81, 82, 85, 86, 87, 88, 89, 90, 93, 94, 99, 107, 150, 184, 228, 271, 288, 305, 322, 326, 331, 339, 345, 349, 353, 369], "summary": {"covered_lines": 76, "num_statements": 76, "percent_covered": 100.0, "percent_covered_display": "100", "missing_lines": 0, "excluded_lines": 0}, "missing_lines": [], "excluded_lines": []}}}, "app/core/__init__.py": {"executed_lines": [0], "summary": {"covered_lines": 0, "num_statements": 0, "percent_covered": 100.0, "percent_covered_display": "100", "missing_lines": 0, "excluded_lines": 0}, "missing_lines": [], "excluded_lines": [], "functions": {"": {"executed_lines": [], "summary": {"covered_lines": 0, "num_statements": 0, "percent_covered": 100.0, "percent_covered_display": "100", "missing_lines": 0, "excluded_lines": 0}, "missing_lines": [], "excluded_lines": []}}, "classes": {"": {"executed_lines": [], "summary": {"covered_lines": 0, "num_statements": 0, "percent_covered": 100.0, "percent_covered_display": "100", "missing_lines": 0, "excluded_lines": 0}, "missing_lines": [], "excluded_lines": []}}}, "app/core/auth.py": {"executed_lines": [1, 5, 6, 7, 8, 10, 11, 12, 14, 17, 18, 19, 20, 27, 32, 33, 35, 38, 39, 40, 43, 44, 45, 48, 49, 51, 54, 58, 61, 65, 66, 70, 73, 78, 79, 84, 85, 86, 91, 94, 96, 99, 101, 102, 108, 113, 114, 116, 119, 120, 121, 122, 124, 125, 126, 128, 129, 130, 134, 151, 164, 174, 184, 198, 209, 218, 220, 222, 223, 224], "summary": {"covered_lines": 68, "num_statements": 101, "percent_covered": 67.32673267326733, "percent_covered_display": "67", "missing_lines": 33, "excluded_lines": 0}, "missing_lines": [136, 137, 139, 145, 146, 148, 153, 154, 155, 159, 160, 166, 167, 171, 176, 177, 181, 187, 188, 191, 192, 195, 200, 201, 211, 212, 213, 214, 215, 227, 228, 230, 231], "excluded_lines": [], "functions": {"AuthenticationError.__init__": {"executed_lines": [20], "summary": {"covered_lines": 1, "num_statements": 1, "percent_covered": 100.0, "percent_covered_display": "100", "missing_lines": 0, "excluded_lines": 0}, "missing_lines": [], "excluded_lines": []}, "get_current_user": {"executed_lines": [32, 33, 35, 38, 39, 40, 43, 44, 45, 48, 49, 51], "summary": {"covered_lines": 12, "num_statements": 12, "percent_covered": 100.0, "percent_covered_display": "100", "missing_lines": 0, "excluded_lines": 0}, "missing_lines": [], "excluded_lines": []}, "get_current_active_user": {"executed_lines": [58], "summary": {"covered_lines": 1, "num_statements": 1, "percent_covered": 100.0, "percent_covered_display": "100", "missing_lines": 0, "excluded_lines": 0}, "missing_lines": [], "excluded_lines": []}, "get_admin_user": {"executed_lines": [65, 66, 70], "summary": {"covered_lines": 3, "num_statements": 3, "percent_covered": 100.0, "percent_covered_display": "100", "missing_lines": 0, "excluded_lines": 0}, "missing_lines": [], "excluded_lines": []}, "get_user_company": {"executed_lines": [78, 79, 84, 85, 86, 91], "summary": {"covered_lines": 6, "num_statements": 6, "percent_covered": 100.0, "percent_covered_display": "100", "missing_lines": 0, "excluded_lines": 0}, "missing_lines": [], "excluded_lines": []}, "verify_company_access": {"executed_lines": [96], "summary": {"covered_lines": 1, "num_statements": 1, "percent_covered": 100.0, "percent_covered_display": "100", "missing_lines": 0, "excluded_lines": 0}, "missing_lines": [], "excluded_lines": []}, "require_company_access": {"executed_lines": [101, 102], "summary": {"covered_lines": 2, "num_statements": 2, "percent_covered": 100.0, "percent_covered_display": "100", "missing_lines": 0, "excluded_lines": 0}, "missing_lines": [], "excluded_lines": []}, "get_optional_user": {"executed_lines": [113, 114, 116, 119, 120, 121, 122, 124, 125, 126, 128, 129, 130], "summary": {"covered_lines": 13, "num_statements": 13, "percent_covered": 100.0, "percent_covered_display": "100", "missing_lines": 0, "excluded_lines": 0}, "missing_lines": [], "excluded_lines": []}, "has_permission": {"executed_lines": [], "summary": {"covered_lines": 0, "num_statements": 6, "percent_covered": 0.0, "percent_covered_display": "0", "missing_lines": 6, "excluded_lines": 0}, "missing_lines": [136, 137, 139, 145, 146, 148], "excluded_lines": []}, "require_role": {"executed_lines": [], "summary": {"covered_lines": 0, "num_statements": 2, "percent_covered": 0.0, "percent_covered_display": "0", "missing_lines": 2, "excluded_lines": 0}, "missing_lines": [153, 160], "excluded_lines": []}, "require_role.role_dependency": {"executed_lines": [], "summary": {"covered_lines": 0, "num_statements": 3, "percent_covered": 0.0, "percent_covered_display": "0", "missing_lines": 3, "excluded_lines": 0}, "missing_lines": [154, 155, 159], "excluded_lines": []}, "get_editor_user": {"executed_lines": [], "summary": {"covered_lines": 0, "num_statements": 3, "percent_covered": 0.0, "percent_covered_display": "0", "missing_lines": 3, "excluded_lines": 0}, "missing_lines": [166, 167, 171], "excluded_lines": []}, "get_admin_role_user": {"executed_lines": [], "summary": {"covered_lines": 0, "num_statements": 3, "percent_covered": 0.0, "percent_covered_display": "0", "missing_lines": 3, "excluded_lines": 0}, "missing_lines": [176, 177, 181], "excluded_lines": []}, "can_modify_resource": {"executed_lines": [], "summary": {"covered_lines": 0, "num_statements": 5, "percent_covered": 0.0, "percent_covered_display": "0", "missing_lines": 5, "excluded_lines": 0}, "missing_lines": [187, 188, 191, 192, 195], "excluded_lines": []}, "require_modify_permission": {"executed_lines": [], "summary": {"covered_lines": 0, "num_statements": 2, "percent_covered": 0.0, "percent_covered_display": "0", "missing_lines": 2, "excluded_lines": 0}, "missing_lines": [200, 201], "excluded_lines": []}, "decode_jwt_token": {"executed_lines": [], "summary": {"covered_lines": 0, "num_statements": 5, "percent_covered": 0.0, "percent_covered_display": "0", "missing_lines": 5, "excluded_lines": 0}, "missing_lines": [211, 212, 213, 214, 215], "excluded_lines": []}, "authenticate_websocket_user": {"executed_lines": [220, 222, 223, 224], "summary": {"covered_lines": 4, "num_statements": 8, "percent_covered": 50.0, "percent_covered_display": "50", "missing_lines": 4, "excluded_lines": 0}, "missing_lines": [227, 228, 230, 231], "excluded_lines": []}, "": {"executed_lines": [1, 5, 6, 7, 8, 10, 11, 12, 14, 17, 18, 19, 27, 54, 61, 73, 94, 99, 108, 134, 151, 164, 174, 184, 198, 209, 218], "summary": {"covered_lines": 25, "num_statements": 25, "percent_covered": 100.0, "percent_covered_display": "100", "missing_lines": 0, "excluded_lines": 0}, "missing_lines": [], "excluded_lines": []}}, "classes": {"AuthenticationError": {"executed_lines": [20], "summary": {"covered_lines": 1, "num_statements": 1, "percent_covered": 100.0, "percent_covered_display": "100", "missing_lines": 0, "excluded_lines": 0}, "missing_lines": [], "excluded_lines": []}, "": {"executed_lines": [1, 5, 6, 7, 8, 10, 11, 12, 14, 17, 18, 19, 27, 32, 33, 35, 38, 39, 40, 43, 44, 45, 48, 49, 51, 54, 58, 61, 65, 66, 70, 73, 78, 79, 84, 85, 86, 91, 94, 96, 99, 101, 102, 108, 113, 114, 116, 119, 120, 121, 122, 124, 125, 126, 128, 129, 130, 134, 151, 164, 174, 184, 198, 209, 218, 220, 222, 223, 224], "summary": {"covered_lines": 67, "num_statements": 100, "percent_covered": 67.0, "percent_covered_display": "67", "missing_lines": 33, "excluded_lines": 0}, "missing_lines": [136, 137, 139, 145, 146, 148, 153, 154, 155, 159, 160, 166, 167, 171, 176, 177, 181, 187, 188, 191, 192, 195, 200, 201, 211, 212, 213, 214, 215, 227, 228, 230, 231], "excluded_lines": []}}}, "app/core/config.py": {"executed_lines": [1, 5, 6, 7, 10, 11, 14, 15, 16, 17, 20, 23, 26, 27, 28, 31, 32, 35, 38, 39, 40, 43, 44, 47, 56, 58, 59, 60, 63, 64, 66, 69], "summary": {"covered_lines": 30, "num_statements": 30, "percent_covered": 100.0, "percent_covered_display": "100", "missing_lines": 0, "excluded_lines": 0}, "missing_lines": [], "excluded_lines": [], "functions": {"get_settings": {"executed_lines": [66], "summary": {"covered_lines": 1, "num_statements": 1, "percent_covered": 100.0, "percent_covered_display": "100", "missing_lines": 0, "excluded_lines": 0}, "missing_lines": [], "excluded_lines": []}, "": {"executed_lines": [1, 5, 6, 7, 10, 11, 14, 15, 16, 17, 20, 23, 26, 27, 28, 31, 32, 35, 38, 39, 40, 43, 44, 47, 56, 58, 59, 60, 63, 64, 69], "summary": {"covered_lines": 29, "num_statements": 29, "percent_covered": 100.0, "percent_covered_display": "100", "missing_lines": 0, "excluded_lines": 0}, "missing_lines": [], "excluded_lines": []}}, "classes": {"Settings": {"executed_lines": [], "summary": {"covered_lines": 0, "num_statements": 0, "percent_covered": 100.0, "percent_covered_display": "100", "missing_lines": 0, "excluded_lines": 0}, "missing_lines": [], "excluded_lines": []}, "Settings.Config": {"executed_lines": [], "summary": {"covered_lines": 0, "num_statements": 0, "percent_covered": 100.0, "percent_covered_display": "100", "missing_lines": 0, "excluded_lines": 0}, "missing_lines": [], "excluded_lines": []}, "": {"executed_lines": [1, 5, 6, 7, 10, 11, 14, 15, 16, 17, 20, 23, 26, 27, 28, 31, 32, 35, 38, 39, 40, 43, 44, 47, 56, 58, 59, 60, 63, 64, 66, 69], "summary": {"covered_lines": 30, "num_statements": 30, "percent_covered": 100.0, "percent_covered_display": "100", "missing_lines": 0, "excluded_lines": 0}, "missing_lines": [], "excluded_lines": []}}}, "app/core/database.py": {"executed_lines": [1, 4, 5, 6, 7, 8, 10, 12, 16, 17, 19, 27, 30, 33, 41, 44, 46, 49, 55, 56, 59, 61, 62, 63, 65, 66, 67, 68, 71, 73, 74, 76, 77, 78, 79, 80, 81, 84, 85, 87, 88, 90, 92, 93, 95, 96, 97, 98, 99, 101, 102, 104, 107, 112, 114, 115, 117, 118, 119, 120, 121, 123], "summary": {"covered_lines": 60, "num_statements": 60, "percent_covered": 100.0, "percent_covered_display": "100", "missing_lines": 0, "excluded_lines": 0}, "missing_lines": [], "excluded_lines": [], "functions": {"create_tables": {"executed_lines": [46, 49, 55, 56], "summary": {"covered_lines": 4, "num_statements": 4, "percent_covered": 100.0, "percent_covered_display": "100", "missing_lines": 0, "excluded_lines": 0}, "missing_lines": [], "excluded_lines": []}, "get_db": {"executed_lines": [61, 62, 63, 65, 66, 67, 68], "summary": {"covered_lines": 7, "num_statements": 7, "percent_covered": 100.0, "percent_covered_display": "100", "missing_lines": 0, "excluded_lines": 0}, "missing_lines": [], "excluded_lines": []}, "check_database_health": {"executed_lines": [73, 74, 76, 77, 78, 79, 80, 81], "summary": {"covered_lines": 8, "num_statements": 8, "percent_covered": 100.0, "percent_covered_display": "100", "missing_lines": 0, "excluded_lines": 0}, "missing_lines": [], "excluded_lines": []}, "DatabaseManager.get_session": {"executed_lines": [90], "summary": {"covered_lines": 1, "num_statements": 1, "percent_covered": 100.0, "percent_covered_display": "100", "missing_lines": 0, "excluded_lines": 0}, "missing_lines": [], "excluded_lines": []}, "DatabaseManager.close_session": {"executed_lines": [95, 96, 97, 98, 99], "summary": {"covered_lines": 5, "num_statements": 5, "percent_covered": 100.0, "percent_covered_display": "100", "missing_lines": 0, "excluded_lines": 0}, "missing_lines": [], "excluded_lines": []}, "DatabaseManager.init_database": {"executed_lines": [104, 107, 112], "summary": {"covered_lines": 3, "num_statements": 3, "percent_covered": 100.0, "percent_covered_display": "100", "missing_lines": 0, "excluded_lines": 0}, "missing_lines": [], "excluded_lines": []}, "DatabaseManager.reset_database": {"executed_lines": [117, 118, 119, 120, 121, 123], "summary": {"covered_lines": 6, "num_statements": 6, "percent_covered": 100.0, "percent_covered_display": "100", "missing_lines": 0, "excluded_lines": 0}, "missing_lines": [], "excluded_lines": []}, "": {"executed_lines": [1, 4, 5, 6, 7, 8, 10, 12, 16, 17, 19, 27, 30, 33, 41, 44, 59, 71, 84, 85, 87, 88, 92, 93, 101, 102, 114, 115], "summary": {"covered_lines": 26, "num_statements": 26, "percent_covered": 100.0, "percent_covered_display": "100", "missing_lines": 0, "excluded_lines": 0}, "missing_lines": [], "excluded_lines": []}}, "classes": {"DatabaseManager": {"executed_lines": [90, 95, 96, 97, 98, 99, 104, 107, 112, 117, 118, 119, 120, 121, 123], "summary": {"covered_lines": 15, "num_statements": 15, "percent_covered": 100.0, "percent_covered_display": "100", "missing_lines": 0, "excluded_lines": 0}, "missing_lines": [], "excluded_lines": []}, "": {"executed_lines": [1, 4, 5, 6, 7, 8, 10, 12, 16, 17, 19, 27, 30, 33, 41, 44, 46, 49, 55, 56, 59, 61, 62, 63, 65, 66, 67, 68, 71, 73, 74, 76, 77, 78, 79, 80, 81, 84, 85, 87, 88, 92, 93, 101, 102, 114, 115], "summary": {"covered_lines": 45, "num_statements": 45, "percent_covered": 100.0, "percent_covered_display": "100", "missing_lines": 0, "excluded_lines": 0}, "missing_lines": [], "excluded_lines": []}}}, "app/core/datetime_utils.py": {"executed_lines": [1, 5, 8, 13, 16, 21, 22, 23, 26, 30], "summary": {"covered_lines": 9, "num_statements": 9, "percent_covered": 100.0, "percent_covered_display": "100", "missing_lines": 0, "excluded_lines": 0}, "missing_lines": [], "excluded_lines": [], "functions": {"get_current_utc": {"executed_lines": [13], "summary": {"covered_lines": 1, "num_statements": 1, "percent_covered": 100.0, "percent_covered_display": "100", "missing_lines": 0, "excluded_lines": 0}, "missing_lines": [], "excluded_lines": []}, "ensure_utc": {"executed_lines": [21, 22, 23], "summary": {"covered_lines": 3, "num_statements": 3, "percent_covered": 100.0, "percent_covered_display": "100", "missing_lines": 0, "excluded_lines": 0}, "missing_lines": [], "excluded_lines": []}, "utc_from_timestamp": {"executed_lines": [30], "summary": {"covered_lines": 1, "num_statements": 1, "percent_covered": 100.0, "percent_covered_display": "100", "missing_lines": 0, "excluded_lines": 0}, "missing_lines": [], "excluded_lines": []}, "": {"executed_lines": [1, 5, 8, 16, 26], "summary": {"covered_lines": 4, "num_statements": 4, "percent_covered": 100.0, "percent_covered_display": "100", "missing_lines": 0, "excluded_lines": 0}, "missing_lines": [], "excluded_lines": []}}, "classes": {"": {"executed_lines": [1, 5, 8, 13, 16, 21, 22, 23, 26, 30], "summary": {"covered_lines": 9, "num_statements": 9, "percent_covered": 100.0, "percent_covered_display": "100", "missing_lines": 0, "excluded_lines": 0}, "missing_lines": [], "excluded_lines": []}}}, "app/core/exceptions.py": {"executed_lines": [1, 5, 6, 9, 10, 12, 13, 25, 26, 33, 34, 41, 42, 50, 51, 58, 59, 71, 72, 79, 80, 88, 89, 90, 100, 101, 102, 107, 108, 109, 115, 120, 125], "summary": {"covered_lines": 28, "num_statements": 60, "percent_covered": 46.666666666666664, "percent_covered_display": "47", "missing_lines": 32, "excluded_lines": 0}, "missing_lines": [15, 16, 18, 20, 28, 36, 44, 53, 61, 66, 67, 69, 74, 82, 91, 92, 93, 94, 95, 96, 97, 103, 104, 110, 111, 112, 117, 122, 127, 128, 129, 130], "excluded_lines": [], "functions": {"APIExceptionFactory.not_found": {"executed_lines": [], "summary": {"covered_lines": 0, "num_statements": 4, "percent_covered": 0.0, "percent_covered_display": "0", "missing_lines": 4, "excluded_lines": 0}, "missing_lines": [15, 16, 18, 20], "excluded_lines": []}, "APIExceptionFactory.forbidden": {"executed_lines": [], "summary": {"covered_lines": 0, "num_statements": 1, "percent_covered": 0.0, "percent_covered_display": "0", "missing_lines": 1, "excluded_lines": 0}, "missing_lines": [28], "excluded_lines": []}, "APIExceptionFactory.bad_request": {"executed_lines": [], "summary": {"covered_lines": 0, "num_statements": 1, "percent_covered": 0.0, "percent_covered_display": "0", "missing_lines": 1, "excluded_lines": 0}, "missing_lines": [36], "excluded_lines": []}, "APIExceptionFactory.unauthorized": {"executed_lines": [], "summary": {"covered_lines": 0, "num_statements": 1, "percent_covered": 0.0, "percent_covered_display": "0", "missing_lines": 1, "excluded_lines": 0}, "missing_lines": [44], "excluded_lines": []}, "APIExceptionFactory.conflict": {"executed_lines": [], "summary": {"covered_lines": 0, "num_statements": 1, "percent_covered": 0.0, "percent_covered_display": "0", "missing_lines": 1, "excluded_lines": 0}, "missing_lines": [53], "excluded_lines": []}, "APIExceptionFactory.unprocessable_entity": {"executed_lines": [], "summary": {"covered_lines": 0, "num_statements": 4, "percent_covered": 0.0, "percent_covered_display": "0", "missing_lines": 4, "excluded_lines": 0}, "missing_lines": [61, 66, 67, 69], "excluded_lines": []}, "APIExceptionFactory.internal_server_error": {"executed_lines": [], "summary": {"covered_lines": 0, "num_statements": 1, "percent_covered": 0.0, "percent_covered_display": "0", "missing_lines": 1, "excluded_lines": 0}, "missing_lines": [74], "excluded_lines": []}, "APIExceptionFactory.service_unavailable": {"executed_lines": [], "summary": {"covered_lines": 0, "num_statements": 1, "percent_covered": 0.0, "percent_covered_display": "0", "missing_lines": 1, "excluded_lines": 0}, "missing_lines": [82], "excluded_lines": []}, "ResourceNotFoundError.__init__": {"executed_lines": [], "summary": {"covered_lines": 0, "num_statements": 7, "percent_covered": 0.0, "percent_covered_display": "0", "missing_lines": 7, "excluded_lines": 0}, "missing_lines": [91, 92, 93, 94, 95, 96, 97], "excluded_lines": []}, "CompanyAccessError.__init__": {"executed_lines": [], "summary": {"covered_lines": 0, "num_statements": 2, "percent_covered": 0.0, "percent_covered_display": "0", "missing_lines": 2, "excluded_lines": 0}, "missing_lines": [103, 104], "excluded_lines": []}, "BusinessRuleViolationError.__init__": {"executed_lines": [], "summary": {"covered_lines": 0, "num_statements": 3, "percent_covered": 0.0, "percent_covered_display": "0", "missing_lines": 3, "excluded_lines": 0}, "missing_lines": [110, 111, 112], "excluded_lines": []}, "handle_resource_not_found": {"executed_lines": [], "summary": {"covered_lines": 0, "num_statements": 1, "percent_covered": 0.0, "percent_covered_display": "0", "missing_lines": 1, "excluded_lines": 0}, "missing_lines": [117], "excluded_lines": []}, "handle_company_access_error": {"executed_lines": [], "summary": {"covered_lines": 0, "num_statements": 1, "percent_covered": 0.0, "percent_covered_display": "0", "missing_lines": 1, "excluded_lines": 0}, "missing_lines": [122], "excluded_lines": []}, "handle_business_rule_violation": {"executed_lines": [], "summary": {"covered_lines": 0, "num_statements": 4, "percent_covered": 0.0, "percent_covered_display": "0", "missing_lines": 4, "excluded_lines": 0}, "missing_lines": [127, 128, 129, 130], "excluded_lines": []}, "": {"executed_lines": [1, 5, 6, 9, 10, 12, 13, 25, 26, 33, 34, 41, 42, 50, 51, 58, 59, 71, 72, 79, 80, 88, 89, 90, 100, 101, 102, 107, 108, 109, 115, 120, 125], "summary": {"covered_lines": 28, "num_statements": 28, "percent_covered": 100.0, "percent_covered_display": "100", "missing_lines": 0, "excluded_lines": 0}, "missing_lines": [], "excluded_lines": []}}, "classes": {"APIExceptionFactory": {"executed_lines": [], "summary": {"covered_lines": 0, "num_statements": 14, "percent_covered": 0.0, "percent_covered_display": "0", "missing_lines": 14, "excluded_lines": 0}, "missing_lines": [15, 16, 18, 20, 28, 36, 44, 53, 61, 66, 67, 69, 74, 82], "excluded_lines": []}, "ResourceNotFoundError": {"executed_lines": [], "summary": {"covered_lines": 0, "num_statements": 7, "percent_covered": 0.0, "percent_covered_display": "0", "missing_lines": 7, "excluded_lines": 0}, "missing_lines": [91, 92, 93, 94, 95, 96, 97], "excluded_lines": []}, "CompanyAccessError": {"executed_lines": [], "summary": {"covered_lines": 0, "num_statements": 2, "percent_covered": 0.0, "percent_covered_display": "0", "missing_lines": 2, "excluded_lines": 0}, "missing_lines": [103, 104], "excluded_lines": []}, "BusinessRuleViolationError": {"executed_lines": [], "summary": {"covered_lines": 0, "num_statements": 3, "percent_covered": 0.0, "percent_covered_display": "0", "missing_lines": 3, "excluded_lines": 0}, "missing_lines": [110, 111, 112], "excluded_lines": []}, "": {"executed_lines": [1, 5, 6, 9, 10, 12, 13, 25, 26, 33, 34, 41, 42, 50, 51, 58, 59, 71, 72, 79, 80, 88, 89, 90, 100, 101, 102, 107, 108, 109, 115, 120, 125], "summary": {"covered_lines": 28, "num_statements": 34, "percent_covered": 82.3529411764706, "percent_covered_display": "82", "missing_lines": 6, "excluded_lines": 0}, "missing_lines": [117, 122, 127, 128, 129, 130], "excluded_lines": []}}}, "app/core/responses.py": {"executed_lines": [], "summary": {"covered_lines": 0, "num_statements": 92, "percent_covered": 0.0, "percent_covered_display": "0", "missing_lines": 92, "excluded_lines": 0}, "missing_lines": [5, 6, 7, 9, 12, 14, 15, 16, 18, 19, 20, 21, 24, 26, 27, 28, 29, 30, 31, 32, 34, 35, 37, 39, 50, 53, 54, 56, 58, 59, 61, 62, 63, 64, 66, 68, 69, 71, 76, 77, 79, 84, 85, 87, 92, 93, 101, 104, 108, 109, 110, 111, 114, 115, 116, 117, 120, 121, 124, 125, 126, 129, 130, 133, 134, 135, 136, 138, 139, 141, 144, 147, 148, 149, 150, 151, 153, 155, 160, 161, 163, 164, 166, 168, 169, 171, 173, 174, 176, 178, 179, 181], "excluded_lines": [], "functions": {"SuccessResponse.__init__": {"executed_lines": [], "summary": {"covered_lines": 0, "num_statements": 3, "percent_covered": 0.0, "percent_covered_display": "0", "missing_lines": 3, "excluded_lines": 0}, "missing_lines": [19, 20, 21], "excluded_lines": []}, "PaginatedResponse.create": {"executed_lines": [], "summary": {"covered_lines": 0, "num_statements": 2, "percent_covered": 0.0, "percent_covered_display": "0", "missing_lines": 2, "excluded_lines": 0}, "missing_lines": [37, 39], "excluded_lines": []}, "ResponseFormatter.success": {"executed_lines": [], "summary": {"covered_lines": 0, "num_statements": 1, "percent_covered": 0.0, "percent_covered_display": "0", "missing_lines": 1, "excluded_lines": 0}, "missing_lines": [56], "excluded_lines": []}, "ResponseFormatter.created": {"executed_lines": [], "summary": {"covered_lines": 0, "num_statements": 5, "percent_covered": 0.0, "percent_covered_display": "0", "missing_lines": 5, "excluded_lines": 0}, "missing_lines": [61, 62, 63, 64, 66], "excluded_lines": []}, "ResponseFormatter.updated": {"executed_lines": [], "summary": {"covered_lines": 0, "num_statements": 1, "percent_covered": 0.0, "percent_covered_display": "0", "missing_lines": 1, "excluded_lines": 0}, "missing_lines": [71], "excluded_lines": []}, "ResponseFormatter.deleted": {"executed_lines": [], "summary": {"covered_lines": 0, "num_statements": 1, "percent_covered": 0.0, "percent_covered_display": "0", "missing_lines": 1, "excluded_lines": 0}, "missing_lines": [79], "excluded_lines": []}, "ResponseFormatter.operation_completed": {"executed_lines": [], "summary": {"covered_lines": 0, "num_statements": 1, "percent_covered": 0.0, "percent_covered_display": "0", "missing_lines": 1, "excluded_lines": 0}, "missing_lines": [87], "excluded_l
[...]
 359, 360, 361, 363, 364, 365, 367, 368, 370, 371, 373, 374, 376, 377, 379, 380, 382, 383, 385, 386, 388, 389, 391, 392, 394, 406, 407, 410, 412, 413, 414, 415, 417, 418, 419, 420, 421, 422, 425, 427, 428, 430, 435, 436, 437, 439, 440, 442, 443, 445, 446, 448, 449, 451, 463, 464, 467, 469, 470, 471, 472, 474, 475, 476, 477, 478, 479, 482, 484, 485, 487, 492, 493, 494, 496, 497, 499, 500, 502, 503, 505, 509, 510, 511, 512, 513, 514, 515, 519, 520, 521, 522, 523, 524, 525, 529, 530, 531, 532, 533, 535, 536, 540, 557, 558, 560, 564, 577, 591, 592, 594, 598, 603, 607, 609, 610, 612, 613, 615, 616, 618], "excluded_lines": []}, "": {"executed_lines": [1, 5, 6, 7, 8, 9, 10, 11, 13, 16, 19, 26, 29, 30, 31, 32, 33, 34, 35, 36, 37, 40, 41, 47, 48, 49, 51, 54, 131, 210, 288, 308, 317, 356, 396, 432, 453, 489, 507, 517, 527, 538, 562, 575, 596, 605, 622], "summary": {"covered_lines": 44, "num_statements": 45, "percent_covered": 97.77777777777777, "percent_covered_display": "98", "missing_lines": 1, "excluded_lines": 0}, "missing_lines": [624], "excluded_lines": []}}}, "app/services/security_service.py": {"executed_lines": [1, 5, 6, 7, 8, 9, 10, 11, 12, 14, 17, 18, 19, 20, 21, 22, 23, 25, 26, 29, 30, 32, 33, 34, 36, 38, 41, 42, 45, 48, 49, 52, 53, 59, 61, 62, 65, 67, 69, 71, 73, 74, 76, 77, 82, 85, 86, 88, 89, 90, 93, 104, 106, 110, 113, 114, 115, 118, 119, 120, 123, 125, 127, 128, 138, 139, 141, 143, 145, 147, 148, 159, 160, 162, 164, 166, 169, 170, 173, 174, 179, 182, 183, 184, 195, 197, 200, 201, 203, 213, 215, 217, 220, 221, 224, 228, 230, 232, 238, 239, 241, 242, 243, 245, 253, 256, 257, 258, 260, 261, 262, 265, 269, 272, 273, 275, 276, 278, 282, 283, 289, 294, 295, 298], "summary": {"covered_lines": 119, "num_statements": 127, "percent_covered": 93.7007874015748, "percent_covered_display": "94", "missing_lines": 8, "excluded_lines": 0}, "missing_lines": [43, 300, 301, 302, 303, 307, 308, 309], "excluded_lines": [], "functions": {"SecurityEvent.__init__": {"executed_lines": [20, 21, 22, 23, 25, 26], "summary": {"covered_lines": 6, "num_statements": 6, "percent_covered": 100.0, "percent_covered_display": "100", "missing_lines": 0, "excluded_lines": 0}, "missing_lines": [], "excluded_lines": []}, "RateLimiter.__init__": {"executed_lines": [33, 34], "summary": {"covered_lines": 2, "num_statements": 2, "percent_covered": 100.0, "percent_covered_display": "100", "missing_lines": 0, "excluded_lines": 0}, "missing_lines": [], "excluded_lines": []}, "RateLimiter.is_allowed": {"executed_lines": [38, 41, 42, 45, 48, 49, 52, 53, 59, 61, 62, 65, 67], "summary": {"covered_lines": 13, "num_statements": 14, "percent_covered": 92.85714285714286, "percent_covered_display": "93", "missing_lines": 1, "excluded_lines": 0}, "missing_lines": [43], "excluded_lines": []}, "RateLimiter.get_remaining_requests": {"executed_lines": [71, 73, 74, 76, 77, 82], "summary": {"covered_lines": 6, "num_statements": 6, "percent_covered": 100.0, "percent_covered_display": "100", "missing_lines": 0, "excluded_lines": 0}, "missing_lines": [], "excluded_lines": []}, "SecurityMonitor.__init__": {"executed_lines": [89, 90, 93, 104], "summary": {"covered_lines": 4, "num_statements": 4, "percent_covered": 100.0, "percent_covered_display": "100", "missing_lines": 0, "excluded_lines": 0}, "missing_lines": [], "excluded_lines": []}, "SecurityMonitor.analyze_request": {"executed_lines": [110, 113, 114, 115, 118, 119, 120, 123, 125, 127, 128, 138, 139, 141], "summary": {"covered_lines": 14, "num_statements": 14, "percent_covered": 100.0, "percent_covered_display": "100", "missing_lines": 0, "excluded_lines": 0}, "missing_lines": [], "excluded_lines": []}, "SecurityMonitor.check_rate_limit": {"executed_lines": [145, 147, 148, 159, 160, 162], "summary": {"covered_lines": 6, "num_statements": 6, "percent_covered": 100.0, "percent_covered_display": "100", "missing_lines": 0, "excluded_lines": 0}, "missing_lines": [], "excluded_lines": []}, "SecurityMonitor.log_failed_login": {"executed_lines": [166, 169, 170, 173, 174, 179, 182, 183, 184, 195], "summary": {"covered_lines": 10, "num_statements": 10, "percent_covered": 100.0, "percent_covered_display": "100", "missing_lines": 0, "excluded_lines": 0}, "missing_lines": [], "excluded_lines": []}, "SecurityMonitor.log_successful_login": {"executed_lines": [200, 201, 203, 213], "summary": {"covered_lines": 4, "num_statements": 4, "percent_covered": 100.0, "percent_covered_display": "100", "missing_lines": 0, "excluded_lines": 0}, "missing_lines": [], "excluded_lines": []}, "SecurityMonitor.log_security_event": {"executed_lines": [217, 220, 221, 224], "summary": {"covered_lines": 4, "num_statements": 4, "percent_covered": 100.0, "percent_covered_display": "100", "missing_lines": 0, "excluded_lines": 0}, "missing_lines": [], "excluded_lines": []}, "SecurityMonitor.get_security_summary": {"executed_lines": [230, 232, 238, 239, 241, 242, 243, 245], "summary": {"covered_lines": 8, "num_statements": 8, "percent_covered": 100.0, "percent_covered_display": "100", "missing_lines": 0, "excluded_lines": 0}, "missing_lines": [], "excluded_lines": []}, "SecurityMonitor.get_client_ip": {"executed_lines": [256, 257, 258, 260, 261, 262, 265], "summary": {"covered_lines": 7, "num_statements": 7, "percent_covered": 100.0, "percent_covered_display": "100", "missing_lines": 0, "excluded_lines": 0}, "missing_lines": [], "excluded_lines": []}, "SecurityMiddleware.__init__": {"executed_lines": [276], "summary": {"covered_lines": 1, "num_statements": 1, "percent_covered": 100.0, "percent_covered_display": "100", "missing_lines": 0, "excluded_lines": 0}, "missing_lines": [], "excluded_lines": []}, "SecurityMiddleware.__call__": {"executed_lines": [282, 283, 289, 294, 295], "summary": {"covered_lines": 5, "num_statements": 5, "percent_covered": 100.0, "percent_covered_display": "100", "missing_lines": 0, "excluded_lines": 0}, "missing_lines": [], "excluded_lines": []}, "require_https": {"executed_lines": [], "summary": {"covered_lines": 0, "num_statements": 2, "percent_covered": 0.0, "percent_covered_display": "0", "missing_lines": 2, "excluded_lines": 0}, "missing_lines": [300, 309], "excluded_lines": []}, "require_https.decorator": {"executed_lines": [], "summary": {"covered_lines": 0, "num_statements": 2, "percent_covered": 0.0, "percent_covered_display": "0", "missing_lines": 2, "excluded_lines": 0}, "missing_lines": [301, 308], "excluded_lines": []}, "require_https.decorator.wrapper": {"executed_lines": [], "summary": {"covered_lines": 0, "num_statements": 3, "percent_covered": 0.0, "percent_covered_display": "0", "missing_lines": 3, "excluded_lines": 0}, "missing_lines": [302, 303, 307], "excluded_lines": []}, "": {"executed_lines": [1, 5, 6, 7, 8, 9, 10, 11, 12, 14, 17, 18, 19, 29, 30, 32, 36, 69, 85, 86, 88, 106, 143, 164, 197, 215, 228, 253, 269, 272, 273, 275, 278, 298], "summary": {"covered_lines": 29, "num_statements": 29, "percent_covered": 100.0, "percent_covered_display": "100", "missing_lines": 0, "excluded_lines": 0}, "missing_lines": [], "excluded_lines": []}}, "classes": {"SecurityEvent": {"executed_lines": [20, 21, 22, 23, 25, 26], "summary": {"covered_lines": 6, "num_statements": 6, "percent_covered": 100.0, "percent_covered_display": "100", "missing_lines": 0, "excluded_lines": 0}, "missing_lines": [], "excluded_lines": []}, "RateLimiter": {"executed_lines": [33, 34, 38, 41, 42, 45, 48, 49, 52, 53, 59, 61, 62, 65, 67, 71, 73, 74, 76, 77, 82], "summary": {"covered_lines": 21, "num_statements": 22, "percent_covered": 95.45454545454545, "percent_covered_display": "95", "missing_lines": 1, "excluded_lines": 0}, "missing_lines": [43], "excluded_lines": []}, "SecurityMonitor": {"executed_lines": [89, 90, 93, 104, 110, 113, 114, 115, 118, 119, 120, 123, 125, 127, 128, 138, 139, 141, 145, 147, 148, 159, 160, 162, 166, 169, 170, 173, 174, 179, 182, 183, 184, 195, 200, 201, 203, 213, 217, 220, 221, 224, 230, 232, 238, 239, 241, 242, 243, 245, 256, 257, 258, 260, 261, 262, 265], "summary": {"covered_lines": 57, "num_statements": 57, "percent_covered": 100.0, "percent_covered_display": "100", "missing_lines": 0, "excluded_lines": 0}, "missing_lines": [], "excluded_lines": []}, "SecurityMiddleware": {"executed_lines": [276, 282, 283, 289, 294, 295], "summary": {"covered_lines": 6, "num_statements": 6, "percent_covered": 100.0, "percent_covered_display": "100", "missing_lines": 0, "excluded_lines": 0}, "missing_lines": [], "excluded_lines": []}, "": {"executed_lines": [1, 5, 6, 7, 8, 9, 10, 11, 12, 14, 17, 18, 19, 29, 30, 32, 36, 69, 85, 86, 88, 106, 143, 164, 197, 215, 228, 253, 269, 272, 273, 275, 278, 298], "summary": {"covered_lines": 29, "num_statements": 36, "percent_covered": 80.55555555555556, "percent_covered_display": "81", "missing_lines": 7, "excluded_lines": 0}, "missing_lines": [300, 301, 302, 303, 307, 308, 309], "excluded_lines": []}}}, "app/services/websocket_service.py": {"executed_lines": [1, 5, 6, 7, 8, 9, 10, 11, 12, 13, 15, 16, 18, 19, 20, 25, 27, 30, 31, 32, 33, 34, 35, 36, 37, 38, 39, 40, 43, 44, 45, 46, 47, 50, 51, 57, 58, 59, 60, 61, 62, 64, 66, 69, 72, 75, 78, 79, 81, 85, 87, 88, 89, 92, 95, 98, 101, 109, 110, 111, 114, 115, 132, 133, 134, 135, 137, 183, 203, 232, 250, 299, 323, 326, 331, 337, 342, 347, 349, 352, 354, 357, 359, 360, 362, 363, 365, 382, 410, 413, 414, 415, 418, 419, 420, 422, 424, 425, 426, 443, 445, 446, 447, 461, 466, 468, 471, 473, 476, 483, 485, 488, 495, 500, 512], "summary": {"covered_lines": 111, "num_statements": 248, "percent_covered": 44.75806451612903, "percent_covered_display": "45", "missing_lines": 137, "excluded_lines": 0}, "missing_lines": [118, 123, 129, 130, 141, 142, 143, 145, 147, 150, 154, 157, 162, 169, 172, 173, 175, 177, 178, 181, 188, 189, 191, 192, 193, 194, 195, 196, 197, 198, 199, 201, 213, 214, 215, 217, 218, 219, 221, 222, 223, 224, 225, 226, 227, 228, 230, 237, 239, 240, 241, 242, 243, 244, 245, 246, 248, 254, 255, 256, 258, 260, 261, 265, 266, 269, 272, 274, 275, 276, 278, 280, 281, 283, 285, 286, 289, 291, 292, 293, 297, 303, 305, 306, 307, 311, 313, 332, 343, 350, 355, 368, 371, 372, 373, 374, 377, 378, 379, 380, 384, 385, 388, 389, 392, 393, 399, 401, 404, 407, 408, 428, 429, 431, 432, 433, 435, 436, 437, 438, 440, 441, 449, 450, 452, 453, 454, 456, 457, 478, 479, 480, 492, 497, 502, 508, 514], "excluded_lines": [], "functions": {"WebSocketManager.__init__": {"executed_lines": [66, 69, 72, 75, 78, 79], "summary": {"covered_lines": 6, "num_statements": 6, "percent_covered": 100.0, "percent_covered_display": "100", "missing_lines": 0, "excluded_lines": 0}, "missing_lines": [], "excluded_lines": []}, "WebSocketManager.connect": {"executed_lines": [85, 87, 88, 89, 92, 95, 98, 101, 109, 110, 111, 114, 115, 132, 133, 134, 135], "summary": {"covered_lines": 17, "num_statements": 21, "percent_covered": 80.95238095238095, "percent_covered_display": "81", "missing_lines": 4, "excluded_lines": 0}, "missing_lines": [118, 123, 129, 130], "excluded_lines": []}, "WebSocketManager.disconnect": {"executed_lines": [], "summary": {"covered_lines": 0, "num_statements": 16, "percent_covered": 0.0, "percent_covered_display": "0", "missing_lines": 16, "excluded_lines": 0}, "missing_lines": [141, 142, 143, 145, 147, 150, 154, 157, 162, 169, 172, 173, 175, 177, 178, 181], "excluded_lines": []}, "WebSocketManager.send_to_user": {"executed_lines": [], "summary": {"covered_lines": 0, "num_statements": 12, "percent_covered": 0.0, "percent_covered_display": "0", "missing_lines": 12, "excluded_lines": 0}, "missing_lines": [188, 189, 191, 192, 193, 194, 195, 196, 197, 198, 199, 201], "excluded_lines": []}, "WebSocketManager.broadcast_to_company": {"executed_lines": [], "summary": {"covered_lines": 0, "num_statements": 15, "percent_covered": 0.0, "percent_covered_display": "0", "missing_lines": 15, "excluded_lines": 0}, "missing_lines": [213, 214, 215, 217, 218, 219, 221, 222, 223, 224, 225, 226, 227, 228, 230], "excluded_lines": []}, "WebSocketManager.broadcast_to_all": {"executed_lines": [], "summary": {"covered_lines": 0, "num_statements": 10, "percent_covered": 0.0, "percent_covered_display": "0", "missing_lines": 10, "excluded_lines": 0}, "missing_lines": [237, 239, 240, 241, 242, 243, 244, 245, 246, 248], "excluded_lines": []}, "WebSocketManager.handle_message": {"executed_lines": [], "summary": {"covered_lines": 0, "num_statements": 24, "percent_covered": 0.0, "percent_covered_display": "0", "missing_lines": 24, "excluded_lines": 0}, "missing_lines": [254, 255, 256, 258, 260, 261, 265, 266, 269, 272, 274, 275, 276, 278, 280, 281, 283, 285, 286, 289, 291, 292, 293, 297], "excluded_lines": []}, "WebSocketManager.get_connection_stats": {"executed_lines": [], "summary": {"covered_lines": 0, "num_statements": 6, "percent_covered": 0.0, "percent_covered_display": "0", "missing_lines": 6, "excluded_lines": 0}, "missing_lines": [303, 305, 306, 307, 311, 313], "excluded_lines": []}, "WebSocketManager._validate_connection_limits": {"executed_lines": [326, 331, 337, 342], "summary": {"covered_lines": 4, "num_statements": 6, "percent_covered": 66.66666666666667, "percent_covered_display": "67", "missing_lines": 2, "excluded_lines": 0}, "missing_lines": [332, 343], "excluded_lines": []}, "WebSocketManager._send_to_connection": {"executed_lines": [349, 352, 354, 357, 359, 360, 362, 363], "summary": {"covered_lines": 8, "num_statements": 10, "percent_covered": 80.0, "percent_covered_display": "80", "missing_lines": 2, "excluded_lines": 0}, "missing_lines": [350, 355], "excluded_lines": []}, "WebSocketManager._cleanup_connection": {"executed_lines": [], "summary": {"covered_lines": 0, "num_statements": 9, "percent_covered": 0.0, "percent_covered_display": "0", "missing_lines": 9, "excluded_lines": 0}, "missing_lines": [368, 371, 372, 373, 374, 377, 378, 379, 380], "excluded_lines": []}, "WebSocketManager._check_rate_limit": {"executed_lines": [], "summary": {"covered_lines": 0, "num_statements": 11, "percent_covered": 0.0, "percent_covered_display": "0", "missing_lines": 11, "excluded_lines": 0}, "missing_lines": [384, 385, 388, 389, 392, 393, 399, 401, 404, 407, 408], "excluded_lines": []}, "WebSocketManager._start_background_tasks": {"executed_lines": [413, 414, 415, 418, 419, 420], "summary": {"covered_lines": 6, "num_statements": 6, "percent_covered": 100.0, "percent_covered_display": "100", "missing_lines": 0, "excluded_lines": 0}, "missing_lines": [], "excluded_lines": []}, "WebSocketManager._ping_connections": {"executed_lines": [424, 425, 426], "summary": {"covered_lines": 3, "num_statements": 14, "percent_covered": 21.428571428571427, "percent_covered_display": "21", "missing_lines": 11, "excluded_lines": 0}, "missing_lines": [428, 429, 431, 432, 433, 435, 436, 437, 438, 440, 441], "excluded_lines": []}, "WebSocketManager._cleanup_inactive_connections": {"executed_lines": [445, 446, 447], "summary": {"covered_lines": 3, "num_statements": 10, "percent_covered": 30.0, "percent_covered_display": "30", "missing_lines": 7, "excluded_lines": 0}, "missing_lines": [449, 450, 452, 453, 454, 456, 457], "excluded_lines": []}, "broadcast_contract_update": {"executed_lines": [468], "summary": {"covered_lines": 1, "num_statements": 1, "percent_covered": 100.0, "percent_covered_display": "100", "missing_lines": 0, "excluded_lines": 0}, "missing_lines": [], "excluded_lines": []}, "broadcast_contract_creation": {"executed_lines": [473], "summary": {"covered_lines": 1, "num_statements": 1, "percent_covered": 100.0, "percent_covered_display": "100", "missing_lines": 0, "excluded_lines": 0}, "missing_lines": [], "excluded_lines": []}, "send_user_notification": {"executed_lines": [], "summary": {"covered_lines": 0, "num_statements": 3, "percent_covered": 0.0, "percent_covered_display": "0", "missing_lines": 3, "excluded_lines": 0}, "missing_lines": [478, 479, 480], "excluded_lines": []}, "broadcast_system_notification": {"executed_lines": [485], "summary": {"covered_lines": 1, "num_statements": 1, "percent_covered": 100.0, "percent_covered_display": "100", "missing_lines": 0, "excluded_lines": 0}, "missing_lines": [], "excluded_lines": []}, "notify_users_by_role": {"executed_lines": [], "summary": {"covered_lines": 0, "num_statements": 1, "percent_covered": 0.0, "percent_covered_display": "0", "missing_lines": 1, "excluded_lines": 0}, "missing_lines": [492], "excluded_lines": []}, "send_bulk_operation_update": {"executed_lines": [], "summary": {"covered_lines": 0, "num_statements": 1, "percent_covered": 0.0, "percent_covered_display": "0", "missing_lines": 1, "excluded_lines": 0}, "missing_lines": [497], "excluded_lines": []}, "batch_send_notifications": {"executed_lines": [], "summary": {"covered_lines": 0, "num_statements": 2, "percent_covered": 0.0, "percent_covered_display": "0", "missing_lines": 2, "excluded_lines": 0}, "missing_lines": [502, 508], "excluded_lines": []}, "get_websocket_manager": {"executed_lines": [], "summary": {"covered_lines": 0, "num_statements": 1, "percent_covered": 0.0, "percent_covered_display": "0", "missing_lines": 1, "excluded_lines": 0}, "missing_lines": [514], "excluded_lines": []}, "": {"executed_lines": [1, 5, 6, 7, 8, 9, 10, 11, 12, 13, 15, 16, 18, 19, 20, 25, 27, 30, 31, 32, 33, 34, 35, 36, 37, 38, 39, 40, 43, 44, 45, 46, 47, 50, 51, 57, 58, 59, 60, 61, 62, 64, 81, 137, 183, 203, 232, 250, 299, 323, 347, 365, 382, 410, 422, 443, 461, 466, 471, 476, 483, 488, 495, 500, 512], "summary": {"covered_lines": 61, "num_statements": 61, "percent_covered": 100.0, "percent_covered_display": "100", "missing_lines": 0, "excluded_lines": 0}, "missing_lines": [], "excluded_lines": []}}, "classes": {"WebSocketConnection": {"executed_lines": [], "summary": {"covered_lines": 0, "num_statements": 0, "percent_covered": 100.0, "percent_covered_display": "100", "missing_lines": 0, "excluded_lines": 0}, "missing_lines": [], "excluded_lines": []}, "RateLimitInfo": {"executed_lines": [], "summary": {"covered_lines": 0, "num_statements": 0, "percent_covered": 100.0, "percent_covered_display": "100", "missing_lines": 0, "excluded_lines": 0}, "missing_lines": [], "excluded_lines": []}, "WebSocketManager": {"executed_lines": [66, 69, 72, 75, 78, 79, 85, 87, 88, 89, 92, 95, 98, 101, 109, 110, 111, 114, 115, 132, 133, 134, 135, 326, 331, 337, 342, 349, 352, 354, 357, 359, 360, 362, 363, 413, 414, 415, 418, 419, 420, 424, 425, 426, 445, 446, 447], "summary": {"covered_lines": 47, "num_statements": 176, "percent_covered": 26.704545454545453, "percent_covered_display": "27", "missing_lines": 129, "excluded_lines": 0}, "missing_lines": [118, 123, 129, 130, 141, 142, 143, 145, 147, 150, 154, 157, 162, 169, 172, 173, 175, 177, 178, 181, 188, 189, 191, 192, 193, 194, 195, 196, 197, 198, 199, 201, 213, 214, 215, 217, 218, 219, 221, 222, 223, 224, 225, 226, 227, 228, 230, 237, 239, 240, 241, 242, 243, 244, 245, 246, 248, 254, 255, 256, 258, 260, 261, 265, 266, 269, 272, 274, 275, 276, 278, 280, 281, 283, 285, 286, 289, 291, 292, 293, 297, 303, 305, 306, 307, 311, 313, 332, 343, 350, 355, 368, 371, 372, 373, 374, 377, 378, 379, 380, 384, 385, 388, 389, 392, 393, 399, 401, 404, 407, 408, 428, 429, 431, 432, 433, 435, 436, 437, 438, 440, 441, 449, 450, 452, 453, 454, 456, 457], "excluded_lines": []}, "": {"executed_lines": [1, 5, 6, 7, 8, 9, 10, 11, 12, 13, 15, 16, 18, 19, 20, 25, 27, 30, 31, 32, 33, 34, 35, 36, 37, 38, 39, 40, 43, 44, 45, 46, 47, 50, 51, 57, 58, 59, 60, 61, 62, 64, 81, 137, 183, 203, 232, 250, 299, 323, 347, 365, 382, 410, 422, 443, 461, 466, 468, 471, 473, 476, 483, 485, 488, 495, 500, 512], "summary": {"covered_lines": 64, "num_statements": 72, "percent_covered": 88.88888888888889, "percent_covered_display": "89", "missing_lines": 8, "excluded_lines": 0}, "missing_lines": [478, 479, 480, 492, 497, 502, 508, 514], "excluded_lines": []}}}}, "totals": {"covered_lines": 3232, "num_statements": 5105, "percent_covered": 63.310479921645445, "percent_covered_display": "63", "missing_lines": 1873, "excluded_lines": 0}}