<testsuites id="" name="" tests="5" failures="5" skipped="0" errors="0" time="64.151807">
<testsuite name="gap-analysis.spec.ts" timestamp="2025-09-02T23:15:52.563Z" hostname="chromium" tests="1" failures="1" skipped="0" time="35.763" errors="0">
<testcase name="Comprehensive Gap Analysis › Generate Complete Frontend-Backend Integration Report" classname="gap-analysis.spec.ts" time="35.763">
<failure message="gap-analysis.spec.ts:581:3 Generate Complete Frontend-Backend Integration Report" type="FAILURE">
<![CDATA[  [chromium] › gap-analysis.spec.ts:581:3 › Comprehensive Gap Analysis › Generate Complete Frontend-Backend Integration Report 

    Test timeout of 30000ms exceeded.

    attachment #1: video (video/webm) ──────────────────────────────────────────────────────────────
    ../test-results/gap-analysis-Comprehensive-94bae--Backend-Integration-Report-chromium/video.webm
    ────────────────────────────────────────────────────────────────────────────────────────────────

    Error Context: ../test-results/gap-analysis-Comprehensive-94bae--Backend-Integration-Report-chromium/error-context.md
]]>
</failure>
<system-out>
<![CDATA[Starting comprehensive gap analysis...
Backend available: false
Analyzing critical user flows...
Testing flow: User Registration & Login
Testing flow: Dashboard Data Loading
Testing flow: Contract List & Search
Testing flow: Contract Creation
Testing flow: Analytics Dashboard
Testing flow: Team Management
Testing flow: Notifications
Testing flow: Templates Management
Testing flow: Integrations
Testing flow: Audit Trail
Analyzing API endpoint coverage...
Generating gap analysis report...
Full report saved to: /Users/rezazeraat/Desktop/Pactoria-MVP/frontend/frontend-backend-integration-report.json
Markdown report saved to: /Users/rezazeraat/Desktop/Pactoria-MVP/frontend/INTEGRATION_GAP_ANALYSIS.md

=== INTEGRATION GAP ANALYSIS SUMMARY ===
Production Readiness: NOT_READY
Overall Score: 0%
Total Endpoints: 65
Working Endpoints: 0
Failing Endpoints: 1
Missing Endpoints: 64
Critical Issues: 15

Production Blockers: 4
  - Backend API must be running and accessible
  - 15 critical API endpoints not working
  - Authentication system not fully functional
  - Core contract management features not working

[[ATTACHMENT|gap-analysis-Comprehensive-94bae--Backend-Integration-Report-chromium/video.webm]]

[[ATTACHMENT|gap-analysis-Comprehensive-94bae--Backend-Integration-Report-chromium/error-context.md]]
]]>
</system-out>
<system-err>
<![CDATA[Error testing flow Analytics Dashboard: page.goto: Target page, context or browser has been closed
    at Object.actions [90m(/Users/rezazeraat/Desktop/Pactoria-MVP/frontend/[39me2e/gap-analysis.spec.ts:229:27[90m)[39m
    at GapAnalyzer.analyzeCriticalUserFlows [90m(/Users/rezazeraat/Desktop/Pactoria-MVP/frontend/[39me2e/gap-analysis.spec.ts:312:20[90m)[39m
    at [90m/Users/rezazeraat/Desktop/Pactoria-MVP/frontend/[39me2e/gap-analysis.spec.ts:594:5 {
  [[32mSymbol(step)[39m]: {
    location: {
      file: [32m'/Users/rezazeraat/Desktop/Pactoria-MVP/frontend/e2e/gap-analysis.spec.ts'[39m,
      line: [33m229[39m,
      column: [33m27[39m,
      function: [32m'Object.actions'[39m
    },
    category: [32m'pw:api'[39m,
    title: [32m'Navigate to "/analytics"'[39m,
    apiName: [32m'page.goto'[39m,
    params: { url: [32m'/analytics'[39m, waitUntil: [32m'load'[39m, timeout: [33m30000[39m },
    group: [90mundefined[39m,
    stepId: [32m'pw:api@51'[39m,
    boxedStack: [90mundefined[39m,
    steps: [],
    attachmentIndices: [],
    info: TestStepInfoImpl {
      annotations: [],
      _testInfo: [36m[TestInfoImpl][39m,
      _stepId: [32m'pw:api@51'[39m,
      _title: [32m'Navigate to "/analytics"'[39m,
      _parentStep: [36m[TestStepInfoImpl][39m,
      skip: [36m[Function (anonymous)][39m
    },
    recoverFromStepError: [36m[AsyncFunction: recoverFromStepError][39m,
    complete: [36m[Function: complete][39m,
    endWallTime: [33m1756854989163[39m,
    error: {
      message: [32m'Error: page.goto: Target page, context or browser has been closed'[39m,
      stack: [32m'Error: page.goto: Target page, context or browser has been closed\n'[39m +
        [32m'    at Object.actions (/Users/rezazeraat/Desktop/Pactoria-MVP/frontend/e2e/gap-analysis.spec.ts:229:27)\n'[39m +
        [32m'    at GapAnalyzer.analyzeCriticalUserFlows (/Users/rezazeraat/Desktop/Pactoria-MVP/frontend/e2e/gap-analysis.spec.ts:312:20)\n'[39m +
        [32m'    at /Users/rezazeraat/Desktop/Pactoria-MVP/frontend/e2e/gap-analysis.spec.ts:594:5'[39m,
      cause: [90mundefined[39m
    }
  }
}
Error testing flow Team Management: page.goto: Target page, context or browser has been closed
    at Object.actions [90m(/Users/rezazeraat/Desktop/Pactoria-MVP/frontend/[39me2e/gap-analysis.spec.ts:242:27[90m)[39m
    at GapAnalyzer.analyzeCriticalUserFlows [90m(/Users/rezazeraat/Desktop/Pactoria-MVP/frontend/[39me2e/gap-analysis.spec.ts:312:20[90m)[39m
    at [90m/Users/rezazeraat/Desktop/Pactoria-MVP/frontend/[39me2e/gap-analysis.spec.ts:594:5 {
  [[32mSymbol(step)[39m]: {
    location: {
      file: [32m'/Users/rezazeraat/Desktop/Pactoria-MVP/frontend/e2e/gap-analysis.spec.ts'[39m,
      line: [33m242[39m,
      column: [33m27[39m,
      function: [32m'Object.actions'[39m
    },
    category: [32m'pw:api'[39m,
    title: [32m'Navigate to "/team"'[39m,
    apiName: [32m'page.goto'[39m,
    params: { url: [32m'/team'[39m, waitUntil: [32m'load'[39m, timeout: [33m30000[39m },
    group: [90mundefined[39m,
    stepId: [32m'pw:api@52'[39m,
    boxedStack: [90mundefined[39m,
    steps: [],
    attachmentIndices: [],
    info: TestStepInfoImpl {
      annotations: [],
      _testInfo: [36m[TestInfoImpl][39m,
      _stepId: [32m'pw:api@52'[39m,
      _title: [32m'Navigate to "/team"'[39m,
      _parentStep: [36m[TestStepInfoImpl][39m,
      skip: [36m[Function (anonymous)][39m
    },
    recoverFromStepError: [36m[AsyncFunction: recoverFromStepError][39m,
    complete: [36m[Function: complete][39m,
    endWallTime: [33m1756854989166[39m,
    error: {
      message: [32m'Error: page.goto: Target page, context or browser has been closed'[39m,
      stack: [32m'Error: page.goto: Target page, context or browser has been closed\n'[39m +
        [32m'    at Object.actions (/Users/rezazeraat/Desktop/Pactoria-MVP/frontend/e2e/gap-analysis.spec.ts:242:27)\n'[39m +
        [32m'    at GapAnalyzer.analyzeCriticalUserFlows (/Users/rezazeraat/Desktop/Pactoria-MVP/frontend/e2e/gap-analysis.spec.ts:312:20)\n'[39m +
        [32m'    at /Users/rezazeraat/Desktop/Pactoria-MVP/frontend/e2e/gap-analysis.spec.ts:594:5'[39m,
      cause: [90mundefined[39m
    }
  }
}
Error testing flow Notifications: page.goto: Target page, context or browser has been closed
    at Object.actions [90m(/Users/rezazeraat/Desktop/Pactoria-MVP/frontend/[39me2e/gap-analysis.spec.ts:255:27[90m)[39m
    at GapAnalyzer.analyzeCriticalUserFlows [90m(/Users/rezazeraat/Desktop/Pactoria-MVP/frontend/[39me2e/gap-analysis.spec.ts:312:20[90m)[39m
    at [90m/Users/rezazeraat/Desktop/Pactoria-MVP/frontend/[39me2e/gap-analysis.spec.ts:594:5 {
  [[32mSymbol(step)[39m]: {
    location: {
      file: [32m'/Users/rezazeraat/Desktop/Pactoria-MVP/frontend/e2e/gap-analysis.spec.ts'[39m,
      line: [33m255[39m,
      column: [33m27[39m,
      function: [32m'Object.actions'[39m
    },
    category: [32m'pw:api'[39m,
    title: [32m'Navigate to "/notifications"'[39m,
    apiName: [32m'page.goto'[39m,
    params: { url: [32m'/notifications'[39m, waitUntil: [32m'load'[39m, timeout: [33m30000[39m },
    group: [90mundefined[39m,
    stepId: [32m'pw:api@53'[39m,
    boxedStack: [90mundefined[39m,
    steps: [],
    attachmentIndices: [],
    info: TestStepInfoImpl {
      annotations: [],
      _testInfo: [36m[TestInfoImpl][39m,
      _stepId: [32m'pw:api@53'[39m,
      _title: [32m'Navigate to "/notifications"'[39m,
      _parentStep: [36m[TestStepInfoImpl][39m,
      skip: [36m[Function (anonymous)][39m
    },
    recoverFromStepError: [36m[AsyncFunction: recoverFromStepError][39m,
    complete: [36m[Function: complete][39m,
    endWallTime: [33m1756854989168[39m,
    error: {
      message: [32m'Error: page.goto: Target page, context or browser has been closed'[39m,
      stack: [32m'Error: page.goto: Target page, context or browser has been closed\n'[39m +
        [32m'    at Object.actions (/Users/rezazeraat/Desktop/Pactoria-MVP/frontend/e2e/gap-analysis.spec.ts:255:27)\n'[39m +
        [32m'    at GapAnalyzer.analyzeCriticalUserFlows (/Users/rezazeraat/Desktop/Pactoria-MVP/frontend/e2e/gap-analysis.spec.ts:312:20)\n'[39m +
        [32m'    at /Users/rezazeraat/Desktop/Pactoria-MVP/frontend/e2e/gap-analysis.spec.ts:594:5'[39m,
      cause: [90mundefined[39m
    }
  }
}
Error testing flow Templates Management: page.goto: Target page, context or browser has been closed
    at Object.actions [90m(/Users/rezazeraat/Desktop/Pactoria-MVP/frontend/[39me2e/gap-analysis.spec.ts:268:27[90m)[39m
    at GapAnalyzer.analyzeCriticalUserFlows [90m(/Users/rezazeraat/Desktop/Pactoria-MVP/frontend/[39me2e/gap-analysis.spec.ts:312:20[90m)[39m
    at [90m/Users/rezazeraat/Desktop/Pactoria-MVP/frontend/[39me2e/gap-analysis.spec.ts:594:5 {
  [[32mSymbol(step)[39m]: {
    location: {
      file: [32m'/Users/rezazeraat/Desktop/Pactoria-MVP/frontend/e2e/gap-analysis.spec.ts'[39m,
      line: [33m268[39m,
      column: [33m27[39m,
      function: [32m'Object.actions'[39m
    },
    category: [32m'pw:api'[39m,
    title: [32m'Navigate to "/templates"'[39m,
    apiName: [32m'page.goto'[39m,
    params: { url: [32m'/templates'[39m, waitUntil: [32m'load'[39m, timeout: [33m30000[39m },
    group: [90mundefined[39m,
    stepId: [32m'pw:api@54'[39m,
    boxedStack: [90mundefined[39m,
    steps: [],
    attachmentIndices: [],
    info: TestStepInfoImpl {
      annotations: [],
      _testInfo: [36m[TestInfoImpl][39m,
      _stepId: [32m'pw:api@54'[39m,
      _title: [32m'Navigate to "/templates"'[39m,
      _parentStep: [36m[TestStepInfoImpl][39m,
      skip: [36m[Function (anonymous)][39m
    },
    recoverFromStepError: [36m[AsyncFunction: recoverFromStepError][39m,
    complete: [36m[Function: complete][39m,
    endWallTime: [33m1756854989169[39m,
    error: {
      message: [32m'Error: page.goto: Target page, context or browser has been closed'[39m,
      stack: [32m'Error: page.goto: Target page, context or browser has been closed\n'[39m +
        [32m'    at Object.actions (/Users/rezazeraat/Desktop/Pactoria-MVP/frontend/e2e/gap-analysis.spec.ts:268:27)\n'[39m +
        [32m'    at GapAnalyzer.analyzeCriticalUserFlows (/Users/rezazeraat/Desktop/Pactoria-MVP/frontend/e2e/gap-analysis.spec.ts:312:20)\n'[39m +
        [32m'    at /Users/rezazeraat/Desktop/Pactoria-MVP/frontend/e2e/gap-analysis.spec.ts:594:5'[39m,
      cause: [90mundefined[39m
    }
  }
}
Error testing flow Integrations: page.goto: Target page, context or browser has been closed
    at Object.actions [90m(/Users/rezazeraat/Desktop/Pactoria-MVP/frontend/[39me2e/gap-analysis.spec.ts:281:27[90m)[39m
    at GapAnalyzer.analyzeCriticalUserFlows [90m(/Users/rezazeraat/Desktop/Pactoria-MVP/frontend/[39me2e/gap-analysis.spec.ts:312:20[90m)[39m
    at [90m/Users/rezazeraat/Desktop/Pactoria-MVP/frontend/[39me2e/gap-analysis.spec.ts:594:5 {
  [[32mSymbol(step)[39m]: {
    location: {
      file: [32m'/Users/rezazeraat/Desktop/Pactoria-MVP/frontend/e2e/gap-analysis.spec.ts'[39m,
      line: [33m281[39m,
      column: [33m27[39m,
      function: [32m'Object.actions'[39m
    },
    category: [32m'pw:api'[39m,
    title: [32m'Navigate to "/integrations"'[39m,
    apiName: [32m'page.goto'[39m,
    params: { url: [32m'/integrations'[39m, waitUntil: [32m'load'[39m, timeout: [33m30000[39m },
    group: [90mundefined[39m,
    stepId: [32m'pw:api@55'[39m,
    boxedStack: [90mundefined[39m,
    steps: [],
    attachmentIndices: [],
    info: TestStepInfoImpl {
      annotations: [],
      _testInfo: [36m[TestInfoImpl][39m,
      _stepId: [32m'pw:api@55'[39m,
      _title: [32m'Navigate to "/integrations"'[39m,
      _parentStep: [36m[TestStepInfoImpl][39m,
      skip: [36m[Function (anonymous)][39m
    },
    recoverFromStepError: [36m[AsyncFunction: recoverFromStepError][39m,
    complete: [36m[Function: complete][39m,
    endWallTime: [33m1756854989172[39m,
    error: {
      message: [32m'Error: page.goto: Target page, context or browser has been closed'[39m,
      stack: [32m'Error: page.goto: Target page, context or browser has been closed\n'[39m +
        [32m'    at Object.actions (/Users/rezazeraat/Desktop/Pactoria-MVP/frontend/e2e/gap-analysis.spec.ts:281:27)\n'[39m +
        [32m'    at GapAnalyzer.analyzeCriticalUserFlows (/Users/rezazeraat/Desktop/Pactoria-MVP/frontend/e2e/gap-analysis.spec.ts:312:20)\n'[39m +
        [32m'    at /Users/rezazeraat/Desktop/Pactoria-MVP/frontend/e2e/gap-analysis.spec.ts:594:5'[39m,
      cause: [90mundefined[39m
    }
  }
}
Error testing flow Audit Trail: page.goto: Target page, context or browser has been closed
    at Object.actions [90m(/Users/rezazeraat/Desktop/Pactoria-MVP/frontend/[39me2e/gap-analysis.spec.ts:294:27[90m)[39m
    at GapAnalyzer.analyzeCriticalUserFlows [90m(/Users/rezazeraat/Desktop/Pactoria-MVP/frontend/[39me2e/gap-analysis.spec.ts:312:20[90m)[39m
    at [90m/Users/rezazeraat/Desktop/Pactoria-MVP/frontend/[39me2e/gap-analysis.spec.ts:594:5 {
  [[32mSymbol(step)[39m]: {
    location: {
      file: [32m'/Users/rezazeraat/Desktop/Pactoria-MVP/frontend/e2e/gap-analysis.spec.ts'[39m,
      line: [33m294[39m,
      column: [33m27[39m,
      function: [32m'Object.actions'[39m
    },
    category: [32m'pw:api'[39m,
    title: [32m'Navigate to "/audit"'[39m,
    apiName: [32m'page.goto'[39m,
    params: { url: [32m'/audit'[39m, waitUntil: [32m'load'[39m, timeout: [33m30000[39m },
    group: [90mundefined[39m,
    stepId: [32m'pw:api@56'[39m,
    boxedStack: [90mundefined[39m,
    steps: [],
    attachmentIndices: [],
    info: TestStepInfoImpl {
      annotations: [],
      _testInfo: [36m[TestInfoImpl][39m,
      _stepId: [32m'pw:api@56'[39m,
      _title: [32m'Navigate to "/audit"'[39m,
      _parentStep: [36m[TestStepInfoImpl][39m,
      skip: [36m[Function (anonymous)][39m
    },
    recoverFromStepError: [36m[AsyncFunction: recoverFromStepError][39m,
    complete: [36m[Function: complete][39m,
    endWallTime: [33m1756854989173[39m,
    error: {
      message: [32m'Error: page.goto: Target page, context or browser has been closed'[39m,
      stack: [32m'Error: page.goto: Target page, context or browser has been closed\n'[39m +
        [32m'    at Object.actions (/Users/rezazeraat/Desktop/Pactoria-MVP/frontend/e2e/gap-analysis.spec.ts:294:27)\n'[39m +
        [32m'    at GapAnalyzer.analyzeCriticalUserFlows (/Users/rezazeraat/Desktop/Pactoria-MVP/frontend/e2e/gap-analysis.spec.ts:312:20)\n'[39m +
        [32m'    at /Users/rezazeraat/Desktop/Pactoria-MVP/frontend/e2e/gap-analysis.spec.ts:594:5'[39m,
      cause: [90mundefined[39m
    }
  }
}

❌ PRODUCTION BLOCKERS FOUND - This application is NOT ready for production
]]>
</system-err>
</testcase>
</testsuite>
<testsuite name="gap-analysis.spec.ts" timestamp="2025-09-02T23:15:52.563Z" hostname="firefox" tests="1" failures="1" skipped="0" time="30.191" errors="0">
<testcase name="Comprehensive Gap Analysis › Generate Complete Frontend-Backend Integration Report" classname="gap-analysis.spec.ts" time="30.191">
<failure message="gap-analysis.spec.ts:581:3 Generate Complete Frontend-Backend Integration Report" type="FAILURE">
<![CDATA[  [firefox] › gap-analysis.spec.ts:581:3 › Comprehensive Gap Analysis › Generate Complete Frontend-Backend Integration Report 

    Test timeout of 30000ms exceeded.

    attachment #1: screenshot (image/png) ──────────────────────────────────────────────────────────
    ../test-results/gap-analysis-Comprehensive-94bae--Backend-Integration-Report-firefox/test-failed-1.png
    ────────────────────────────────────────────────────────────────────────────────────────────────

    attachment #2: video (video/webm) ──────────────────────────────────────────────────────────────
    ../test-results/gap-analysis-Comprehensive-94bae--Backend-Integration-Report-firefox/video.webm
    ────────────────────────────────────────────────────────────────────────────────────────────────

    Error Context: ../test-results/gap-analysis-Comprehensive-94bae--Backend-Integration-Report-firefox/error-context.md
]]>
</failure>
<system-out>
<![CDATA[Starting comprehensive gap analysis...
Backend available: false
Analyzing critical user flows...
Testing flow: User Registration & Login
Testing flow: Dashboard Data Loading
Testing flow: Contract List & Search
Testing flow: Contract Creation
Testing flow: Analytics Dashboard
Testing flow: Team Management
Testing flow: Notifications
Testing flow: Templates Management
Testing flow: Integrations
Testing flow: Audit Trail
Analyzing API endpoint coverage...
Generating gap analysis report...
Full report saved to: /Users/rezazeraat/Desktop/Pactoria-MVP/frontend/frontend-backend-integration-report.json
Markdown report saved to: /Users/rezazeraat/Desktop/Pactoria-MVP/frontend/INTEGRATION_GAP_ANALYSIS.md

=== INTEGRATION GAP ANALYSIS SUMMARY ===
Production Readiness: NOT_READY
Overall Score: 0%
Total Endpoints: 65
Working Endpoints: 0
Failing Endpoints: 1
Missing Endpoints: 64
Critical Issues: 15

Production Blockers: 4
  - Backend API must be running and accessible
  - 15 critical API endpoints not working
  - Authentication system not fully functional
  - Core contract management features not working

[[ATTACHMENT|gap-analysis-Comprehensive-94bae--Backend-Integration-Report-firefox/test-failed-1.png]]

[[ATTACHMENT|gap-analysis-Comprehensive-94bae--Backend-Integration-Report-firefox/video.webm]]

[[ATTACHMENT|gap-analysis-Comprehensive-94bae--Backend-Integration-Report-firefox/error-context.md]]
]]>
</system-out>
<system-err>
<![CDATA[Error testing flow Analytics Dashboard: page.goto: Target page, context or browser has been closed
    at Object.actions [90m(/Users/rezazeraat/Desktop/Pactoria-MVP/frontend/[39me2e/gap-analysis.spec.ts:229:27[90m)[39m
    at GapAnalyzer.analyzeCriticalUserFlows [90m(/Users/rezazeraat/Desktop/Pactoria-MVP/frontend/[39me2e/gap-analysis.spec.ts:312:20[90m)[39m
    at [90m/Users/rezazeraat/Desktop/Pactoria-MVP/frontend/[39me2e/gap-analysis.spec.ts:594:5 {
  [[32mSymbol(step)[39m]: {
    location: {
      file: [32m'/Users/rezazeraat/Desktop/Pactoria-MVP/frontend/e2e/gap-analysis.spec.ts'[39m,
      line: [33m229[39m,
      column: [33m27[39m,
      function: [32m'Object.actions'[39m
    },
    category: [32m'pw:api'[39m,
    title: [32m'Navigate to "/analytics"'[39m,
    apiName: [32m'page.goto'[39m,
    params: { url: [32m'/analytics'[39m, waitUntil: [32m'load'[39m, timeout: [33m30000[39m },
    group: [90mundefined[39m,
    stepId: [32m'pw:api@51'[39m,
    boxedStack: [90mundefined[39m,
    steps: [],
    attachmentIndices: [],
    info: TestStepInfoImpl {
      annotations: [],
      _testInfo: [36m[TestInfoImpl][39m,
      _stepId: [32m'pw:api@51'[39m,
      _title: [32m'Navigate to "/analytics"'[39m,
      _parentStep: [36m[TestStepInfoImpl][39m,
      skip: [36m[Function (anonymous)][39m
    },
    recoverFromStepError: [36m[AsyncFunction: recoverFromStepError][39m,
    complete: [36m[Function: complete][39m,
    endWallTime: [33m1756854984021[39m,
    error: {
      message: [32m'Error: page.goto: Target page, context or browser has been closed'[39m,
      stack: [32m'Error: page.goto: Target page, context or browser has been closed\n'[39m +
        [32m'    at Object.actions (/Users/rezazeraat/Desktop/Pactoria-MVP/frontend/e2e/gap-analysis.spec.ts:229:27)\n'[39m +
        [32m'    at GapAnalyzer.analyzeCriticalUserFlows (/Users/rezazeraat/Desktop/Pactoria-MVP/frontend/e2e/gap-analysis.spec.ts:312:20)\n'[39m +
        [32m'    at /Users/rezazeraat/Desktop/Pactoria-MVP/frontend/e2e/gap-analysis.spec.ts:594:5'[39m,
      cause: [90mundefined[39m
    }
  }
}
Error testing flow Team Management: page.goto: Target page, context or browser has been closed
    at Object.actions [90m(/Users/rezazeraat/Desktop/Pactoria-MVP/frontend/[39me2e/gap-analysis.spec.ts:242:27[90m)[39m
    at GapAnalyzer.analyzeCriticalUserFlows [90m(/Users/rezazeraat/Desktop/Pactoria-MVP/frontend/[39me2e/gap-analysis.spec.ts:312:20[90m)[39m
    at [90m/Users/rezazeraat/Desktop/Pactoria-MVP/frontend/[39me2e/gap-analysis.spec.ts:594:5 {
  [[32mSymbol(step)[39m]: {
    location: {
      file: [32m'/Users/rezazeraat/Desktop/Pactoria-MVP/frontend/e2e/gap-analysis.spec.ts'[39m,
      line: [33m242[39m,
      column: [33m27[39m,
      function: [32m'Object.actions'[39m
    },
    category: [32m'pw:api'[39m,
    title: [32m'Navigate to "/team"'[39m,
    apiName: [32m'page.goto'[39m,
    params: { url: [32m'/team'[39m, waitUntil: [32m'load'[39m, timeout: [33m30000[39m },
    group: [90mundefined[39m,
    stepId: [32m'pw:api@52'[39m,
    boxedStack: [90mundefined[39m,
    steps: [],
    attachmentIndices: [],
    info: TestStepInfoImpl {
      annotations: [],
      _testInfo: [36m[TestInfoImpl][39m,
      _stepId: [32m'pw:api@52'[39m,
      _title: [32m'Navigate to "/team"'[39m,
      _parentStep: [36m[TestStepInfoImpl][39m,
      skip: [36m[Function (anonymous)][39m
    },
    recoverFromStepError: [36m[AsyncFunction: recoverFromStepError][39m,
    complete: [36m[Function: complete][39m,
    endWallTime: [33m1756854984024[39m,
    error: {
      message: [32m'Error: page.goto: Target page, context or browser has been closed'[39m,
      stack: [32m'Error: page.goto: Target page, context or browser has been closed\n'[39m +
        [32m'    at Object.actions (/Users/rezazeraat/Desktop/Pactoria-MVP/frontend/e2e/gap-analysis.spec.ts:242:27)\n'[39m +
        [32m'    at GapAnalyzer.analyzeCriticalUserFlows (/Users/rezazeraat/Desktop/Pactoria-MVP/frontend/e2e/gap-analysis.spec.ts:312:20)\n'[39m +
        [32m'    at /Users/rezazeraat/Desktop/Pactoria-MVP/frontend/e2e/gap-analysis.spec.ts:594:5'[39m,
      cause: [90mundefined[39m
    }
  }
}
Error testing flow Notifications: page.goto: Target page, context or browser has been closed
    at Object.actions [90m(/Users/rezazeraat/Desktop/Pactoria-MVP/frontend/[39me2e/gap-analysis.spec.ts:255:27[90m)[39m
    at GapAnalyzer.analyzeCriticalUserFlows [90m(/Users/rezazeraat/Desktop/Pactoria-MVP/frontend/[39me2e/gap-analysis.spec.ts:312:20[90m)[39m
    at [90m/Users/rezazeraat/Desktop/Pactoria-MVP/frontend/[39me2e/gap-analysis.spec.ts:594:5 {
  [[32mSymbol(step)[39m]: {
    location: {
      file: [32m'/Users/rezazeraat/Desktop/Pactoria-MVP/frontend/e2e/gap-analysis.spec.ts'[39m,
      line: [33m255[39m,
      column: [33m27[39m,
      function: [32m'Object.actions'[39m
    },
    category: [32m'pw:api'[39m,
    title: [32m'Navigate to "/notifications"'[39m,
    apiName: [32m'page.goto'[39m,
    params: { url: [32m'/notifications'[39m, waitUntil: [32m'load'[39m, timeout: [33m30000[39m },
    group: [90mundefined[39m,
    stepId: [32m'pw:api@53'[39m,
    boxedStack: [90mundefined[39m,
    steps: [],
    attachmentIndices: [],
    info: TestStepInfoImpl {
      annotations: [],
      _testInfo: [36m[TestInfoImpl][39m,
      _stepId: [32m'pw:api@53'[39m,
      _title: [32m'Navigate to "/notifications"'[39m,
      _parentStep: [36m[TestStepInfoImpl][39m,
      skip: [36m[Function (anonymous)][39m
    },
    recoverFromStepError: [36m[AsyncFunction: recoverFromStepError][39m,
    complete: [36m[Function: complete][39m,
    endWallTime: [33m1756854984026[39m,
    error: {
      message: [32m'Error: page.goto: Target page, context or browser has been closed'[39m,
      stack: [32m'Error: page.goto: Target page, context or browser has been closed\n'[39m +
        [32m'    at Object.actions (/Users/rezazeraat/Desktop/Pactoria-MVP/frontend/e2e/gap-analysis.spec.ts:255:27)\n'[39m +
        [32m'    at GapAnalyzer.analyzeCriticalUserFlows (/Users/rezazeraat/Desktop/Pactoria-MVP/frontend/e2e/gap-analysis.spec.ts:312:20)\n'[39m +
        [32m'    at /Users/rezazeraat/Desktop/Pactoria-MVP/frontend/e2e/gap-analysis.spec.ts:594:5'[39m,
      cause: [90mundefined[39m
    }
  }
}
Error testing flow Templates Management: page.goto: Target page, context or browser has been closed
    at Object.actions [90m(/Users/rezazeraat/Desktop/Pactoria-MVP/frontend/[39me2e/gap-analysis.spec.ts:268:27[90m)[39m
    at GapAnalyzer.analyzeCriticalUserFlows [90m(/Users/rezazeraat/Desktop/Pactoria-MVP/frontend/[39me2e/gap-analysis.spec.ts:312:20[90m)[39m
    at [90m/Users/rezazeraat/Desktop/Pactoria-MVP/frontend/[39me2e/gap-analysis.spec.ts:594:5 {
  [[32mSymbol(step)[39m]: {
    location: {
      file: [32m'/Users/rezazeraat/Desktop/Pactoria-MVP/frontend/e2e/gap-analysis.spec.ts'[39m,
      line: [33m268[39m,
      column: [33m27[39m,
      function: [32m'Object.actions'[39m
    },
    category: [32m'pw:api'[39m,
    title: [32m'Navigate to "/templates"'[39m,
    apiName: [32m'page.goto'[39m,
    params: { url: [32m'/templates'[39m, waitUntil: [32m'load'[39m, timeout: [33m30000[39m },
    group: [90mundefined[39m,
    stepId: [32m'pw:api@54'[39m,
    boxedStack: [90mundefined[39m,
    steps: [],
    attachmentIndices: [],
    info: TestStepInfoImpl {
      annotations: [],
      _testInfo: [36m[TestInfoImpl][39m,
      _stepId: [32m'pw:api@54'[39m,
      _title: [32m'Navigate to "/templates"'[39m,
      _parentStep: [36m[TestStepInfoImpl][39m,
      skip: [36m[Function (anonymous)][39m
    },
    recoverFromStepError: [36m[AsyncFunction: recoverFromStepError][39m,
    complete: [36m[Function: complete][39m,
    endWallTime: [33m1756854984028[39m,
    error: {
      message: [32m'Error: page.goto: Target page, context or browser has been closed'[39m,
      stack: [32m'Error: page.goto: Target page, context or browser has been closed\n'[39m +
        [32m'    at Object.actions (/Users/rezazeraat/Desktop/Pactoria-MVP/frontend/e2e/gap-analysis.spec.ts:268:27)\n'[39m +
        [32m'    at GapAnalyzer.analyzeCriticalUserFlows (/Users/rezazeraat/Desktop/Pactoria-MVP/frontend/e2e/gap-analysis.spec.ts:312:20)\n'[39m +
        [32m'    at /Users/rezazeraat/Desktop/Pactoria-MVP/frontend/e2e/gap-analysis.spec.ts:594:5'[39m,
      cause: [90mundefined[39m
    }
  }
}
Error testing flow Integrations: page.goto: Target page, context or browser has been closed
    at Object.actions [90m(/Users/rezazeraat/Desktop/Pactoria-MVP/frontend/[39me2e/gap-analysis.spec.ts:281:27[90m)[39m
    at GapAnalyzer.analyzeCriticalUserFlows [90m(/Users/rezazeraat/Desktop/Pactoria-MVP/frontend/[39me2e/gap-analysis.spec.ts:312:20[90m)[39m
    at [90m/Users/rezazeraat/Desktop/Pactoria-MVP/frontend/[39me2e/gap-analysis.spec.ts:594:5 {
  [[32mSymbol(step)[39m]: {
    location: {
      file: [32m'/Users/rezazeraat/Desktop/Pactoria-MVP/frontend/e2e/gap-analysis.spec.ts'[39m,
      line: [33m281[39m,
      column: [33m27[39m,
      function: [32m'Object.actions'[39m
    },
    category: [32m'pw:api'[39m,
    title: [32m'Navigate to "/integrations"'[39m,
    apiName: [32m'page.goto'[39m,
    params: { url: [32m'/integrations'[39m, waitUntil: [32m'load'[39m, timeout: [33m30000[39m },
    group: [90mundefined[39m,
    stepId: [32m'pw:api@55'[39m,
    boxedStack: [90mundefined[39m,
    steps: [],
    attachmentIndices: [],
    info: TestStepInfoImpl {
      annotations: [],
      _testInfo: [36m[TestInfoImpl][39m,
      _stepId: [32m'pw:api@55'[39m,
      _title: [32m'Navigate to "/integrations"'[39m,
      _parentStep: [36m[TestStepInfoImpl][39m,
      skip: [36m[Function (anonymous)][39m
    },
    recoverFromStepError: [36m[AsyncFunction: recoverFromStepError][39m,
    complete: [36m[Function: complete][39m,
    endWallTime: [33m1756854984029[39m,
    error: {
      message: [32m'Error: page.goto: Target page, context or browser has been closed'[39m,
      stack: [32m'Error: page.goto: Target page, context or browser has been closed\n'[39m +
        [32m'    at Object.actions (/Users/rezazeraat/Desktop/Pactoria-MVP/frontend/e2e/gap-analysis.spec.ts:281:27)\n'[39m +
        [32m'    at GapAnalyzer.analyzeCriticalUserFlows (/Users/rezazeraat/Desktop/Pactoria-MVP/frontend/e2e/gap-analysis.spec.ts:312:20)\n'[39m +
        [32m'    at /Users/rezazeraat/Desktop/Pactoria-MVP/frontend/e2e/gap-analysis.spec.ts:594:5'[39m,
      cause: [90mundefined[39m
    }
  }
}
Error testing flow Audit Trail: page.goto: Target page, context or browser has been closed
    at Object.actions [90m(/Users/rezazeraat/Desktop/Pactoria-MVP/frontend/[39me2e/gap-analysis.spec.ts:294:27[90m)[39m
    at GapAnalyzer.analyzeCriticalUserFlows [90m(/Users/rezazeraat/Desktop/Pactoria-MVP/frontend/[39me2e/gap-analysis.spec.ts:312:20[90m)[39m
    at [90m/Users/rezazeraat/Desktop/Pactoria-MVP/frontend/[39me2e/gap-analysis.spec.ts:594:5 {
  [[32mSymbol(step)[39m]: {
    location: {
      file: [32m'/Users/rezazeraat/Desktop/Pactoria-MVP/frontend/e2e/gap-analysis.spec.ts'[39m,
      line: [33m294[39m,
      column: [33m27[39m,
      function: [32m'Object.actions'[39m
    },
    category: [32m'pw:api'[39m,
    title: [32m'Navigate to "/audit"'[39m,
    apiName: [32m'page.goto'[39m,
    params: { url: [32m'/audit'[39m, waitUntil: [32m'load'[39m, timeout: [33m30000[39m },
    group: [90mundefined[39m,
    stepId: [32m'pw:api@56'[39m,
    boxedStack: [90mundefined[39m,
    steps: [],
    attachmentIndices: [],
    info: TestStepInfoImpl {
      annotations: [],
      _testInfo: [36m[TestInfoImpl][39m,
      _stepId: [32m'pw:api@56'[39m,
      _title: [32m'Navigate to "/audit"'[39m,
      _parentStep: [36m[TestStepInfoImpl][39m,
      skip: [36m[Function (anonymous)][39m
    },
    recoverFromStepError: [36m[AsyncFunction: recoverFromStepError][39m,
    complete: [36m[Function: complete][39m,
    endWallTime: [33m1756854984032[39m,
    error: {
      message: [32m'Error: page.goto: Target page, context or browser has been closed'[39m,
      stack: [32m'Error: page.goto: Target page, context or browser has been closed\n'[39m +
        [32m'    at Object.actions (/Users/rezazeraat/Desktop/Pactoria-MVP/frontend/e2e/gap-analysis.spec.ts:294:27)\n'[39m +
        [32m'    at GapAnalyzer.analyzeCriticalUserFlows (/Users/rezazeraat/Desktop/Pactoria-MVP/frontend/e2e/gap-analysis.spec.ts:312:20)\n'[39m +
        [32m'    at /Users/rezazeraat/Desktop/Pactoria-MVP/frontend/e2e/gap-analysis.spec.ts:594:5'[39m,
      cause: [90mundefined[39m
    }
  }
}

❌ PRODUCTION BLOCKERS FOUND - This application is NOT ready for production
]]>
</system-err>
</testcase>
</testsuite>
<testsuite name="gap-analysis.spec.ts" timestamp="2025-09-02T23:15:52.563Z" hostname="webkit" tests="1" failures="1" skipped="0" time="30.109" errors="0">
<testcase name="Comprehensive Gap Analysis › Generate Complete Frontend-Backend Integration Report" classname="gap-analysis.spec.ts" time="30.109">
<failure message="gap-analysis.spec.ts:581:3 Generate Complete Frontend-Backend Integration Report" type="FAILURE">
<![CDATA[  [webkit] › gap-analysis.spec.ts:581:3 › Comprehensive Gap Analysis › Generate Complete Frontend-Backend Integration Report 

    Test timeout of 30000ms exceeded.

    attachment #1: screenshot (image/png) ──────────────────────────────────────────────────────────
    ../test-results/gap-analysis-Comprehensive-94bae--Backend-Integration-Report-webkit/test-failed-1.png
    ────────────────────────────────────────────────────────────────────────────────────────────────

    attachment #2: video (video/webm) ──────────────────────────────────────────────────────────────
    ../test-results/gap-analysis-Comprehensive-94bae--Backend-Integration-Report-webkit/video.webm
    ────────────────────────────────────────────────────────────────────────────────────────────────

    Error Context: ../test-results/gap-analysis-Comprehensive-94bae--Backend-Integration-Report-webkit/error-context.md
]]>
</failure>
<system-out>
<![CDATA[Starting comprehensive gap analysis...
Backend available: false
Analyzing critical user flows...
Testing flow: User Registration & Login
Testing flow: Dashboard Data Loading
Testing flow: Contract List & Search
Testing flow: Contract Creation
Testing flow: Analytics Dashboard
Testing flow: Team Management
Testing flow: Notifications
Testing flow: Templates Management
Testing flow: Integrations
Testing flow: Audit Trail
Analyzing API endpoint coverage...
Generating gap analysis report...
Full report saved to: /Users/rezazeraat/Desktop/Pactoria-MVP/frontend/frontend-backend-integration-report.json
Markdown report saved to: /Users/rezazeraat/Desktop/Pactoria-MVP/frontend/INTEGRATION_GAP_ANALYSIS.md

=== INTEGRATION GAP ANALYSIS SUMMARY ===
Production Readiness: NOT_READY
Overall Score: 0%
Total Endpoints: 65
Working Endpoints: 0
Failing Endpoints: 1
Missing Endpoints: 64
Critical Issues: 15

Production Blockers: 4
  - Backend API must be running and accessible
  - 15 critical API endpoints not working
  - Authentication system not fully functional
  - Core contract management features not working

[[ATTACHMENT|gap-analysis-Comprehensive-94bae--Backend-Integration-Report-webkit/test-failed-1.png]]

[[ATTACHMENT|gap-analysis-Comprehensive-94bae--Backend-Integration-Report-webkit/video.webm]]

[[ATTACHMENT|gap-analysis-Comprehensive-94bae--Backend-Integration-Report-webkit/error-context.md]]
]]>
</system-out>
<system-err>
<![CDATA[Error testing flow Analytics Dashboard: page.goto: Target page, context or browser has been closed
    at Object.actions [90m(/Users/rezazeraat/Desktop/Pactoria-MVP/frontend/[39me2e/gap-analysis.spec.ts:229:27[90m)[39m
    at GapAnalyzer.analyzeCriticalUserFlows [90m(/Users/rezazeraat/Desktop/Pactoria-MVP/frontend/[39me2e/gap-analysis.spec.ts:312:20[90m)[39m
    at [90m/Users/rezazeraat/Desktop/Pactoria-MVP/frontend/[39me2e/gap-analysis.spec.ts:594:5 {
  [[32mSymbol(step)[39m]: {
    location: {
      file: [32m'/Users/rezazeraat/Desktop/Pactoria-MVP/frontend/e2e/gap-analysis.spec.ts'[39m,
      line: [33m229[39m,
      column: [33m27[39m,
      function: [32m'Object.actions'[39m
    },
    category: [32m'pw:api'[39m,
    title: [32m'Navigate to "/analytics"'[39m,
    apiName: [32m'page.goto'[39m,
    params: { url: [32m'/analytics'[39m, waitUntil: [32m'load'[39m, timeout: [33m30000[39m },
    group: [90mundefined[39m,
    stepId: [32m'pw:api@51'[39m,
    boxedStack: [90mundefined[39m,
    steps: [],
    attachmentIndices: [],
    info: TestStepInfoImpl {
      annotations: [],
      _testInfo: [36m[TestInfoImpl][39m,
      _stepId: [32m'pw:api@51'[39m,
      _title: [32m'Navigate to "/analytics"'[39m,
      _parentStep: [36m[TestStepInfoImpl][39m,
      skip: [36m[Function (anonymous)][39m
    },
    recoverFromStepError: [36m[AsyncFunction: recoverFromStepError][39m,
    complete: [36m[Function: complete][39m,
    endWallTime: [33m1756854983349[39m,
    error: {
      message: [32m'Error: page.goto: Target page, context or browser has been closed'[39m,
      stack: [32m'Error: page.goto: Target page, context or browser has been closed\n'[39m +
        [32m'    at Object.actions (/Users/rezazeraat/Desktop/Pactoria-MVP/frontend/e2e/gap-analysis.spec.ts:229:27)\n'[39m +
        [32m'    at GapAnalyzer.analyzeCriticalUserFlows (/Users/rezazeraat/Desktop/Pactoria-MVP/frontend/e2e/gap-analysis.spec.ts:312:20)\n'[39m +
        [32m'    at /Users/rezazeraat/Desktop/Pactoria-MVP/frontend/e2e/gap-analysis.spec.ts:594:5'[39m,
      cause: [90mundefined[39m
    }
  }
}
Error testing flow Team Management: page.goto: Target page, context or browser has been closed
    at Object.actions [90m(/Users/rezazeraat/Desktop/Pactoria-MVP/frontend/[39me2e/gap-analysis.spec.ts:242:27[90m)[39m
    at GapAnalyzer.analyzeCriticalUserFlows [90m(/Users/rezazeraat/Desktop/Pactoria-MVP/frontend/[39me2e/gap-analysis.spec.ts:312:20[90m)[39m
    at [90m/Users/rezazeraat/Desktop/Pactoria-MVP/frontend/[39me2e/gap-analysis.spec.ts:594:5 {
  [[32mSymbol(step)[39m]: {
    location: {
      file: [32m'/Users/rezazeraat/Desktop/Pactoria-MVP/frontend/e2e/gap-analysis.spec.ts'[39m,
      line: [33m242[39m,
      column: [33m27[39m,
      function: [32m'Object.actions'[39m
    },
    category: [32m'pw:api'[39m,
    title: [32m'Navigate to "/team"'[39m,
    apiName: [32m'page.goto'[39m,
    params: { url: [32m'/team'[39m, waitUntil: [32m'load'[39m, timeout: [33m30000[39m },
    group: [90mundefined[39m,
    stepId: [32m'pw:api@52'[39m,
    boxedStack: [90mundefined[39m,
    steps: [],
    attachmentIndices: [],
    info: TestStepInfoImpl {
      annotations: [],
      _testInfo: [36m[TestInfoImpl][39m,
      _stepId: [32m'pw:api@52'[39m,
      _title: [32m'Navigate to "/team"'[39m,
      _parentStep: [36m[TestStepInfoImpl][39m,
      skip: [36m[Function (anonymous)][39m
    },
    recoverFromStepError: [36m[AsyncFunction: recoverFromStepError][39m,
    complete: [36m[Function: complete][39m,
    endWallTime: [33m1756854983353[39m,
    error: {
      message: [32m'Error: page.goto: Target page, context or browser has been closed'[39m,
      stack: [32m'Error: page.goto: Target page, context or browser has been closed\n'[39m +
        [32m'    at Object.actions (/Users/rezazeraat/Desktop/Pactoria-MVP/frontend/e2e/gap-analysis.spec.ts:242:27)\n'[39m +
        [32m'    at GapAnalyzer.analyzeCriticalUserFlows (/Users/rezazeraat/Desktop/Pactoria-MVP/frontend/e2e/gap-analysis.spec.ts:312:20)\n'[39m +
        [32m'    at /Users/rezazeraat/Desktop/Pactoria-MVP/frontend/e2e/gap-analysis.spec.ts:594:5'[39m,
      cause: [90mundefined[39m
    }
  }
}
Error testing flow Notifications: page.goto: Target page, context or browser has been closed
    at Object.actions [90m(/Users/rezazeraat/Desktop/Pactoria-MVP/frontend/[39me2e/gap-analysis.spec.ts:255:27[90m)[39m
    at GapAnalyzer.analyzeCriticalUserFlows [90m(/Users/rezazeraat/Desktop/Pactoria-MVP/frontend/[39me2e/gap-analysis.spec.ts:312:20[90m)[39m
    at [90m/Users/rezazeraat/Desktop/Pactoria-MVP/frontend/[39me2e/gap-analysis.spec.ts:594:5 {
  [[32mSymbol(step)[39m]: {
    location: {
      file: [32m'/Users/rezazeraat/Desktop/Pactoria-MVP/frontend/e2e/gap-analysis.spec.ts'[39m,
      line: [33m255[39m,
      column: [33m27[39m,
      function: [32m'Object.actions'[39m
    },
    category: [32m'pw:api'[39m,
    title: [32m'Navigate to "/notifications"'[39m,
    apiName: [32m'page.goto'[39m,
    params: { url: [32m'/notifications'[39m, waitUntil: [32m'load'[39m, timeout: [33m30000[39m },
    group: [90mundefined[39m,
    stepId: [32m'pw:api@53'[39m,
    boxedStack: [90mundefined[39m,
    steps: [],
    attachmentIndices: [],
    info: TestStepInfoImpl {
      annotations: [],
      _testInfo: [36m[TestInfoImpl][39m,
      _stepId: [32m'pw:api@53'[39m,
      _title: [32m'Navigate to "/notifications"'[39m,
      _parentStep: [36m[TestStepInfoImpl][39m,
      skip: [36m[Function (anonymous)][39m
    },
    recoverFromStepError: [36m[AsyncFunction: recoverFromStepError][39m,
    complete: [36m[Function: complete][39m,
    endWallTime: [33m1756854983357[39m,
    error: {
      message: [32m'Error: page.goto: Target page, context or browser has been closed'[39m,
      stack: [32m'Error: page.goto: Target page, context or browser has been closed\n'[39m +
        [32m'    at Object.actions (/Users/rezazeraat/Desktop/Pactoria-MVP/frontend/e2e/gap-analysis.spec.ts:255:27)\n'[39m +
        [32m'    at GapAnalyzer.analyzeCriticalUserFlows (/Users/rezazeraat/Desktop/Pactoria-MVP/frontend/e2e/gap-analysis.spec.ts:312:20)\n'[39m +
        [32m'    at /Users/rezazeraat/Desktop/Pactoria-MVP/frontend/e2e/gap-analysis.spec.ts:594:5'[39m,
      cause: [90mundefined[39m
    }
  }
}
Error testing flow Templates Management: page.goto: Target page, context or browser has been closed
    at Object.actions [90m(/Users/rezazeraat/Desktop/Pactoria-MVP/frontend/[39me2e/gap-analysis.spec.ts:268:27[90m)[39m
    at GapAnalyzer.analyzeCriticalUserFlows [90m(/Users/rezazeraat/Desktop/Pactoria-MVP/frontend/[39me2e/gap-analysis.spec.ts:312:20[90m)[39m
    at [90m/Users/rezazeraat/Desktop/Pactoria-MVP/frontend/[39me2e/gap-analysis.spec.ts:594:5 {
  [[32mSymbol(step)[39m]: {
    location: {
      file: [32m'/Users/rezazeraat/Desktop/Pactoria-MVP/frontend/e2e/gap-analysis.spec.ts'[39m,
      line: [33m268[39m,
      column: [33m27[39m,
      function: [32m'Object.actions'[39m
    },
    category: [32m'pw:api'[39m,
    title: [32m'Navigate to "/templates"'[39m,
    apiName: [32m'page.goto'[39m,
    params: { url: [32m'/templates'[39m, waitUntil: [32m'load'[39m, timeout: [33m30000[39m },
    group: [90mundefined[39m,
    stepId: [32m'pw:api@54'[39m,
    boxedStack: [90mundefined[39m,
    steps: [],
    attachmentIndices: [],
    info: TestStepInfoImpl {
      annotations: [],
      _testInfo: [36m[TestInfoImpl][39m,
      _stepId: [32m'pw:api@54'[39m,
      _title: [32m'Navigate to "/templates"'[39m,
      _parentStep: [36m[TestStepInfoImpl][39m,
      skip: [36m[Function (anonymous)][39m
    },
    recoverFromStepError: [36m[AsyncFunction: recoverFromStepError][39m,
    complete: [36m[Function: complete][39m,
    endWallTime: [33m1756854983358[39m,
    error: {
      message: [32m'Error: page.goto: Target page, context or browser has been closed'[39m,
      stack: [32m'Error: page.goto: Target page, context or browser has been closed\n'[39m +
        [32m'    at Object.actions (/Users/rezazeraat/Desktop/Pactoria-MVP/frontend/e2e/gap-analysis.spec.ts:268:27)\n'[39m +
        [32m'    at GapAnalyzer.analyzeCriticalUserFlows (/Users/rezazeraat/Desktop/Pactoria-MVP/frontend/e2e/gap-analysis.spec.ts:312:20)\n'[39m +
        [32m'    at /Users/rezazeraat/Desktop/Pactoria-MVP/frontend/e2e/gap-analysis.spec.ts:594:5'[39m,
      cause: [90mundefined[39m
    }
  }
}
Error testing flow Integrations: page.goto: Target page, context or browser has been closed
    at Object.actions [90m(/Users/rezazeraat/Desktop/Pactoria-MVP/frontend/[39me2e/gap-analysis.spec.ts:281:27[90m)[39m
    at GapAnalyzer.analyzeCriticalUserFlows [90m(/Users/rezazeraat/Desktop/Pactoria-MVP/frontend/[39me2e/gap-analysis.spec.ts:312:20[90m)[39m
    at [90m/Users/rezazeraat/Desktop/Pactoria-MVP/frontend/[39me2e/gap-analysis.spec.ts:594:5 {
  [[32mSymbol(step)[39m]: {
    location: {
      file: [32m'/Users/rezazeraat/Desktop/Pactoria-MVP/frontend/e2e/gap-analysis.spec.ts'[39m,
      line: [33m281[39m,
      column: [33m27[39m,
      function: [32m'Object.actions'[39m
    },
    category: [32m'pw:api'[39m,
    title: [32m'Navigate to "/integrations"'[39m,
    apiName: [32m'page.goto'[39m,
    params: { url: [32m'/integrations'[39m, waitUntil: [32m'load'[39m, timeout: [33m30000[39m },
    group: [90mundefined[39m,
    stepId: [32m'pw:api@55'[39m,
    boxedStack: [90mundefined[39m,
    steps: [],
    attachmentIndices: [],
    info: TestStepInfoImpl {
      annotations: [],
      _testInfo: [36m[TestInfoImpl][39m,
      _stepId: [32m'pw:api@55'[39m,
      _title: [32m'Navigate to "/integrations"'[39m,
      _parentStep: [36m[TestStepInfoImpl][39m,
      skip: [36m[Function (anonymous)][39m
    },
    recoverFromStepError: [36m[AsyncFunction: recoverFromStepError][39m,
    complete: [36m[Function: complete][39m,
    endWallTime: [33m1756854983359[39m,
    error: {
      message: [32m'Error: page.goto: Target page, context or browser has been closed'[39m,
      stack: [32m'Error: page.goto: Target page, context or browser has been closed\n'[39m +
        [32m'    at Object.actions (/Users/rezazeraat/Desktop/Pactoria-MVP/frontend/e2e/gap-analysis.spec.ts:281:27)\n'[39m +
        [32m'    at GapAnalyzer.analyzeCriticalUserFlows (/Users/rezazeraat/Desktop/Pactoria-MVP/frontend/e2e/gap-analysis.spec.ts:312:20)\n'[39m +
        [32m'    at /Users/rezazeraat/Desktop/Pactoria-MVP/frontend/e2e/gap-analysis.spec.ts:594:5'[39m,
      cause: [90mundefined[39m
    }
  }
}
Error testing flow Audit Trail: page.goto: Target page, context or browser has been closed
    at Object.actions [90m(/Users/rezazeraat/Desktop/Pactoria-MVP/frontend/[39me2e/gap-analysis.spec.ts:294:27[90m)[39m
    at GapAnalyzer.analyzeCriticalUserFlows [90m(/Users/rezazeraat/Desktop/Pactoria-MVP/frontend/[39me2e/gap-analysis.spec.ts:312:20[90m)[39m
    at [90m/Users/rezazeraat/Desktop/Pactoria-MVP/frontend/[39me2e/gap-analysis.spec.ts:594:5 {
  [[32mSymbol(step)[39m]: {
    location: {
      file: [32m'/Users/rezazeraat/Desktop/Pactoria-MVP/frontend/e2e/gap-analysis.spec.ts'[39m,
      line: [33m294[39m,
      column: [33m27[39m,
      function: [32m'Object.actions'[39m
    },
    category: [32m'pw:api'[39m,
    title: [32m'Navigate to "/audit"'[39m,
    apiName: [32m'page.goto'[39m,
    params: { url: [32m'/audit'[39m, waitUntil: [32m'load'[39m, timeout: [33m30000[39m },
    group: [90mundefined[39m,
    stepId: [32m'pw:api@56'[39m,
    boxedStack: [90mundefined[39m,
    steps: [],
    attachmentIndices: [],
    info: TestStepInfoImpl {
      annotations: [],
      _testInfo: [36m[TestInfoImpl][39m,
      _stepId: [32m'pw:api@56'[39m,
      _title: [32m'Navigate to "/audit"'[39m,
      _parentStep: [36m[TestStepInfoImpl][39m,
      skip: [36m[Function (anonymous)][39m
    },
    recoverFromStepError: [36m[AsyncFunction: recoverFromStepError][39m,
    complete: [36m[Function: complete][39m,
    endWallTime: [33m1756854983360[39m,
    error: {
      message: [32m'Error: page.goto: Target page, context or browser has been closed'[39m,
      stack: [32m'Error: page.goto: Target page, context or browser has been closed\n'[39m +
        [32m'    at Object.actions (/Users/rezazeraat/Desktop/Pactoria-MVP/frontend/e2e/gap-analysis.spec.ts:294:27)\n'[39m +
        [32m'    at GapAnalyzer.analyzeCriticalUserFlows (/Users/rezazeraat/Desktop/Pactoria-MVP/frontend/e2e/gap-analysis.spec.ts:312:20)\n'[39m +
        [32m'    at /Users/rezazeraat/Desktop/Pactoria-MVP/frontend/e2e/gap-analysis.spec.ts:594:5'[39m,
      cause: [90mundefined[39m
    }
  }
}

❌ PRODUCTION BLOCKERS FOUND - This application is NOT ready for production
]]>
</system-err>
</testcase>
</testsuite>
<testsuite name="gap-analysis.spec.ts" timestamp="2025-09-02T23:15:52.563Z" hostname="Mobile Chrome" tests="1" failures="1" skipped="0" time="30.828" errors="0">
<testcase name="Comprehensive Gap Analysis › Generate Complete Frontend-Backend Integration Report" classname="gap-analysis.spec.ts" time="30.828">
<failure message="gap-analysis.spec.ts:581:3 Generate Complete Frontend-Backend Integration Report" type="FAILURE">
<![CDATA[  [Mobile Chrome] › gap-analysis.spec.ts:581:3 › Comprehensive Gap Analysis › Generate Complete Frontend-Backend Integration Report 

    Test timeout of 30000ms exceeded.

    attachment #1: screenshot (image/png) ──────────────────────────────────────────────────────────
    ../test-results/gap-analysis-Comprehensive-94bae--Backend-Integration-Report-Mobile-Chrome/test-failed-1.png
    ────────────────────────────────────────────────────────────────────────────────────────────────

    attachment #2: video (video/webm) ──────────────────────────────────────────────────────────────
    ../test-results/gap-analysis-Comprehensive-94bae--Backend-Integration-Report-Mobile-Chrome/video.webm
    ────────────────────────────────────────────────────────────────────────────────────────────────

    Error Context: ../test-results/gap-analysis-Comprehensive-94bae--Backend-Integration-Report-Mobile-Chrome/error-context.md
]]>
</failure>
<system-out>
<![CDATA[Starting comprehensive gap analysis...
Backend available: false
Analyzing critical user flows...
Testing flow: User Registration & Login
Testing flow: Dashboard Data Loading
Testing flow: Contract List & Search
Testing flow: Contract Creation
Testing flow: Analytics Dashboard
Testing flow: Team Management
Testing flow: Notifications
Testing flow: Templates Management
Testing flow: Integrations
Testing flow: Audit Trail
Analyzing API endpoint coverage...
Generating gap analysis report...
Full report saved to: /Users/rezazeraat/Desktop/Pactoria-MVP/frontend/frontend-backend-integration-report.json
Markdown report saved to: /Users/rezazeraat/Desktop/Pactoria-MVP/frontend/INTEGRATION_GAP_ANALYSIS.md

=== INTEGRATION GAP ANALYSIS SUMMARY ===
Production Readiness: NOT_READY
Overall Score: 0%
Total Endpoints: 65
Working Endpoints: 0
Failing Endpoints: 1
Missing Endpoints: 64
Critical Issues: 15

Production Blockers: 4
  - Backend API must be running and accessible
  - 15 critical API endpoints not working
  - Authentication system not fully functional
  - Core contract management features not working

[[ATTACHMENT|gap-analysis-Comprehensive-94bae--Backend-Integration-Report-Mobile-Chrome/test-failed-1.png]]

[[ATTACHMENT|gap-analysis-Comprehensive-94bae--Backend-Integration-Report-Mobile-Chrome/video.webm]]

[[ATTACHMENT|gap-analysis-Comprehensive-94bae--Backend-Integration-Report-Mobile-Chrome/error-context.md]]
]]>
</system-out>
<system-err>
<![CDATA[Error testing flow Analytics Dashboard: page.goto: Target page, context or browser has been closed
    at Object.actions [90m(/Users/rezazeraat/Desktop/Pactoria-MVP/frontend/[39me2e/gap-analysis.spec.ts:229:27[90m)[39m
    at GapAnalyzer.analyzeCriticalUserFlows [90m(/Users/rezazeraat/Desktop/Pactoria-MVP/frontend/[39me2e/gap-analysis.spec.ts:312:20[90m)[39m
    at [90m/Users/rezazeraat/Desktop/Pactoria-MVP/frontend/[39me2e/gap-analysis.spec.ts:594:5 {
  [[32mSymbol(step)[39m]: {
    location: {
      file: [32m'/Users/rezazeraat/Desktop/Pactoria-MVP/frontend/e2e/gap-analysis.spec.ts'[39m,
      line: [33m229[39m,
      column: [33m27[39m,
      function: [32m'Object.actions'[39m
    },
    category: [32m'pw:api'[39m,
    title: [32m'Navigate to "/analytics"'[39m,
    apiName: [32m'page.goto'[39m,
    params: { url: [32m'/analytics'[39m, waitUntil: [32m'load'[39m, timeout: [33m30000[39m },
    group: [90mundefined[39m,
    stepId: [32m'pw:api@51'[39m,
    boxedStack: [90mundefined[39m,
    steps: [],
    attachmentIndices: [],
    info: TestStepInfoImpl {
      annotations: [],
      _testInfo: [36m[TestInfoImpl][39m,
      _stepId: [32m'pw:api@51'[39m,
      _title: [32m'Navigate to "/analytics"'[39m,
      _parentStep: [36m[TestStepInfoImpl][39m,
      skip: [36m[Function (anonymous)][39m
    },
    recoverFromStepError: [36m[AsyncFunction: recoverFromStepError][39m,
    complete: [36m[Function: complete][39m,
    endWallTime: [33m1756854984646[39m,
    error: {
      message: [32m'Error: page.goto: Target page, context or browser has been closed'[39m,
      stack: [32m'Error: page.goto: Target page, context or browser has been closed\n'[39m +
        [32m'    at Object.actions (/Users/rezazeraat/Desktop/Pactoria-MVP/frontend/e2e/gap-analysis.spec.ts:229:27)\n'[39m +
        [32m'    at GapAnalyzer.analyzeCriticalUserFlows (/Users/rezazeraat/Desktop/Pactoria-MVP/frontend/e2e/gap-analysis.spec.ts:312:20)\n'[39m +
        [32m'    at /Users/rezazeraat/Desktop/Pactoria-MVP/frontend/e2e/gap-analysis.spec.ts:594:5'[39m,
      cause: [90mundefined[39m
    }
  }
}
Error testing flow Team Management: page.goto: Target page, context or browser has been closed
    at Object.actions [90m(/Users/rezazeraat/Desktop/Pactoria-MVP/frontend/[39me2e/gap-analysis.spec.ts:242:27[90m)[39m
    at GapAnalyzer.analyzeCriticalUserFlows [90m(/Users/rezazeraat/Desktop/Pactoria-MVP/frontend/[39me2e/gap-analysis.spec.ts:312:20[90m)[39m
    at [90m/Users/rezazeraat/Desktop/Pactoria-MVP/frontend/[39me2e/gap-analysis.spec.ts:594:5 {
  [[32mSymbol(step)[39m]: {
    location: {
      file: [32m'/Users/rezazeraat/Desktop/Pactoria-MVP/frontend/e2e/gap-analysis.spec.ts'[39m,
      line: [33m242[39m,
      column: [33m27[39m,
      function: [32m'Object.actions'[39m
    },
    category: [32m'pw:api'[39m,
    title: [32m'Navigate to "/team"'[39m,
    apiName: [32m'page.goto'[39m,
    params: { url: [32m'/team'[39m, waitUntil: [32m'load'[39m, timeout: [33m30000[39m },
    group: [90mundefined[39m,
    stepId: [32m'pw:api@52'[39m,
    boxedStack: [90mundefined[39m,
    steps: [],
    attachmentIndices: [],
    info: TestStepInfoImpl {
      annotations: [],
      _testInfo: [36m[TestInfoImpl][39m,
      _stepId: [32m'pw:api@52'[39m,
      _title: [32m'Navigate to "/team"'[39m,
      _parentStep: [36m[TestStepInfoImpl][39m,
      skip: [36m[Function (anonymous)][39m
    },
    recoverFromStepError: [36m[AsyncFunction: recoverFromStepError][39m,
    complete: [36m[Function: complete][39m,
    endWallTime: [33m1756854984652[39m,
    error: {
      message: [32m'Error: page.goto: Target page, context or browser has been closed'[39m,
      stack: [32m'Error: page.goto: Target page, context or browser has been closed\n'[39m +
        [32m'    at Object.actions (/Users/rezazeraat/Desktop/Pactoria-MVP/frontend/e2e/gap-analysis.spec.ts:242:27)\n'[39m +
        [32m'    at GapAnalyzer.analyzeCriticalUserFlows (/Users/rezazeraat/Desktop/Pactoria-MVP/frontend/e2e/gap-analysis.spec.ts:312:20)\n'[39m +
        [32m'    at /Users/rezazeraat/Desktop/Pactoria-MVP/frontend/e2e/gap-analysis.spec.ts:594:5'[39m,
      cause: [90mundefined[39m
    }
  }
}
Error testing flow Notifications: page.goto: Target page, context or browser has been closed
    at Object.actions [90m(/Users/rezazeraat/Desktop/Pactoria-MVP/frontend/[39me2e/gap-analysis.spec.ts:255:27[90m)[39m
    at GapAnalyzer.analyzeCriticalUserFlows [90m(/Users/rezazeraat/Desktop/Pactoria-MVP/frontend/[39me2e/gap-analysis.spec.ts:312:20[90m)[39m
    at [90m/Users/rezazeraat/Desktop/Pactoria-MVP/frontend/[39me2e/gap-analysis.spec.ts:594:5 {
  [[32mSymbol(step)[39m]: {
    location: {
      file: [32m'/Users/rezazeraat/Desktop/Pactoria-MVP/frontend/e2e/gap-analysis.spec.ts'[39m,
      line: [33m255[39m,
      column: [33m27[39m,
      function: [32m'Object.actions'[39m
    },
    category: [32m'pw:api'[39m,
    title: [32m'Navigate to "/notifications"'[39m,
    apiName: [32m'page.goto'[39m,
    params: { url: [32m'/notifications'[39m, waitUntil: [32m'load'[39m, timeout: [33m30000[39m },
    group: [90mundefined[39m,
    stepId: [32m'pw:api@53'[39m,
    boxedStack: [90mundefined[39m,
    steps: [],
    attachmentIndices: [],
    info: TestStepInfoImpl {
      annotations: [],
      _testInfo: [36m[TestInfoImpl][39m,
      _stepId: [32m'pw:api@53'[39m,
      _title: [32m'Navigate to "/notifications"'[39m,
      _parentStep: [36m[TestStepInfoImpl][39m,
      skip: [36m[Function (anonymous)][39m
    },
    recoverFromStepError: [36m[AsyncFunction: recoverFromStepError][39m,
    complete: [36m[Function: complete][39m,
    endWallTime: [33m1756854984653[39m,
    error: {
      message: [32m'Error: page.goto: Target page, context or browser has been closed'[39m,
      stack: [32m'Error: page.goto: Target page, context or browser has been closed\n'[39m +
        [32m'    at Object.actions (/Users/rezazeraat/Desktop/Pactoria-MVP/frontend/e2e/gap-analysis.spec.ts:255:27)\n'[39m +
        [32m'    at GapAnalyzer.analyzeCriticalUserFlows (/Users/rezazeraat/Desktop/Pactoria-MVP/frontend/e2e/gap-analysis.spec.ts:312:20)\n'[39m +
        [32m'    at /Users/rezazeraat/Desktop/Pactoria-MVP/frontend/e2e/gap-analysis.spec.ts:594:5'[39m,
      cause: [90mundefined[39m
    }
  }
}
Error testing flow Templates Management: page.goto: Target page, context or browser has been closed
    at Object.actions [90m(/Users/rezazeraat/Desktop/Pactoria-MVP/frontend/[39me2e/gap-analysis.spec.ts:268:27[90m)[39m
    at GapAnalyzer.analyzeCriticalUserFlows [90m(/Users/rezazeraat/Desktop/Pactoria-MVP/frontend/[39me2e/gap-analysis.spec.ts:312:20[90m)[39m
    at [90m/Users/rezazeraat/Desktop/Pactoria-MVP/frontend/[39me2e/gap-analysis.spec.ts:594:5 {
  [[32mSymbol(step)[39m]: {
    location: {
      file: [32m'/Users/rezazeraat/Desktop/Pactoria-MVP/frontend/e2e/gap-analysis.spec.ts'[39m,
      line: [33m268[39m,
      column: [33m27[39m,
      function: [32m'Object.actions'[39m
    },
    category: [32m'pw:api'[39m,
    title: [32m'Navigate to "/templates"'[39m,
    apiName: [32m'page.goto'[39m,
    params: { url: [32m'/templates'[39m, waitUntil: [32m'load'[39m, timeout: [33m30000[39m },
    group: [90mundefined[39m,
    stepId: [32m'pw:api@54'[39m,
    boxedStack: [90mundefined[39m,
    steps: [],
    attachmentIndices: [],
    info: TestStepInfoImpl {
      annotations: [],
      _testInfo: [36m[TestInfoImpl][39m,
      _stepId: [32m'pw:api@54'[39m,
      _title: [32m'Navigate to "/templates"'[39m,
      _parentStep: [36m[TestStepInfoImpl][39m,
      skip: [36m[Function (anonymous)][39m
    },
    recoverFromStepError: [36m[AsyncFunction: recoverFromStepError][39m,
    complete: [36m[Function: complete][39m,
    endWallTime: [33m1756854984654[39m,
    error: {
      message: [32m'Error: page.goto: Target page, context or browser has been closed'[39m,
      stack: [32m'Error: page.goto: Target page, context or browser has been closed\n'[39m +
        [32m'    at Object.actions (/Users/rezazeraat/Desktop/Pactoria-MVP/frontend/e2e/gap-analysis.spec.ts:268:27)\n'[39m +
        [32m'    at GapAnalyzer.analyzeCriticalUserFlows (/Users/rezazeraat/Desktop/Pactoria-MVP/frontend/e2e/gap-analysis.spec.ts:312:20)\n'[39m +
        [32m'    at /Users/rezazeraat/Desktop/Pactoria-MVP/frontend/e2e/gap-analysis.spec.ts:594:5'[39m,
      cause: [90mundefined[39m
    }
  }
}
Error testing flow Integrations: page.goto: Target page, context or browser has been closed
    at Object.actions [90m(/Users/rezazeraat/Desktop/Pactoria-MVP/frontend/[39me2e/gap-analysis.spec.ts:281:27[90m)[39m
    at GapAnalyzer.analyzeCriticalUserFlows [90m(/Users/rezazeraat/Desktop/Pactoria-MVP/frontend/[39me2e/gap-analysis.spec.ts:312:20[90m)[39m
    at [90m/Users/rezazeraat/Desktop/Pactoria-MVP/frontend/[39me2e/gap-analysis.spec.ts:594:5 {
  [[32mSymbol(step)[39m]: {
    location: {
      file: [32m'/Users/rezazeraat/Desktop/Pactoria-MVP/frontend/e2e/gap-analysis.spec.ts'[39m,
      line: [33m281[39m,
      column: [33m27[39m,
      function: [32m'Object.actions'[39m
    },
    category: [32m'pw:api'[39m,
    title: [32m'Navigate to "/integrations"'[39m,
    apiName: [32m'page.goto'[39m,
    params: { url: [32m'/integrations'[39m, waitUntil: [32m'load'[39m, timeout: [33m30000[39m },
    group: [90mundefined[39m,
    stepId: [32m'pw:api@55'[39m,
    boxedStack: [90mundefined[39m,
    steps: [],
    attachmentIndices: [],
    info: TestStepInfoImpl {
      annotations: [],
      _testInfo: [36m[TestInfoImpl][39m,
      _stepId: [32m'pw:api@55'[39m,
      _title: [32m'Navigate to "/integrations"'[39m,
      _parentStep: [36m[TestStepInfoImpl][39m,
      skip: [36m[Function (anonymous)][39m
    },
    recoverFromStepError: [36m[AsyncFunction: recoverFromStepError][39m,
    complete: [36m[Function: complete][39m,
    endWallTime: [33m1756854984655[39m,
    error: {
      message: [32m'Error: page.goto: Target page, context or browser has been closed'[39m,
      stack: [32m'Error: page.goto: Target page, context or browser has been closed\n'[39m +
        [32m'    at Object.actions (/Users/rezazeraat/Desktop/Pactoria-MVP/frontend/e2e/gap-analysis.spec.ts:281:27)\n'[39m +
        [32m'    at GapAnalyzer.analyzeCriticalUserFlows (/Users/rezazeraat/Desktop/Pactoria-MVP/frontend/e2e/gap-analysis.spec.ts:312:20)\n'[39m +
        [32m'    at /Users/rezazeraat/Desktop/Pactoria-MVP/frontend/e2e/gap-analysis.spec.ts:594:5'[39m,
      cause: [90mundefined[39m
    }
  }
}
Error testing flow Audit Trail: page.goto: Target page, context or browser has been closed
    at Object.actions [90m(/Users/rezazeraat/Desktop/Pactoria-MVP/frontend/[39me2e/gap-analysis.spec.ts:294:27[90m)[39m
    at GapAnalyzer.analyzeCriticalUserFlows [90m(/Users/rezazeraat/Desktop/Pactoria-MVP/frontend/[39me2e/gap-analysis.spec.ts:312:20[90m)[39m
    at [90m/Users/rezazeraat/Desktop/Pactoria-MVP/frontend/[39me2e/gap-analysis.spec.ts:594:5 {
  [[32mSymbol(step)[39m]: {
    location: {
      file: [32m'/Users/rezazeraat/Desktop/Pactoria-MVP/frontend/e2e/gap-analysis.spec.ts'[39m,
      line: [33m294[39m,
      column: [33m27[39m,
      function: [32m'Object.actions'[39m
    },
    category: [32m'pw:api'[39m,
    title: [32m'Navigate to "/audit"'[39m,
    apiName: [32m'page.goto'[39m,
    params: { url: [32m'/audit'[39m, waitUntil: [32m'load'[39m, timeout: [33m30000[39m },
    group: [90mundefined[39m,
    stepId: [32m'pw:api@56'[39m,
    boxedStack: [90mundefined[39m,
    steps: [],
    attachmentIndices: [],
    info: TestStepInfoImpl {
      annotations: [],
      _testInfo: [36m[TestInfoImpl][39m,
      _stepId: [32m'pw:api@56'[39m,
      _title: [32m'Navigate to "/audit"'[39m,
      _parentStep: [36m[TestStepInfoImpl][39m,
      skip: [36m[Function (anonymous)][39m
    },
    recoverFromStepError: [36m[AsyncFunction: recoverFromStepError][39m,
    complete: [36m[Function: complete][39m,
    endWallTime: [33m1756854984656[39m,
    error: {
      message: [32m'Error: page.goto: Target page, context or browser has been closed'[39m,
      stack: [32m'Error: page.goto: Target page, context or browser has been closed\n'[39m +
        [32m'    at Object.actions (/Users/rezazeraat/Desktop/Pactoria-MVP/frontend/e2e/gap-analysis.spec.ts:294:27)\n'[39m +
        [32m'    at GapAnalyzer.analyzeCriticalUserFlows (/Users/rezazeraat/Desktop/Pactoria-MVP/frontend/e2e/gap-analysis.spec.ts:312:20)\n'[39m +
        [32m'    at /Users/rezazeraat/Desktop/Pactoria-MVP/frontend/e2e/gap-analysis.spec.ts:594:5'[39m,
      cause: [90mundefined[39m
    }
  }
}

❌ PRODUCTION BLOCKERS FOUND - This application is NOT ready for production
]]>
</system-err>
</testcase>
</testsuite>
<testsuite name="gap-analysis.spec.ts" timestamp="2025-09-02T23:15:52.563Z" hostname="Mobile Safari" tests="1" failures="1" skipped="0" time="30.097" errors="0">
<testcase name="Comprehensive Gap Analysis › Generate Complete Frontend-Backend Integration Report" classname="gap-analysis.spec.ts" time="30.097">
<failure message="gap-analysis.spec.ts:581:3 Generate Complete Frontend-Backend Integration Report" type="FAILURE">
<![CDATA[  [Mobile Safari] › gap-analysis.spec.ts:581:3 › Comprehensive Gap Analysis › Generate Complete Frontend-Backend Integration Report 

    Test timeout of 30000ms exceeded.

    attachment #1: screenshot (image/png) ──────────────────────────────────────────────────────────
    ../test-results/gap-analysis-Comprehensive-94bae--Backend-Integration-Report-Mobile-Safari/test-failed-1.png
    ────────────────────────────────────────────────────────────────────────────────────────────────

    attachment #2: video (video/webm) ──────────────────────────────────────────────────────────────
    ../test-results/gap-analysis-Comprehensive-94bae--Backend-Integration-Report-Mobile-Safari/video.webm
    ────────────────────────────────────────────────────────────────────────────────────────────────

    Error Context: ../test-results/gap-analysis-Comprehensive-94bae--Backend-Integration-Report-Mobile-Safari/error-context.md
]]>
</failure>
<system-out>
<![CDATA[Starting comprehensive gap analysis...
Backend available: false
Analyzing critical user flows...
Testing flow: User Registration & Login
Testing flow: Dashboard Data Loading
Testing flow: Contract List & Search
Testing flow: Contract Creation
Testing flow: Analytics Dashboard
Testing flow: Team Management
Testing flow: Notifications
Testing flow: Templates Management
Testing flow: Integrations
Testing flow: Audit Trail
Analyzing API endpoint coverage...
Generating gap analysis report...
Full report saved to: /Users/rezazeraat/Desktop/Pactoria-MVP/frontend/frontend-backend-integration-report.json
Markdown report saved to: /Users/rezazeraat/Desktop/Pactoria-MVP/frontend/INTEGRATION_GAP_ANALYSIS.md

=== INTEGRATION GAP ANALYSIS SUMMARY ===
Production Readiness: NOT_READY
Overall Score: 0%
Total Endpoints: 65
Working Endpoints: 0
Failing Endpoints: 1
Missing Endpoints: 64
Critical Issues: 15

Production Blockers: 4
  - Backend API must be running and accessible
  - 15 critical API endpoints not working
  - Authentication system not fully functional
  - Core contract management features not working

[[ATTACHMENT|gap-analysis-Comprehensive-94bae--Backend-Integration-Report-Mobile-Safari/test-failed-1.png]]

[[ATTACHMENT|gap-analysis-Comprehensive-94bae--Backend-Integration-Report-Mobile-Safari/video.webm]]

[[ATTACHMENT|gap-analysis-Comprehensive-94bae--Backend-Integration-Report-Mobile-Safari/error-context.md]]
]]>
</system-out>
<system-err>
<![CDATA[Error testing flow Analytics Dashboard: page.goto: Target page, context or browser has been closed
    at Object.actions [90m(/Users/rezazeraat/Desktop/Pactoria-MVP/frontend/[39me2e/gap-analysis.spec.ts:229:27[90m)[39m
    at GapAnalyzer.analyzeCriticalUserFlows [90m(/Users/rezazeraat/Desktop/Pactoria-MVP/frontend/[39me2e/gap-analysis.spec.ts:312:20[90m)[39m
    at [90m/Users/rezazeraat/Desktop/Pactoria-MVP/frontend/[39me2e/gap-analysis.spec.ts:594:5 {
  [[32mSymbol(step)[39m]: {
    location: {
      file: [32m'/Users/rezazeraat/Desktop/Pactoria-MVP/frontend/e2e/gap-analysis.spec.ts'[39m,
      line: [33m229[39m,
      column: [33m27[39m,
      function: [32m'Object.actions'[39m
    },
    category: [32m'pw:api'[39m,
    title: [32m'Navigate to "/analytics"'[39m,
    apiName: [32m'page.goto'[39m,
    params: { url: [32m'/analytics'[39m, waitUntil: [32m'load'[39m, timeout: [33m30000[39m },
    group: [90mundefined[39m,
    stepId: [32m'pw:api@51'[39m,
    boxedStack: [90mundefined[39m,
    steps: [],
    attachmentIndices: [],
    info: TestStepInfoImpl {
      annotations: [],
      _testInfo: [36m[TestInfoImpl][39m,
      _stepId: [32m'pw:api@51'[39m,
      _title: [32m'Navigate to "/analytics"'[39m,
      _parentStep: [36m[TestStepInfoImpl][39m,
      skip: [36m[Function (anonymous)][39m
    },
    recoverFromStepError: [36m[AsyncFunction: recoverFromStepError][39m,
    complete: [36m[Function: complete][39m,
    endWallTime: [33m1756855014003[39m,
    error: {
      message: [32m'Error: page.goto: Target page, context or browser has been closed'[39m,
      stack: [32m'Error: page.goto: Target page, context or browser has been closed\n'[39m +
        [32m'    at Object.actions (/Users/rezazeraat/Desktop/Pactoria-MVP/frontend/e2e/gap-analysis.spec.ts:229:27)\n'[39m +
        [32m'    at GapAnalyzer.analyzeCriticalUserFlows (/Users/rezazeraat/Desktop/Pactoria-MVP/frontend/e2e/gap-analysis.spec.ts:312:20)\n'[39m +
        [32m'    at /Users/rezazeraat/Desktop/Pactoria-MVP/frontend/e2e/gap-analysis.spec.ts:594:5'[39m,
      cause: [90mundefined[39m
    }
  }
}
Error testing flow Team Management: page.goto: Target page, context or browser has been closed
    at Object.actions [90m(/Users/rezazeraat/Desktop/Pactoria-MVP/frontend/[39me2e/gap-analysis.spec.ts:242:27[90m)[39m
    at GapAnalyzer.analyzeCriticalUserFlows [90m(/Users/rezazeraat/Desktop/Pactoria-MVP/frontend/[39me2e/gap-analysis.spec.ts:312:20[90m)[39m
    at [90m/Users/rezazeraat/Desktop/Pactoria-MVP/frontend/[39me2e/gap-analysis.spec.ts:594:5 {
  [[32mSymbol(step)[39m]: {
    location: {
      file: [32m'/Users/rezazeraat/Desktop/Pactoria-MVP/frontend/e2e/gap-analysis.spec.ts'[39m,
      line: [33m242[39m,
      column: [33m27[39m,
      function: [32m'Object.actions'[39m
    },
    category: [32m'pw:api'[39m,
    title: [32m'Navigate to "/team"'[39m,
    apiName: [32m'page.goto'[39m,
    params: { url: [32m'/team'[39m, waitUntil: [32m'load'[39m, timeout: [33m30000[39m },
    group: [90mundefined[39m,
    stepId: [32m'pw:api@52'[39m,
    boxedStack: [90mundefined[39m,
    steps: [],
    attachmentIndices: [],
    info: TestStepInfoImpl {
      annotations: [],
      _testInfo: [36m[TestInfoImpl][39m,
      _stepId: [32m'pw:api@52'[39m,
      _title: [32m'Navigate to "/team"'[39m,
      _parentStep: [36m[TestStepInfoImpl][39m,
      skip: [36m[Function (anonymous)][39m
    },
    recoverFromStepError: [36m[AsyncFunction: recoverFromStepError][39m,
    complete: [36m[Function: complete][39m,
    endWallTime: [33m1756855014005[39m,
    error: {
      message: [32m'Error: page.goto: Target page, context or browser has been closed'[39m,
      stack: [32m'Error: page.goto: Target page, context or browser has been closed\n'[39m +
        [32m'    at Object.actions (/Users/rezazeraat/Desktop/Pactoria-MVP/frontend/e2e/gap-analysis.spec.ts:242:27)\n'[39m +
        [32m'    at GapAnalyzer.analyzeCriticalUserFlows (/Users/rezazeraat/Desktop/Pactoria-MVP/frontend/e2e/gap-analysis.spec.ts:312:20)\n'[39m +
        [32m'    at /Users/rezazeraat/Desktop/Pactoria-MVP/frontend/e2e/gap-analysis.spec.ts:594:5'[39m,
      cause: [90mundefined[39m
    }
  }
}
Error testing flow Notifications: page.goto: Target page, context or browser has been closed
    at Object.actions [90m(/Users/rezazeraat/Desktop/Pactoria-MVP/frontend/[39me2e/gap-analysis.spec.ts:255:27[90m)[39m
    at GapAnalyzer.analyzeCriticalUserFlows [90m(/Users/rezazeraat/Desktop/Pactoria-MVP/frontend/[39me2e/gap-analysis.spec.ts:312:20[90m)[39m
    at [90m/Users/rezazeraat/Desktop/Pactoria-MVP/frontend/[39me2e/gap-analysis.spec.ts:594:5 {
  [[32mSymbol(step)[39m]: {
    location: {
      file: [32m'/Users/rezazeraat/Desktop/Pactoria-MVP/frontend/e2e/gap-analysis.spec.ts'[39m,
      line: [33m255[39m,
      column: [33m27[39m,
      function: [32m'Object.actions'[39m
    },
    category: [32m'pw:api'[39m,
    title: [32m'Navigate to "/notifications"'[39m,
    apiName: [32m'page.goto'[39m,
    params: { url: [32m'/notifications'[39m, waitUntil: [32m'load'[39m, timeout: [33m30000[39m },
    group: [90mundefined[39m,
    stepId: [32m'pw:api@53'[39m,
    boxedStack: [90mundefined[39m,
    steps: [],
    attachmentIndices: [],
    info: TestStepInfoImpl {
      annotations: [],
      _testInfo: [36m[TestInfoImpl][39m,
      _stepId: [32m'pw:api@53'[39m,
      _title: [32m'Navigate to "/notifications"'[39m,
      _parentStep: [36m[TestStepInfoImpl][39m,
      skip: [36m[Function (anonymous)][39m
    },
    recoverFromStepError: [36m[AsyncFunction: recoverFromStepError][39m,
    complete: [36m[Function: complete][39m,
    endWallTime: [33m1756855014006[39m,
    error: {
      message: [32m'Error: page.goto: Target page, context or browser has been closed'[39m,
      stack: [32m'Error: page.goto: Target page, context or browser has been closed\n'[39m +
        [32m'    at Object.actions (/Users/rezazeraat/Desktop/Pactoria-MVP/frontend/e2e/gap-analysis.spec.ts:255:27)\n'[39m +
        [32m'    at GapAnalyzer.analyzeCriticalUserFlows (/Users/rezazeraat/Desktop/Pactoria-MVP/frontend/e2e/gap-analysis.spec.ts:312:20)\n'[39m +
        [32m'    at /Users/rezazeraat/Desktop/Pactoria-MVP/frontend/e2e/gap-analysis.spec.ts:594:5'[39m,
      cause: [90mundefined[39m
    }
  }
}
Error testing flow Templates Management: page.goto: Target page, context or browser has been closed
    at Object.actions [90m(/Users/rezazeraat/Desktop/Pactoria-MVP/frontend/[39me2e/gap-analysis.spec.ts:268:27[90m)[39m
    at GapAnalyzer.analyzeCriticalUserFlows [90m(/Users/rezazeraat/Desktop/Pactoria-MVP/frontend/[39me2e/gap-analysis.spec.ts:312:20[90m)[39m
    at [90m/Users/rezazeraat/Desktop/Pactoria-MVP/frontend/[39me2e/gap-analysis.spec.ts:594:5 {
  [[32mSymbol(step)[39m]: {
    location: {
      file: [32m'/Users/rezazeraat/Desktop/Pactoria-MVP/frontend/e2e/gap-analysis.spec.ts'[39m,
      line: [33m268[39m,
      column: [33m27[39m,
      function: [32m'Object.actions'[39m
    },
    category: [32m'pw:api'[39m,
    title: [32m'Navigate to "/templates"'[39m,
    apiName: [32m'page.goto'[39m,
    params: { url: [32m'/templates'[39m, waitUntil: [32m'load'[39m, timeout: [33m30000[39m },
    group: [90mundefined[39m,
    stepId: [32m'pw:api@54'[39m,
    boxedStack: [90mundefined[39m,
    steps: [],
    attachmentIndices: [],
    info: TestStepInfoImpl {
      annotations: [],
      _testInfo: [36m[TestInfoImpl][39m,
      _stepId: [32m'pw:api@54'[39m,
      _title: [32m'Navigate to "/templates"'[39m,
      _parentStep: [36m[TestStepInfoImpl][39m,
      skip: [36m[Function (anonymous)][39m
    },
    recoverFromStepError: [36m[AsyncFunction: recoverFromStepError][39m,
    complete: [36m[Function: complete][39m,
    endWallTime: [33m1756855014007[39m,
    error: {
      message: [32m'Error: page.goto: Target page, context or browser has been closed'[39m,
      stack: [32m'Error: page.goto: Target page, context or browser has been closed\n'[39m +
        [32m'    at Object.actions (/Users/rezazeraat/Desktop/Pactoria-MVP/frontend/e2e/gap-analysis.spec.ts:268:27)\n'[39m +
        [32m'    at GapAnalyzer.analyzeCriticalUserFlows (/Users/rezazeraat/Desktop/Pactoria-MVP/frontend/e2e/gap-analysis.spec.ts:312:20)\n'[39m +
        [32m'    at /Users/rezazeraat/Desktop/Pactoria-MVP/frontend/e2e/gap-analysis.spec.ts:594:5'[39m,
      cause: [90mundefined[39m
    }
  }
}
Error testing flow Integrations: page.goto: Target page, context or browser has been closed
    at Object.actions [90m(/Users/rezazeraat/Desktop/Pactoria-MVP/frontend/[39me2e/gap-analysis.spec.ts:281:27[90m)[39m
    at GapAnalyzer.analyzeCriticalUserFlows [90m(/Users/rezazeraat/Desktop/Pactoria-MVP/frontend/[39me2e/gap-analysis.spec.ts:312:20[90m)[39m
    at [90m/Users/rezazeraat/Desktop/Pactoria-MVP/frontend/[39me2e/gap-analysis.spec.ts:594:5 {
  [[32mSymbol(step)[39m]: {
    location: {
      file: [32m'/Users/rezazeraat/Desktop/Pactoria-MVP/frontend/e2e/gap-analysis.spec.ts'[39m,
      line: [33m281[39m,
      column: [33m27[39m,
      function: [32m'Object.actions'[39m
    },
    category: [32m'pw:api'[39m,
    title: [32m'Navigate to "/integrations"'[39m,
    apiName: [32m'page.goto'[39m,
    params: { url: [32m'/integrations'[39m, waitUntil: [32m'load'[39m, timeout: [33m30000[39m },
    group: [90mundefined[39m,
    stepId: [32m'pw:api@55'[39m,
    boxedStack: [90mundefined[39m,
    steps: [],
    attachmentIndices: [],
    info: TestStepInfoImpl {
      annotations: [],
      _testInfo: [36m[TestInfoImpl][39m,
      _stepId: [32m'pw:api@55'[39m,
      _title: [32m'Navigate to "/integrations"'[39m,
      _parentStep: [36m[TestStepInfoImpl][39m,
      skip: [36m[Function (anonymous)][39m
    },
    recoverFromStepError: [36m[AsyncFunction: recoverFromStepError][39m,
    complete: [36m[Function: complete][39m,
    endWallTime: [33m1756855014008[39m,
    error: {
      message: [32m'Error: page.goto: Target page, context or browser has been closed'[39m,
      stack: [32m'Error: page.goto: Target page, context or browser has been closed\n'[39m +
        [32m'    at Object.actions (/Users/rezazeraat/Desktop/Pactoria-MVP/frontend/e2e/gap-analysis.spec.ts:281:27)\n'[39m +
        [32m'    at GapAnalyzer.analyzeCriticalUserFlows (/Users/rezazeraat/Desktop/Pactoria-MVP/frontend/e2e/gap-analysis.spec.ts:312:20)\n'[39m +
        [32m'    at /Users/rezazeraat/Desktop/Pactoria-MVP/frontend/e2e/gap-analysis.spec.ts:594:5'[39m,
      cause: [90mundefined[39m
    }
  }
}
Error testing flow Audit Trail: page.goto: Target page, context or browser has been closed
    at Object.actions [90m(/Users/rezazeraat/Desktop/Pactoria-MVP/frontend/[39me2e/gap-analysis.spec.ts:294:27[90m)[39m
    at GapAnalyzer.analyzeCriticalUserFlows [90m(/Users/rezazeraat/Desktop/Pactoria-MVP/frontend/[39me2e/gap-analysis.spec.ts:312:20[90m)[39m
    at [90m/Users/rezazeraat/Desktop/Pactoria-MVP/frontend/[39me2e/gap-analysis.spec.ts:594:5 {
  [[32mSymbol(step)[39m]: {
    location: {
      file: [32m'/Users/rezazeraat/Desktop/Pactoria-MVP/frontend/e2e/gap-analysis.spec.ts'[39m,
      line: [33m294[39m,
      column: [33m27[39m,
      function: [32m'Object.actions'[39m
    },
    category: [32m'pw:api'[39m,
    title: [32m'Navigate to "/audit"'[39m,
    apiName: [32m'page.goto'[39m,
    params: { url: [32m'/audit'[39m, waitUntil: [32m'load'[39m, timeout: [33m30000[39m },
    group: [90mundefined[39m,
    stepId: [32m'pw:api@56'[39m,
    boxedStack: [90mundefined[39m,
    steps: [],
    attachmentIndices: [],
    info: TestStepInfoImpl {
      annotations: [],
      _testInfo: [36m[TestInfoImpl][39m,
      _stepId: [32m'pw:api@56'[39m,
      _title: [32m'Navigate to "/audit"'[39m,
      _parentStep: [36m[TestStepInfoImpl][39m,
      skip: [36m[Function (anonymous)][39m
    },
    recoverFromStepError: [36m[AsyncFunction: recoverFromStepError][39m,
    complete: [36m[Function: complete][39m,
    endWallTime: [33m1756855014008[39m,
    error: {
      message: [32m'Error: page.goto: Target page, context or browser has been closed'[39m,
      stack: [32m'Error: page.goto: Target page, context or browser has been closed\n'[39m +
        [32m'    at Object.actions (/Users/rezazeraat/Desktop/Pactoria-MVP/frontend/e2e/gap-analysis.spec.ts:294:27)\n'[39m +
        [32m'    at GapAnalyzer.analyzeCriticalUserFlows (/Users/rezazeraat/Desktop/Pactoria-MVP/frontend/e2e/gap-analysis.spec.ts:312:20)\n'[39m +
        [32m'    at /Users/rezazeraat/Desktop/Pactoria-MVP/frontend/e2e/gap-analysis.spec.ts:594:5'[39m,
      cause: [90mundefined[39m
    }
  }
}

❌ PRODUCTION BLOCKERS FOUND - This application is NOT ready for production
]]>
</system-err>
</testcase>
</testsuite>
</testsuites>